Error: missing newline in C:\Users\user\Documents\VuGen\Scripts\for performance testing\UC03\login.dat	[MsgId: MERR-13874]
Start auto log messages stack - Iteration 1.	[MsgId: MMSG-10545]
Action.c(248): web_add_auto_header("sec-ch-ua-platform") was successful  	[MsgId: MMSG-26392]
Action.c(252): Notify: Transaction "UC03_TR02_Run_test" started.	[MsgId: MMSG-16999]
Action.c(255): web_url("label") started  	[MsgId: MMSG-26355]
Action.c(255): web_url("label") was successful, 48 body bytes, 467 header bytes, 11 chunking overhead bytes  	[MsgId: MMSG-26385]
Action.c(406): web_url("label") started  	[MsgId: MMSG-26355]
Action.c(406): web_url("label") was successful, 48 body bytes, 467 header bytes, 11 chunking overhead bytes  	[MsgId: MMSG-26385]
Action.c(416): web_reg_save_param started  	[MsgId: MMSG-26355]
Action.c(416): Registering web_reg_save_param was successful  	[MsgId: MMSG-26390]
Action.c(421): web_url("project") started  	[MsgId: MMSG-26355]
Action.c(421): Error -26377: No match found for the requested parameter "id_test". Either the specified boundaries were not found in the response or the matched text is longer than current max html parameter size of 2048 bytes. The total length of the response is 5576 bytes. You can use "web_set_max_html_param_len" to increase the max parameter size.  	[MsgId: MERR-26377]
End auto log messages stack.	[MsgId: MMSG-10544]


Start auto log messages stack - Iteration 8.	[MsgId: MMSG-10545]
Action.c(245): web_add_auto_header("sec-ch-ua-mobile") was successful  	[MsgId: MMSG-26392]
Action.c(248): web_add_auto_header("sec-ch-ua-platform") started  	[MsgId: MMSG-26355]
Action.c(248): web_add_auto_header("sec-ch-ua-platform") was successful  	[MsgId: MMSG-26392]
Action.c(252): Notify: Transaction "UC03_TR02_Run_test" started.	[MsgId: MMSG-16999]
Action.c(255): web_url("label") started  	[MsgId: MMSG-26355]
Action.c(255): web_url("label") was successful, 48 body bytes, 467 header bytes, 11 chunking overhead bytes  	[MsgId: MMSG-26385]
Action.c(271): web_reg_save_param started  	[MsgId: MMSG-26355]
Action.c(271): Registering web_reg_save_param was successful  	[MsgId: MMSG-26390]
Action.c(276): web_url("project") started  	[MsgId: MMSG-26355]
Action.c(276): Error -26377: No match found for the requested parameter "id_test". Either the specified boundaries were not found in the response or the matched text is longer than current max html parameter size of 2048 bytes. The total length of the response is 5860 bytes. You can use "web_set_max_html_param_len" to increase the max parameter size.  	[MsgId: MERR-26377]
End auto log messages stack.	[MsgId: MMSG-10544]


Start auto log messages stack - Iteration 5.	[MsgId: MMSG-10545]
Action.c(248): web_add_auto_header("sec-ch-ua-platform") was successful  	[MsgId: MMSG-26392]
Action.c(252): Notify: Transaction "UC03_TR02_Run_test" started.	[MsgId: MMSG-16999]
Action.c(255): web_url("label") started  	[MsgId: MMSG-26355]
Action.c(255): web_url("label") was successful, 48 body bytes, 467 header bytes, 11 chunking overhead bytes  	[MsgId: MMSG-26385]
Action.c(406): web_url("label") started  	[MsgId: MMSG-26355]
Action.c(406): web_url("label") was successful, 48 body bytes, 467 header bytes, 11 chunking overhead bytes  	[MsgId: MMSG-26385]
Action.c(416): web_reg_save_param started  	[MsgId: MMSG-26355]
Action.c(416): Registering web_reg_save_param was successful  	[MsgId: MMSG-26390]
Action.c(421): web_url("project") started  	[MsgId: MMSG-26355]
Action.c(421): Error -26377: No match found for the requested parameter "id_test". Either the specified boundaries were not found in the response or the matched text is longer than current max html parameter size of 2048 bytes. The total length of the response is 5286 bytes. You can use "web_set_max_html_param_len" to increase the max parameter size.  	[MsgId: MERR-26377]
End auto log messages stack.	[MsgId: MMSG-10544]


