Start auto log messages stack - Iteration 5.	[MsgId: MMSG-10545]
Action.c(245): web_add_auto_header("sec-ch-ua-mobile") was successful  	[MsgId: MMSG-26392]
Action.c(248): web_add_auto_header("sec-ch-ua-platform") started  	[MsgId: MMSG-26355]
Action.c(248): web_add_auto_header("sec-ch-ua-platform") was successful  	[MsgId: MMSG-26392]
Action.c(252): Notify: Transaction "UC03_TR02_Run_test" started.	[MsgId: MMSG-16999]
Action.c(255): web_url("label") started  	[MsgId: MMSG-26355]
Action.c(255): web_url("label") was successful, 48 body bytes, 467 header bytes, 11 chunking overhead bytes  	[MsgId: MMSG-26385]
Action.c(271): web_reg_save_param started  	[MsgId: MMSG-26355]
Action.c(271): Registering web_reg_save_param was successful  	[MsgId: MMSG-26390]
Action.c(276): web_url("project") started  	[MsgId: MMSG-26355]
Action.c(276): Continuing after Error -27721: Step download timeout (120 seconds) has expired when downloading resource "https://dev-boomq.pflb.ru/project-srv/project?sort=lastModified,desc&page=0&size=10000"  	[MsgId: MERR-27721]
End auto log messages stack.	[MsgId: MMSG-10544]


Start auto log messages stack - Iteration 5.	[MsgId: MMSG-10545]
Action.c(276): Aborting pending download of URL="https://dev-boomq.pflb.ru/project-srv/project?sort=lastModified,desc&page=0&size=10000" (RelFrameId=1, Internal ID=157)  	[MsgId: MMSG-27649]
Action.c(276): Continuing after Error -26377: No match found for the requested parameter "id_test". Either the specified boundaries were not found in the response or the matched text is longer than current max html parameter size of 2048 bytes. The total length of the response is 0 bytes. You can use "web_set_max_html_param_len" to increase the max parameter size.  	[MsgId: MERR-26377]
Action.c(276): Continuing after Error -26374: The above "not found" error(s) may be explained by header and body byte counts being 0 and 0, respectively.  	[MsgId: MERR-26374]
End auto log messages stack.	[MsgId: MMSG-10544]


Start auto log messages stack - Iteration 1.	[MsgId: MMSG-10545]
Action.c(121): web_set_user started  	[MsgId: MMSG-26355]
Action.c(121): web_set_user was successful  	[MsgId: MMSG-26392]
Action.c(125): web_reg_save_param started  	[MsgId: MMSG-26355]
Action.c(125): Registering web_reg_save_param was successful  	[MsgId: MMSG-26390]
Action.c(131): web_url("user") started  	[MsgId: MMSG-26355]
Action.c(131): Downloading resource "https://dev-boomq.pflb.ru/static/media/en.b1acfc6b06bfe6e29bfbfc06d09d8177.svg" (specified by argument number 10)  	[MsgId: MMSG-26577]
Action.c(131): web_url("user") was successful, 4212 body bytes, 811 header bytes, 11 chunking overhead bytes  	[MsgId: MMSG-26385]
Action.c(143): web_url("modelSchema") started  	[MsgId: MMSG-26355]
Action.c(143): Continuing after Error -27721: Step download timeout (120 seconds) has expired when downloading resource "https://dev-boomq.pflb.ru/project-srv/modelSchema"  	[MsgId: MERR-27721]
End auto log messages stack.	[MsgId: MMSG-10544]


Start auto log messages stack - Iteration 5.	[MsgId: MMSG-10545]
Action.c(276): web_url("project") highest severity level was "continue on error", 0 body bytes, 0 header bytes  	[MsgId: MMSG-26388]
Action.c(276): Continuing after error in Vuser script.	[MsgId: MMSG-10678]
Action.c(293): web_reg_save_param started  	[MsgId: MMSG-26355]
Action.c(293): Registering web_reg_save_param was successful  	[MsgId: MMSG-26390]
Action.c(298): web_url("{id_test}") started  	[MsgId: MMSG-26355]
Action.c(298): Continuing after Error -27721: Step download timeout (120 seconds) has expired when downloading resource "https://dev-boomq.pflb.ru/project-srv/project/"  	[MsgId: MERR-27721]
End auto log messages stack.	[MsgId: MMSG-10544]


Start auto log messages stack - Iteration 5.	[MsgId: MMSG-10545]
Action.c(298): Aborting pending download of URL="https://dev-boomq.pflb.ru/project-srv/project/" (RelFrameId=1, Internal ID=158)  	[MsgId: MMSG-27649]
Action.c(298): Continuing after Error -26377: No match found for the requested parameter "id_version". Either the specified boundaries were not found in the response or the matched text is longer than current max html parameter size of 2048 bytes. The total length of the response is 0 bytes. You can use "web_set_max_html_param_len" to increase the max parameter size.  	[MsgId: MERR-26377]
Action.c(298): Continuing after Error -26374: The above "not found" error(s) may be explained by header and body byte counts being 0 and 0, respectively.  	[MsgId: MERR-26374]
End auto log messages stack.	[MsgId: MMSG-10544]


Start auto log messages stack - Iteration 1.	[MsgId: MMSG-10545]
Action.c(239): web_add_auto_header("Sec-Fetch-Site") was successful  	[MsgId: MMSG-26392]
Action.c(242): web_add_auto_header("sec-ch-ua") started  	[MsgId: MMSG-26355]
Action.c(242): web_add_auto_header("sec-ch-ua") was successful  	[MsgId: MMSG-26392]
Action.c(245): web_add_auto_header("sec-ch-ua-mobile") started  	[MsgId: MMSG-26355]
Action.c(245): web_add_auto_header("sec-ch-ua-mobile") was successful  	[MsgId: MMSG-26392]
Action.c(248): web_add_auto_header("sec-ch-ua-platform") started  	[MsgId: MMSG-26355]
Action.c(248): web_add_auto_header("sec-ch-ua-platform") was successful  	[MsgId: MMSG-26392]
Action.c(252): Notify: Transaction "UC03_TR02_Run_test" started.	[MsgId: MMSG-16999]
Action.c(255): web_url("label") started  	[MsgId: MMSG-26355]
Action.c(255): Continuing after Error -27721: Step download timeout (120 seconds) has expired when downloading resource "https://dev-boomq.pflb.ru/project-srv/project/label?query="  	[MsgId: MERR-27721]
End auto log messages stack.	[MsgId: MMSG-10544]


Start auto log messages stack - Iteration 1.	[MsgId: MMSG-10545]
Action.c(121): web_set_user started  	[MsgId: MMSG-26355]
Action.c(121): web_set_user was successful  	[MsgId: MMSG-26392]
Action.c(125): web_reg_save_param started  	[MsgId: MMSG-26355]
Action.c(125): Registering web_reg_save_param was successful  	[MsgId: MMSG-26390]
Action.c(131): web_url("user") started  	[MsgId: MMSG-26355]
Action.c(131): Downloading resource "https://dev-boomq.pflb.ru/static/media/en.b1acfc6b06bfe6e29bfbfc06d09d8177.svg" (specified by argument number 10)  	[MsgId: MMSG-26577]
Action.c(131): web_url("user") was successful, 4212 body bytes, 811 header bytes, 11 chunking overhead bytes  	[MsgId: MMSG-26385]
Action.c(143): web_url("modelSchema") started  	[MsgId: MMSG-26355]
Action.c(143): Continuing after Error -27721: Step download timeout (120 seconds) has expired when downloading resource "https://dev-boomq.pflb.ru/project-srv/modelSchema"  	[MsgId: MERR-27721]
End auto log messages stack.	[MsgId: MMSG-10544]


Start auto log messages stack - Iteration 5.	[MsgId: MMSG-10545]
Action.c(298): web_url("{id_test}") highest severity level was "continue on error", 0 body bytes, 0 header bytes  	[MsgId: MMSG-26388]
Action.c(298): Continuing after error in Vuser script.	[MsgId: MMSG-10678]
Action.c(310): web_url("{id_version}") started  	[MsgId: MMSG-26355]
Action.c(310): Continuing after Error -27721: Step download timeout (120 seconds) has expired when downloading resource "https://dev-boomq.pflb.ru/project-srv/project//version/"  	[MsgId: MERR-27721]
End auto log messages stack.	[MsgId: MMSG-10544]


