Start auto log messages stack - Iteration 1.	[MsgId: MMSG-10545]
Action.c(192): web_url("project") was successful, 651532 body bytes, 467 header bytes, 692 chunking overhead bytes  	[MsgId: MMSG-26385]
Action.c(202): web_url("label") started  	[MsgId: MMSG-26355]
Action.c(202): web_url("label") was successful, 2 body bytes, 467 header bytes, 10 chunking overhead bytes  	[MsgId: MMSG-26385]
Action.c(212): web_url("user_2") started  	[MsgId: MMSG-26355]
Action.c(212): web_url("user_2") was successful, 2113 body bytes, 467 header bytes, 12 chunking overhead bytes  	[MsgId: MMSG-26385]
Action.c(222): web_url("test") started  	[MsgId: MMSG-26355]
Action.c(222): web_url("test") was successful, 317 body bytes, 467 header bytes, 12 chunking overhead bytes  	[MsgId: MMSG-26385]
Action.c(233): Error: Failed to end Transaction "UC06_TR01_start" (by name). Please check that you made a call to start transaction operation.	[MsgId: MERR-16985]
End auto log messages stack.	[MsgId: MMSG-10544]


Start auto log messages stack - Iteration 1.	[MsgId: MMSG-10545]
Action.c(235): Notify: Transaction "UC06_TR02_cancel_running_test" started.	[MsgId: MMSG-16999]
Action.c(237): web_reg_save_param_json started  	[MsgId: MMSG-26355]
Action.c(237): Registering web_reg_save_param_json was successful  	[MsgId: MMSG-26390]
Action.c(244): web_url("test_2") started  	[MsgId: MMSG-26355]
Action.c(244): Continuing after Error -35060: No matches were found for the specified query: "$.content[?(@.state=='RUNNING')].id"  	[MsgId: MERR-35060]
End auto log messages stack.	[MsgId: MMSG-10544]


Start auto log messages stack - Iteration 1.	[MsgId: MMSG-10545]
Action.c(244): web_url("test_2") highest severity level was "continue on error", 51073 body bytes, 467 header bytes, 68 chunking overhead bytes  	[MsgId: MMSG-26387]
Action.c(244): Continuing after error in Vuser script.	[MsgId: MMSG-10678]
Action.c(254): Error (-17994): Invalid arguments for lr_save_string function	[MsgId: MERR-17994]
End auto log messages stack.	[MsgId: MMSG-10544]


Start auto log messages stack - Iteration 1.	[MsgId: MMSG-10545]
Action.c(256): web_add_header("Origin") started  	[MsgId: MMSG-26355]
Action.c(256): web_add_header("Origin") was successful  	[MsgId: MMSG-26392]
Action.c(261): web_custom_request("stop") started  	[MsgId: MMSG-26355]
Action.c(261): Continuing after Error -26631: HTTP Status-Code=400 (Bad Request) for "https://dev-boomq.pflb.ru/test-srv/test/{test_random}/stop"  	[MsgId: MERR-26631]
End auto log messages stack.	[MsgId: MMSG-10544]


Start auto log messages stack - Iteration 2.	[MsgId: MMSG-10545]
Starting action Action.	[MsgId: MMSG-15919]
Action.c(4): Error: Cannot start transaction "UC06_TR01_login". This Vuser already started a transaction with the same name, and has not yet processed the corresponding lr_end_transaction statement.	[MsgId: MERR-16993]
End auto log messages stack.	[MsgId: MMSG-10544]


Start auto log messages stack - Iteration 2.	[MsgId: MMSG-10545]
Action.c(192): web_url("project") was successful, 653766 body bytes, 467 header bytes, 652 chunking overhead bytes  	[MsgId: MMSG-26385]
Action.c(202): web_url("label") started  	[MsgId: MMSG-26355]
Action.c(202): web_url("label") was successful, 2 body bytes, 467 header bytes, 10 chunking overhead bytes  	[MsgId: MMSG-26385]
Action.c(212): web_url("user_2") started  	[MsgId: MMSG-26355]
Action.c(212): web_url("user_2") was successful, 2113 body bytes, 467 header bytes, 12 chunking overhead bytes  	[MsgId: MMSG-26385]
Action.c(222): web_url("test") started  	[MsgId: MMSG-26355]
Action.c(222): web_url("test") was successful, 2434 body bytes, 467 header bytes, 12 chunking overhead bytes  	[MsgId: MMSG-26385]
Action.c(233): Error: Failed to end Transaction "UC06_TR01_start" (by name). Please check that you made a call to start transaction operation.	[MsgId: MERR-16985]
End auto log messages stack.	[MsgId: MMSG-10544]


Start auto log messages stack - Iteration 3.	[MsgId: MMSG-10545]
Starting action Action.	[MsgId: MMSG-15919]
Action.c(4): Error: Cannot start transaction "UC06_TR01_login". This Vuser already started a transaction with the same name, and has not yet processed the corresponding lr_end_transaction statement.	[MsgId: MERR-16993]
End auto log messages stack.	[MsgId: MMSG-10544]


Start auto log messages stack - Iteration 3.	[MsgId: MMSG-10545]
Action.c(192): web_url("project") was successful, 655999 body bytes, 467 header bytes, 684 chunking overhead bytes  	[MsgId: MMSG-26385]
Action.c(202): web_url("label") started  	[MsgId: MMSG-26355]
Action.c(202): web_url("label") was successful, 2 body bytes, 467 header bytes, 10 chunking overhead bytes  	[MsgId: MMSG-26385]
Action.c(212): web_url("user_2") started  	[MsgId: MMSG-26355]
Action.c(212): web_url("user_2") was successful, 2113 body bytes, 467 header bytes, 12 chunking overhead bytes  	[MsgId: MMSG-26385]
Action.c(222): web_url("test") started  	[MsgId: MMSG-26355]
Action.c(222): web_url("test") was successful, 2434 body bytes, 467 header bytes, 12 chunking overhead bytes  	[MsgId: MMSG-26385]
Action.c(233): Error: Failed to end Transaction "UC06_TR01_start" (by name). Please check that you made a call to start transaction operation.	[MsgId: MERR-16985]
End auto log messages stack.	[MsgId: MMSG-10544]


Start auto log messages stack - Iteration 4.	[MsgId: MMSG-10545]
Starting action Action.	[MsgId: MMSG-15919]
Action.c(4): Error: Cannot start transaction "UC06_TR01_login". This Vuser already started a transaction with the same name, and has not yet processed the corresponding lr_end_transaction statement.	[MsgId: MERR-16993]
End auto log messages stack.	[MsgId: MMSG-10544]


Start auto log messages stack - Iteration 4.	[MsgId: MMSG-10545]
Action.c(172): web_url("teamContext") was successful, 326 body bytes, 3050 header bytes, 12 chunking overhead bytes  	[MsgId: MMSG-26385]
Action.c(181): web_add_auto_header("Authorization") started  	[MsgId: MMSG-26355]
Action.c(181): Warning -26593: The header being added may cause unpredictable results when applied to all ensuing URLs. It is added anyway  	[MsgId: MWAR-26593]
Action.c(181): web_add_auto_header("Authorization") highest severity level was "warning"  	[MsgId: MMSG-26391]
Action.c(182): web_url("testRunner") started  	[MsgId: MMSG-26355]
Action.c(182): web_url("testRunner") was successful, 532 body bytes, 378 header bytes, 12 chunking overhead bytes  	[MsgId: MMSG-26385]
Action.c(192): web_url("project") started  	[MsgId: MMSG-26355]
Action.c(192): Error -27721: Step download timeout (120 seconds) has expired when downloading resource "https://dev-boomq.pflb.ru/project-srv/project?sort=lastModified,desc&size=999"  	[MsgId: MERR-27721]
End auto log messages stack.	[MsgId: MMSG-10544]


Start auto log messages stack - Iteration 1.	[MsgId: MMSG-10545]
Action.c(113): Warning -26593: The header being added may cause unpredictable results when applied to all ensuing URLs. It is added anyway  	[MsgId: MWAR-26593]
Action.c(113): web_add_auto_header("Authorization") highest severity level was "warning"  	[MsgId: MMSG-26391]
Action.c(115): web_url("config.json") started  	[MsgId: MMSG-26355]
Action.c(115): web_url("config.json") was successful, 285 body bytes, 281 header bytes  	[MsgId: MMSG-26386]
Action.c(125): web_url("user") started  	[MsgId: MMSG-26355]
Action.c(125): web_url("user") was successful, 167 body bytes, 532 header bytes, 11 chunking overhead bytes  	[MsgId: MMSG-26385]
Action.c(135): web_url("modelSchema") started  	[MsgId: MMSG-26355]
Action.c(135): Error -27721: Step download timeout (120 seconds) has expired when downloading resource "https://dev-boomq.pflb.ru/project-srv/modelSchema"  	[MsgId: MERR-27721]
End auto log messages stack.	[MsgId: MMSG-10544]


Start auto log messages stack - Iteration 5.	[MsgId: MMSG-10545]
Action.c(113): Warning -26593: The header being added may cause unpredictable results when applied to all ensuing URLs. It is added anyway  	[MsgId: MWAR-26593]
Action.c(113): web_add_auto_header("Authorization") highest severity level was "warning"  	[MsgId: MMSG-26391]
Action.c(115): web_url("config.json") started  	[MsgId: MMSG-26355]
Action.c(115): web_url("config.json") was successful, 285 body bytes, 281 header bytes  	[MsgId: MMSG-26386]
Action.c(125): web_url("user") started  	[MsgId: MMSG-26355]
Action.c(125): web_url("user") was successful, 167 body bytes, 532 header bytes, 11 chunking overhead bytes  	[MsgId: MMSG-26385]
Action.c(135): web_url("modelSchema") started  	[MsgId: MMSG-26355]
Action.c(135): Error -27721: Step download timeout (120 seconds) has expired when downloading resource "https://dev-boomq.pflb.ru/project-srv/modelSchema"  	[MsgId: MERR-27721]
End auto log messages stack.	[MsgId: MMSG-10544]


Start auto log messages stack - Iteration 2.	[MsgId: MMSG-10545]
Action.c(113): Warning -26593: The header being added may cause unpredictable results when applied to all ensuing URLs. It is added anyway  	[MsgId: MWAR-26593]
Action.c(113): web_add_auto_header("Authorization") highest severity level was "warning"  	[MsgId: MMSG-26391]
Action.c(115): web_url("config.json") started  	[MsgId: MMSG-26355]
Action.c(115): web_url("config.json") was successful, 285 body bytes, 281 header bytes  	[MsgId: MMSG-26386]
Action.c(125): web_url("user") started  	[MsgId: MMSG-26355]
Action.c(125): web_url("user") was successful, 167 body bytes, 532 header bytes, 11 chunking overhead bytes  	[MsgId: MMSG-26385]
Action.c(135): web_url("modelSchema") started  	[MsgId: MMSG-26355]
Action.c(135): Error -27721: Step download timeout (120 seconds) has expired when downloading resource "https://dev-boomq.pflb.ru/project-srv/modelSchema"  	[MsgId: MERR-27721]
End auto log messages stack.	[MsgId: MMSG-10544]


Start auto log messages stack - Iteration 1.	[MsgId: MMSG-10545]
Action.c(113): Warning -26593: The header being added may cause unpredictable results when applied to all ensuing URLs. It is added anyway  	[MsgId: MWAR-26593]
Action.c(113): web_add_auto_header("Authorization") highest severity level was "warning"  	[MsgId: MMSG-26391]
Action.c(115): web_url("config.json") started  	[MsgId: MMSG-26355]
Action.c(115): web_url("config.json") was successful, 285 body bytes, 281 header bytes  	[MsgId: MMSG-26386]
Action.c(125): web_url("user") started  	[MsgId: MMSG-26355]
Action.c(125): web_url("user") was successful, 167 body bytes, 532 header bytes, 11 chunking overhead bytes  	[MsgId: MMSG-26385]
Action.c(135): web_url("modelSchema") started  	[MsgId: MMSG-26355]
Action.c(135): Error -27721: Step download timeout (120 seconds) has expired when downloading resource "https://dev-boomq.pflb.ru/project-srv/modelSchema"  	[MsgId: MERR-27721]
End auto log messages stack.	[MsgId: MMSG-10544]


Start auto log messages stack - Iteration 6.	[MsgId: MMSG-10545]
Action.c(113): Warning -26593: The header being added may cause unpredictable results when applied to all ensuing URLs. It is added anyway  	[MsgId: MWAR-26593]
Action.c(113): web_add_auto_header("Authorization") highest severity level was "warning"  	[MsgId: MMSG-26391]
Action.c(115): web_url("config.json") started  	[MsgId: MMSG-26355]
Action.c(115): web_url("config.json") was successful, 285 body bytes, 281 header bytes  	[MsgId: MMSG-26386]
Action.c(125): web_url("user") started  	[MsgId: MMSG-26355]
Action.c(125): web_url("user") was successful, 167 body bytes, 532 header bytes, 11 chunking overhead bytes  	[MsgId: MMSG-26385]
Action.c(135): web_url("modelSchema") started  	[MsgId: MMSG-26355]
Action.c(135): Error -27721: Step download timeout (120 seconds) has expired when downloading resource "https://dev-boomq.pflb.ru/project-srv/modelSchema"  	[MsgId: MERR-27721]
End auto log messages stack.	[MsgId: MMSG-10544]


