Start auto log messages stack - Iteration 1.	[MsgId: MMSG-10545]
Action.c(113): Warning -26593: The header being added may cause unpredictable results when applied to all ensuing URLs. It is added anyway  	[MsgId: MWAR-26593]
Action.c(113): web_add_auto_header("Authorization") highest severity level was "warning"  	[MsgId: MMSG-26391]
Action.c(115): web_url("config.json") started  	[MsgId: MMSG-26355]
Action.c(115): web_url("config.json") was successful, 285 body bytes, 281 header bytes  	[MsgId: MMSG-26386]
Action.c(125): web_url("user") started  	[MsgId: MMSG-26355]
Action.c(125): web_url("user") was successful, 167 body bytes, 532 header bytes, 11 chunking overhead bytes  	[MsgId: MMSG-26385]
Action.c(135): web_url("modelSchema") started  	[MsgId: MMSG-26355]
Action.c(135): Error -27721: Step download timeout (120 seconds) has expired when downloading resource "https://dev-boomq.pflb.ru/project-srv/modelSchema"  	[MsgId: MERR-27721]
End auto log messages stack.	[MsgId: MMSG-10544]


Start auto log messages stack - Iteration 2.	[MsgId: MMSG-10545]
Action.c(113): Warning -26593: The header being added may cause unpredictable results when applied to all ensuing URLs. It is added anyway  	[MsgId: MWAR-26593]
Action.c(113): web_add_auto_header("Authorization") highest severity level was "warning"  	[MsgId: MMSG-26391]
Action.c(115): web_url("config.json") started  	[MsgId: MMSG-26355]
Action.c(115): web_url("config.json") was successful, 285 body bytes, 281 header bytes  	[MsgId: MMSG-26386]
Action.c(125): web_url("user") started  	[MsgId: MMSG-26355]
Action.c(125): web_url("user") was successful, 167 body bytes, 532 header bytes, 11 chunking overhead bytes  	[MsgId: MMSG-26385]
Action.c(135): web_url("modelSchema") started  	[MsgId: MMSG-26355]
Action.c(135): Error -27721: Step download timeout (120 seconds) has expired when downloading resource "https://dev-boomq.pflb.ru/project-srv/modelSchema"  	[MsgId: MERR-27721]
End auto log messages stack.	[MsgId: MMSG-10544]


Start auto log messages stack - Iteration 1.	[MsgId: MMSG-10545]
Action.c(113): Warning -26593: The header being added may cause unpredictable results when applied to all ensuing URLs. It is added anyway  	[MsgId: MWAR-26593]
Action.c(113): web_add_auto_header("Authorization") highest severity level was "warning"  	[MsgId: MMSG-26391]
Action.c(115): web_url("config.json") started  	[MsgId: MMSG-26355]
Action.c(115): web_url("config.json") was successful, 285 body bytes, 281 header bytes  	[MsgId: MMSG-26386]
Action.c(125): web_url("user") started  	[MsgId: MMSG-26355]
Action.c(125): web_url("user") was successful, 167 body bytes, 532 header bytes, 11 chunking overhead bytes  	[MsgId: MMSG-26385]
Action.c(135): web_url("modelSchema") started  	[MsgId: MMSG-26355]
Action.c(135): Error -27721: Step download timeout (120 seconds) has expired when downloading resource "https://dev-boomq.pflb.ru/project-srv/modelSchema"  	[MsgId: MERR-27721]
End auto log messages stack.	[MsgId: MMSG-10544]


Start auto log messages stack - Iteration 3.	[MsgId: MMSG-10545]
Action.c(113): Warning -26593: The header being added may cause unpredictable results when applied to all ensuing URLs. It is added anyway  	[MsgId: MWAR-26593]
Action.c(113): web_add_auto_header("Authorization") highest severity level was "warning"  	[MsgId: MMSG-26391]
Action.c(115): web_url("config.json") started  	[MsgId: MMSG-26355]
Action.c(115): web_url("config.json") was successful, 285 body bytes, 281 header bytes  	[MsgId: MMSG-26386]
Action.c(125): web_url("user") started  	[MsgId: MMSG-26355]
Action.c(125): web_url("user") was successful, 167 body bytes, 532 header bytes, 11 chunking overhead bytes  	[MsgId: MMSG-26385]
Action.c(135): web_url("modelSchema") started  	[MsgId: MMSG-26355]
Action.c(135): Error -27721: Step download timeout (120 seconds) has expired when downloading resource "https://dev-boomq.pflb.ru/project-srv/modelSchema"  	[MsgId: MERR-27721]
End auto log messages stack.	[MsgId: MMSG-10544]


Start auto log messages stack - Iteration 2.	[MsgId: MMSG-10545]
Action.c(113): Warning -26593: The header being added may cause unpredictable results when applied to all ensuing URLs. It is added anyway  	[MsgId: MWAR-26593]
Action.c(113): web_add_auto_header("Authorization") highest severity level was "warning"  	[MsgId: MMSG-26391]
Action.c(115): web_url("config.json") started  	[MsgId: MMSG-26355]
Action.c(115): web_url("config.json") was successful, 285 body bytes, 281 header bytes  	[MsgId: MMSG-26386]
Action.c(125): web_url("user") started  	[MsgId: MMSG-26355]
Action.c(125): web_url("user") was successful, 167 body bytes, 532 header bytes, 11 chunking overhead bytes  	[MsgId: MMSG-26385]
Action.c(135): web_url("modelSchema") started  	[MsgId: MMSG-26355]
Action.c(135): Error -27721: Step download timeout (120 seconds) has expired when downloading resource "https://dev-boomq.pflb.ru/project-srv/modelSchema"  	[MsgId: MERR-27721]
End auto log messages stack.	[MsgId: MMSG-10544]


Start auto log messages stack - Iteration 1.	[MsgId: MMSG-10545]
Action.c(113): Warning -26593: The header being added may cause unpredictable results when applied to all ensuing URLs. It is added anyway  	[MsgId: MWAR-26593]
Action.c(113): web_add_auto_header("Authorization") highest severity level was "warning"  	[MsgId: MMSG-26391]
Action.c(115): web_url("config.json") started  	[MsgId: MMSG-26355]
Action.c(115): web_url("config.json") was successful, 285 body bytes, 281 header bytes  	[MsgId: MMSG-26386]
Action.c(125): web_url("user") started  	[MsgId: MMSG-26355]
Action.c(125): web_url("user") was successful, 167 body bytes, 532 header bytes, 11 chunking overhead bytes  	[MsgId: MMSG-26385]
Action.c(135): web_url("modelSchema") started  	[MsgId: MMSG-26355]
Action.c(135): Error -27721: Step download timeout (120 seconds) has expired when downloading resource "https://dev-boomq.pflb.ru/project-srv/modelSchema"  	[MsgId: MERR-27721]
End auto log messages stack.	[MsgId: MMSG-10544]


Start auto log messages stack - Iteration 4.	[MsgId: MMSG-10545]
Action.c(113): web_add_auto_header("Authorization") highest severity level was "warning"  	[MsgId: MMSG-26391]
Action.c(115): web_url("config.json") started  	[MsgId: MMSG-26355]
Action.c(115): web_url("config.json") was successful, 285 body bytes, 281 header bytes  	[MsgId: MMSG-26386]
Action.c(125): web_url("user") started  	[MsgId: MMSG-26355]
Action.c(125): web_url("user") was successful, 167 body bytes, 532 header bytes, 11 chunking overhead bytes  	[MsgId: MMSG-26385]
Action.c(135): web_url("modelSchema") started  	[MsgId: MMSG-26355]
Action.c(135): Downloading resource "https://dev-boomq.pflb.ru/static/media/en.b1acfc6b06bfe6e29bfbfc06d09d8177.svg" (specified by argument number 10)  	[MsgId: MMSG-26577]
Action.c(135): Error -26610: HTTP Status-Code=502 (Bad Gateway) for "https://dev-boomq.pflb.ru/project-srv/modelSchema"  	[MsgId: MERR-26610]
End auto log messages stack.	[MsgId: MMSG-10544]


Start auto log messages stack - Iteration 3.	[MsgId: MMSG-10545]
Action.c(113): web_add_auto_header("Authorization") highest severity level was "warning"  	[MsgId: MMSG-26391]
Action.c(115): web_url("config.json") started  	[MsgId: MMSG-26355]
Action.c(115): web_url("config.json") was successful, 285 body bytes, 281 header bytes  	[MsgId: MMSG-26386]
Action.c(125): web_url("user") started  	[MsgId: MMSG-26355]
Action.c(125): web_url("user") was successful, 167 body bytes, 532 header bytes, 11 chunking overhead bytes  	[MsgId: MMSG-26385]
Action.c(135): web_url("modelSchema") started  	[MsgId: MMSG-26355]
Action.c(135): Downloading resource "https://dev-boomq.pflb.ru/static/media/en.b1acfc6b06bfe6e29bfbfc06d09d8177.svg" (specified by argument number 10)  	[MsgId: MMSG-26577]
Action.c(135): Error -26610: HTTP Status-Code=502 (Bad Gateway) for "https://dev-boomq.pflb.ru/project-srv/modelSchema"  	[MsgId: MERR-26610]
End auto log messages stack.	[MsgId: MMSG-10544]


