Start auto log messages stack - Iteration 1.	[MsgId: MMSG-10545]
Action.c(192): web_url("project") was successful, 658786 body bytes, 467 header bytes, 447 chunking overhead bytes  	[MsgId: MMSG-26385]
Action.c(202): web_url("label") started  	[MsgId: MMSG-26355]
Action.c(202): web_url("label") was successful, 2 body bytes, 467 header bytes, 10 chunking overhead bytes  	[MsgId: MMSG-26385]
Action.c(212): web_url("user_2") started  	[MsgId: MMSG-26355]
Action.c(212): web_url("user_2") was successful, 2113 body bytes, 467 header bytes, 12 chunking overhead bytes  	[MsgId: MMSG-26385]
Action.c(222): web_url("test") started  	[MsgId: MMSG-26355]
Action.c(222): web_url("test") was successful, 1376 body bytes, 467 header bytes, 12 chunking overhead bytes  	[MsgId: MMSG-26385]
Action.c(233): Error: Failed to end Transaction "UC06_TR01_start" (by name). Please check that you made a call to start transaction operation.	[MsgId: MERR-16985]
End auto log messages stack.	[MsgId: MMSG-10544]


Start auto log messages stack - Iteration 2.	[MsgId: MMSG-10545]
Starting action Action.	[MsgId: MMSG-15919]
Action.c(4): Error: Cannot start transaction "UC06_TR01_login". This Vuser already started a transaction with the same name, and has not yet processed the corresponding lr_end_transaction statement.	[MsgId: MERR-16993]
End auto log messages stack.	[MsgId: MMSG-10544]


Start auto log messages stack - Iteration 2.	[MsgId: MMSG-10545]
Action.c(192): web_url("project") was successful, 661307 body bytes, 467 header bytes, 660 chunking overhead bytes  	[MsgId: MMSG-26385]
Action.c(202): web_url("label") started  	[MsgId: MMSG-26355]
Action.c(202): web_url("label") was successful, 2 body bytes, 467 header bytes, 10 chunking overhead bytes  	[MsgId: MMSG-26385]
Action.c(212): web_url("user_2") started  	[MsgId: MMSG-26355]
Action.c(212): web_url("user_2") was successful, 2113 body bytes, 467 header bytes, 12 chunking overhead bytes  	[MsgId: MMSG-26385]
Action.c(222): web_url("test") started  	[MsgId: MMSG-26355]
Action.c(222): web_url("test") was successful, 2434 body bytes, 467 header bytes, 12 chunking overhead bytes  	[MsgId: MMSG-26385]
Action.c(233): Error: Failed to end Transaction "UC06_TR01_start" (by name). Please check that you made a call to start transaction operation.	[MsgId: MERR-16985]
End auto log messages stack.	[MsgId: MMSG-10544]


Start auto log messages stack - Iteration 3.	[MsgId: MMSG-10545]
Starting action Action.	[MsgId: MMSG-15919]
Action.c(4): Error: Cannot start transaction "UC06_TR01_login". This Vuser already started a transaction with the same name, and has not yet processed the corresponding lr_end_transaction statement.	[MsgId: MERR-16993]
End auto log messages stack.	[MsgId: MMSG-10544]


Start auto log messages stack - Iteration 3.	[MsgId: MMSG-10545]
Action.c(192): web_url("project") was successful, 663541 body bytes, 467 header bytes, 660 chunking overhead bytes  	[MsgId: MMSG-26385]
Action.c(202): web_url("label") started  	[MsgId: MMSG-26355]
Action.c(202): web_url("label") was successful, 2 body bytes, 467 header bytes, 10 chunking overhead bytes  	[MsgId: MMSG-26385]
Action.c(212): web_url("user_2") started  	[MsgId: MMSG-26355]
Action.c(212): web_url("user_2") was successful, 2113 body bytes, 467 header bytes, 12 chunking overhead bytes  	[MsgId: MMSG-26385]
Action.c(222): web_url("test") started  	[MsgId: MMSG-26355]
Action.c(222): web_url("test") was successful, 3493 body bytes, 467 header bytes, 12 chunking overhead bytes  	[MsgId: MMSG-26385]
Action.c(233): Error: Failed to end Transaction "UC06_TR01_start" (by name). Please check that you made a call to start transaction operation.	[MsgId: MERR-16985]
End auto log messages stack.	[MsgId: MMSG-10544]


Start auto log messages stack - Iteration 4.	[MsgId: MMSG-10545]
Starting action Action.	[MsgId: MMSG-15919]
Action.c(4): Error: Cannot start transaction "UC06_TR01_login". This Vuser already started a transaction with the same name, and has not yet processed the corresponding lr_end_transaction statement.	[MsgId: MERR-16993]
End auto log messages stack.	[MsgId: MMSG-10544]


Start auto log messages stack - Iteration 4.	[MsgId: MMSG-10545]
Action.c(192): web_url("project") was successful, 666062 body bytes, 467 header bytes, 660 chunking overhead bytes  	[MsgId: MMSG-26385]
Action.c(202): web_url("label") started  	[MsgId: MMSG-26355]
Action.c(202): web_url("label") was successful, 2 body bytes, 467 header bytes, 10 chunking overhead bytes  	[MsgId: MMSG-26385]
Action.c(212): web_url("user_2") started  	[MsgId: MMSG-26355]
Action.c(212): web_url("user_2") was successful, 2113 body bytes, 467 header bytes, 12 chunking overhead bytes  	[MsgId: MMSG-26385]
Action.c(222): web_url("test") started  	[MsgId: MMSG-26355]
Action.c(222): web_url("test") was successful, 4551 body bytes, 467 header bytes, 19 chunking overhead bytes  	[MsgId: MMSG-26385]
Action.c(233): Error: Failed to end Transaction "UC06_TR01_start" (by name). Please check that you made a call to start transaction operation.	[MsgId: MERR-16985]
End auto log messages stack.	[MsgId: MMSG-10544]


Start auto log messages stack - Iteration 5.	[MsgId: MMSG-10545]
Starting action Action.	[MsgId: MMSG-15919]
Action.c(4): Error: Cannot start transaction "UC06_TR01_login". This Vuser already started a transaction with the same name, and has not yet processed the corresponding lr_end_transaction statement.	[MsgId: MERR-16993]
End auto log messages stack.	[MsgId: MMSG-10544]


Start auto log messages stack - Iteration 5.	[MsgId: MMSG-10545]
Action.c(192): web_url("project") was successful, 668296 body bytes, 467 header bytes, 653 chunking overhead bytes  	[MsgId: MMSG-26385]
Action.c(202): web_url("label") started  	[MsgId: MMSG-26355]
Action.c(202): web_url("label") was successful, 2 body bytes, 467 header bytes, 10 chunking overhead bytes  	[MsgId: MMSG-26385]
Action.c(212): web_url("user_2") started  	[MsgId: MMSG-26355]
Action.c(212): web_url("user_2") was successful, 2113 body bytes, 467 header bytes, 12 chunking overhead bytes  	[MsgId: MMSG-26385]
Action.c(222): web_url("test") started  	[MsgId: MMSG-26355]
Action.c(222): web_url("test") was successful, 5609 body bytes, 467 header bytes, 19 chunking overhead bytes  	[MsgId: MMSG-26385]
Action.c(233): Error: Failed to end Transaction "UC06_TR01_start" (by name). Please check that you made a call to start transaction operation.	[MsgId: MERR-16985]
End auto log messages stack.	[MsgId: MMSG-10544]


Start auto log messages stack - Iteration 6.	[MsgId: MMSG-10545]
Starting action Action.	[MsgId: MMSG-15919]
Action.c(4): Error: Cannot start transaction "UC06_TR01_login". This Vuser already started a transaction with the same name, and has not yet processed the corresponding lr_end_transaction statement.	[MsgId: MERR-16993]
End auto log messages stack.	[MsgId: MMSG-10544]


Start auto log messages stack - Iteration 6.	[MsgId: MMSG-10545]
Action.c(192): web_url("project") was successful, 670817 body bytes, 467 header bytes, 605 chunking overhead bytes  	[MsgId: MMSG-26385]
Action.c(202): web_url("label") started  	[MsgId: MMSG-26355]
Action.c(202): web_url("label") was successful, 2 body bytes, 467 header bytes, 10 chunking overhead bytes  	[MsgId: MMSG-26385]
Action.c(212): web_url("user_2") started  	[MsgId: MMSG-26355]
Action.c(212): web_url("user_2") was successful, 2113 body bytes, 467 header bytes, 12 chunking overhead bytes  	[MsgId: MMSG-26385]
Action.c(222): web_url("test") started  	[MsgId: MMSG-26355]
Action.c(222): web_url("test") was successful, 6667 body bytes, 467 header bytes, 13 chunking overhead bytes  	[MsgId: MMSG-26385]
Action.c(233): Error: Failed to end Transaction "UC06_TR01_start" (by name). Please check that you made a call to start transaction operation.	[MsgId: MERR-16985]
End auto log messages stack.	[MsgId: MMSG-10544]


Start auto log messages stack - Iteration 7.	[MsgId: MMSG-10545]
Starting action Action.	[MsgId: MMSG-15919]
Action.c(4): Error: Cannot start transaction "UC06_TR01_login". This Vuser already started a transaction with the same name, and has not yet processed the corresponding lr_end_transaction statement.	[MsgId: MERR-16993]
End auto log messages stack.	[MsgId: MMSG-10544]


Start auto log messages stack - Iteration 7.	[MsgId: MMSG-10545]
Action.c(192): web_url("project") was successful, 673051 body bytes, 467 header bytes, 558 chunking overhead bytes  	[MsgId: MMSG-26385]
Action.c(202): web_url("label") started  	[MsgId: MMSG-26355]
Action.c(202): web_url("label") was successful, 2 body bytes, 467 header bytes, 10 chunking overhead bytes  	[MsgId: MMSG-26385]
Action.c(212): web_url("user_2") started  	[MsgId: MMSG-26355]
Action.c(212): web_url("user_2") was successful, 2113 body bytes, 467 header bytes, 12 chunking overhead bytes  	[MsgId: MMSG-26385]
Action.c(222): web_url("test") started  	[MsgId: MMSG-26355]
Action.c(222): web_url("test") was successful, 7726 body bytes, 467 header bytes, 19 chunking overhead bytes  	[MsgId: MMSG-26385]
Action.c(233): Error: Failed to end Transaction "UC06_TR01_start" (by name). Please check that you made a call to start transaction operation.	[MsgId: MERR-16985]
End auto log messages stack.	[MsgId: MMSG-10544]


Start auto log messages stack - Iteration 8.	[MsgId: MMSG-10545]
Starting action Action.	[MsgId: MMSG-15919]
Action.c(4): Error: Cannot start transaction "UC06_TR01_login". This Vuser already started a transaction with the same name, and has not yet processed the corresponding lr_end_transaction statement.	[MsgId: MERR-16993]
End auto log messages stack.	[MsgId: MMSG-10544]


Start auto log messages stack - Iteration 8.	[MsgId: MMSG-10545]
Action.c(192): web_url("project") was successful, 675572 body bytes, 467 header bytes, 675 chunking overhead bytes  	[MsgId: MMSG-26385]
Action.c(202): web_url("label") started  	[MsgId: MMSG-26355]
Action.c(202): web_url("label") was successful, 2 body bytes, 467 header bytes, 10 chunking overhead bytes  	[MsgId: MMSG-26385]
Action.c(212): web_url("user_2") started  	[MsgId: MMSG-26355]
Action.c(212): web_url("user_2") was successful, 2113 body bytes, 467 header bytes, 12 chunking overhead bytes  	[MsgId: MMSG-26385]
Action.c(222): web_url("test") started  	[MsgId: MMSG-26355]
Action.c(222): web_url("test") was successful, 8784 body bytes, 467 header bytes, 20 chunking overhead bytes  	[MsgId: MMSG-26385]
Action.c(233): Error: Failed to end Transaction "UC06_TR01_start" (by name). Please check that you made a call to start transaction operation.	[MsgId: MERR-16985]
End auto log messages stack.	[MsgId: MMSG-10544]


