Start auto log messages stack - Iteration 17.	[MsgId: MMSG-10545]
Action.c(100): Warning -26593: The header being added may cause unpredictable results when applied to all ensuing URLs. It is added anyway  	[MsgId: MWAR-26593]
Action.c(100): web_add_auto_header("Authorization") highest severity level was "warning"  	[MsgId: MMSG-26391]
Action.c(102): web_url("config.json") started  	[MsgId: MMSG-26355]
Action.c(102): web_url("config.json") was successful, 285 body bytes, 281 header bytes  	[MsgId: MMSG-26386]
Action.c(112): web_url("user") started  	[MsgId: MMSG-26355]
Action.c(112): web_url("user") was successful, 160 body bytes, 532 header bytes, 11 chunking overhead bytes  	[MsgId: MMSG-26385]
Action.c(122): web_url("modelSchema") started  	[MsgId: MMSG-26355]
Action.c(122): Error -27721: Step download timeout (120 seconds) has expired when downloading resource "https://dev-boomq.pflb.ru/project-srv/modelSchema"  	[MsgId: MERR-27721]
End auto log messages stack.	[MsgId: MMSG-10544]


Start auto log messages stack - Iteration 1.	[MsgId: MMSG-10545]
Action.c(100): Warning -26593: The header being added may cause unpredictable results when applied to all ensuing URLs. It is added anyway  	[MsgId: MWAR-26593]
Action.c(100): web_add_auto_header("Authorization") highest severity level was "warning"  	[MsgId: MMSG-26391]
Action.c(102): web_url("config.json") started  	[MsgId: MMSG-26355]
Action.c(102): web_url("config.json") was successful, 285 body bytes, 281 header bytes  	[MsgId: MMSG-26386]
Action.c(112): web_url("user") started  	[MsgId: MMSG-26355]
Action.c(112): web_url("user") was successful, 160 body bytes, 532 header bytes, 11 chunking overhead bytes  	[MsgId: MMSG-26385]
Action.c(122): web_url("modelSchema") started  	[MsgId: MMSG-26355]
Action.c(122): Error -27721: Step download timeout (120 seconds) has expired when downloading resource "https://dev-boomq.pflb.ru/project-srv/modelSchema"  	[MsgId: MERR-27721]
End auto log messages stack.	[MsgId: MMSG-10544]


Start auto log messages stack - Iteration 18.	[MsgId: MMSG-10545]
Action.c(100): Warning -26593: The header being added may cause unpredictable results when applied to all ensuing URLs. It is added anyway  	[MsgId: MWAR-26593]
Action.c(100): web_add_auto_header("Authorization") highest severity level was "warning"  	[MsgId: MMSG-26391]
Action.c(102): web_url("config.json") started  	[MsgId: MMSG-26355]
Action.c(102): web_url("config.json") was successful, 285 body bytes, 281 header bytes  	[MsgId: MMSG-26386]
Action.c(112): web_url("user") started  	[MsgId: MMSG-26355]
Action.c(112): web_url("user") was successful, 160 body bytes, 532 header bytes, 11 chunking overhead bytes  	[MsgId: MMSG-26385]
Action.c(122): web_url("modelSchema") started  	[MsgId: MMSG-26355]
Action.c(122): Error -27721: Step download timeout (120 seconds) has expired when downloading resource "https://dev-boomq.pflb.ru/project-srv/modelSchema"  	[MsgId: MERR-27721]
End auto log messages stack.	[MsgId: MMSG-10544]


Start auto log messages stack - Iteration 2.	[MsgId: MMSG-10545]
Action.c(100): Warning -26593: The header being added may cause unpredictable results when applied to all ensuing URLs. It is added anyway  	[MsgId: MWAR-26593]
Action.c(100): web_add_auto_header("Authorization") highest severity level was "warning"  	[MsgId: MMSG-26391]
Action.c(102): web_url("config.json") started  	[MsgId: MMSG-26355]
Action.c(102): web_url("config.json") was successful, 285 body bytes, 281 header bytes  	[MsgId: MMSG-26386]
Action.c(112): web_url("user") started  	[MsgId: MMSG-26355]
Action.c(112): web_url("user") was successful, 160 body bytes, 532 header bytes, 11 chunking overhead bytes  	[MsgId: MMSG-26385]
Action.c(122): web_url("modelSchema") started  	[MsgId: MMSG-26355]
Action.c(122): Error -27721: Step download timeout (120 seconds) has expired when downloading resource "https://dev-boomq.pflb.ru/project-srv/modelSchema"  	[MsgId: MERR-27721]
End auto log messages stack.	[MsgId: MMSG-10544]


Start auto log messages stack - Iteration 1.	[MsgId: MMSG-10545]
Action.c(100): Warning -26593: The header being added may cause unpredictable results when applied to all ensuing URLs. It is added anyway  	[MsgId: MWAR-26593]
Action.c(100): web_add_auto_header("Authorization") highest severity level was "warning"  	[MsgId: MMSG-26391]
Action.c(102): web_url("config.json") started  	[MsgId: MMSG-26355]
Action.c(102): web_url("config.json") was successful, 285 body bytes, 281 header bytes  	[MsgId: MMSG-26386]
Action.c(112): web_url("user") started  	[MsgId: MMSG-26355]
Action.c(112): web_url("user") was successful, 160 body bytes, 532 header bytes, 11 chunking overhead bytes  	[MsgId: MMSG-26385]
Action.c(122): web_url("modelSchema") started  	[MsgId: MMSG-26355]
Action.c(122): Error -27721: Step download timeout (120 seconds) has expired when downloading resource "https://dev-boomq.pflb.ru/project-srv/modelSchema"  	[MsgId: MERR-27721]
End auto log messages stack.	[MsgId: MMSG-10544]


Start auto log messages stack - Iteration 19.	[MsgId: MMSG-10545]
Action.c(100): Warning -26593: The header being added may cause unpredictable results when applied to all ensuing URLs. It is added anyway  	[MsgId: MWAR-26593]
Action.c(100): web_add_auto_header("Authorization") highest severity level was "warning"  	[MsgId: MMSG-26391]
Action.c(102): web_url("config.json") started  	[MsgId: MMSG-26355]
Action.c(102): web_url("config.json") was successful, 285 body bytes, 281 header bytes  	[MsgId: MMSG-26386]
Action.c(112): web_url("user") started  	[MsgId: MMSG-26355]
Action.c(112): web_url("user") was successful, 160 body bytes, 532 header bytes, 11 chunking overhead bytes  	[MsgId: MMSG-26385]
Action.c(122): web_url("modelSchema") started  	[MsgId: MMSG-26355]
Action.c(122): Error -27721: Step download timeout (120 seconds) has expired when downloading resource "https://dev-boomq.pflb.ru/project-srv/modelSchema"  	[MsgId: MERR-27721]
End auto log messages stack.	[MsgId: MMSG-10544]


