Start auto log messages stack - Iteration 10.	[MsgId: MMSG-10545]
Action.c(149): Notify: Transaction "UC05_TR01_login" ended with a "Pass" status (Duration: 1,0713 Wasted Time: 0,0005).	[MsgId: MMSG-16871]
Action.c(158): Notify: Transaction "UC05_TR02_reports_page" started.	[MsgId: MMSG-16999]
Action.c(161): web_add_header("Origin") started  	[MsgId: MMSG-26355]
Action.c(161): web_add_header("Origin") was successful  	[MsgId: MMSG-26392]
Action.c(164): web_custom_request("search") started  	[MsgId: MMSG-26355]
Action.c(164): web_custom_request("search") was successful, 2659 body bytes, 378 header bytes, 12 chunking overhead bytes  	[MsgId: MMSG-26385]
Action.c(177): Notify: Transaction "UC05_TR02_reports_page" ended with a "Pass" status (Duration: 0,0697).	[MsgId: MMSG-16873]
Action.c(186): Notify: Transaction "UC05_TR03_new_report" started.	[MsgId: MMSG-16999]
Action.c(189): web_url("test") started  	[MsgId: MMSG-26355]
Action.c(189): Continuing after Error -26612: HTTP Status-Code=500 (Internal Server Error) for "https://dev-boomq.pflb.ru/test-srv/test?sort=createDate,desc&displayState=FINISHED"  	[MsgId: MERR-26612]
End auto log messages stack.	[MsgId: MMSG-10544]


Start auto log messages stack - Iteration 10.	[MsgId: MMSG-10545]
Action.c(294): web_remove_auto_header("Origin") started  	[MsgId: MMSG-26355]
Action.c(294): Previous automatically added web header for "Origin" removed  	[MsgId: MMSG-26587]
Action.c(294): web_remove/revert_auto_header("Origin") was successful  	[MsgId: MMSG-26392]
Action.c(296): web_url("11198") started  	[MsgId: MMSG-26355]
Action.c(296): web_url("11198") was successful, 259 body bytes, 378 header bytes, 12 chunking overhead bytes  	[MsgId: MMSG-26385]
Action.c(305): web_url("content") started  	[MsgId: MMSG-26355]
Action.c(305): web_url("content") was successful, 307927 body bytes, 378 header bytes, 126 chunking overhead bytes  	[MsgId: MMSG-26385]
Action.c(314): web_url("test_2") started  	[MsgId: MMSG-26355]
Action.c(314): Continuing after Error -26612: HTTP Status-Code=500 (Internal Server Error) for "https://dev-boomq.pflb.ru/test-srv/test?sort=createDate,desc&displayState=FINISHED"  	[MsgId: MERR-26612]
End auto log messages stack.	[MsgId: MMSG-10544]


Start auto log messages stack - Iteration 10.	[MsgId: MMSG-10545]
Action.c(339): web_custom_request("search_2") was successful, 2659 body bytes, 378 header bytes, 12 chunking overhead bytes  	[MsgId: MMSG-26385]
Action.c(353): Notify: Transaction "UC05_TR06_get_back" ended with a "Pass" status (Duration: 0,1412 Wasted Time: 0,0000).	[MsgId: MMSG-16871]
Action.c(362): Notify: Transaction "UC05_TR07_pick_created" started.	[MsgId: MMSG-16999]
Action.c(365): web_url("11198_2") started  	[MsgId: MMSG-26355]
Action.c(365): web_url("11198_2") was successful, 259 body bytes, 378 header bytes, 12 chunking overhead bytes  	[MsgId: MMSG-26385]
Action.c(374): web_url("content_2") started  	[MsgId: MMSG-26355]
Action.c(374): web_url("content_2") was successful, 307927 body bytes, 378 header bytes, 126 chunking overhead bytes  	[MsgId: MMSG-26385]
Action.c(383): web_url("test_3") started  	[MsgId: MMSG-26355]
Action.c(383): Continuing after Error -26612: HTTP Status-Code=500 (Internal Server Error) for "https://dev-boomq.pflb.ru/test-srv/test?sort=createDate,desc&displayState=FINISHED"  	[MsgId: MERR-26612]
End auto log messages stack.	[MsgId: MMSG-10544]


Start auto log messages stack - Iteration 11.	[MsgId: MMSG-10545]
Action.c(149): Notify: Transaction "UC05_TR01_login" ended with a "Pass" status (Duration: 1,0293 Wasted Time: 0,0006).	[MsgId: MMSG-16871]
Action.c(158): Notify: Transaction "UC05_TR02_reports_page" started.	[MsgId: MMSG-16999]
Action.c(161): web_add_header("Origin") started  	[MsgId: MMSG-26355]
Action.c(161): web_add_header("Origin") was successful  	[MsgId: MMSG-26392]
Action.c(164): web_custom_request("search") started  	[MsgId: MMSG-26355]
Action.c(164): web_custom_request("search") was successful, 2659 body bytes, 378 header bytes, 12 chunking overhead bytes  	[MsgId: MMSG-26385]
Action.c(177): Notify: Transaction "UC05_TR02_reports_page" ended with a "Pass" status (Duration: 0,0625).	[MsgId: MMSG-16873]
Action.c(186): Notify: Transaction "UC05_TR03_new_report" started.	[MsgId: MMSG-16999]
Action.c(189): web_url("test") started  	[MsgId: MMSG-26355]
Action.c(189): Continuing after Error -26612: HTTP Status-Code=500 (Internal Server Error) for "https://dev-boomq.pflb.ru/test-srv/test?sort=createDate,desc&displayState=FINISHED"  	[MsgId: MERR-26612]
End auto log messages stack.	[MsgId: MMSG-10544]


Start auto log messages stack - Iteration 11.	[MsgId: MMSG-10545]
Action.c(294): web_remove_auto_header("Origin") started  	[MsgId: MMSG-26355]
Action.c(294): Previous automatically added web header for "Origin" removed  	[MsgId: MMSG-26587]
Action.c(294): web_remove/revert_auto_header("Origin") was successful  	[MsgId: MMSG-26392]
Action.c(296): web_url("11198") started  	[MsgId: MMSG-26355]
Action.c(296): web_url("11198") was successful, 259 body bytes, 378 header bytes, 12 chunking overhead bytes  	[MsgId: MMSG-26385]
Action.c(305): web_url("content") started  	[MsgId: MMSG-26355]
Action.c(305): web_url("content") was successful, 307927 body bytes, 378 header bytes, 134 chunking overhead bytes  	[MsgId: MMSG-26385]
Action.c(314): web_url("test_2") started  	[MsgId: MMSG-26355]
Action.c(314): Continuing after Error -26612: HTTP Status-Code=500 (Internal Server Error) for "https://dev-boomq.pflb.ru/test-srv/test?sort=createDate,desc&displayState=FINISHED"  	[MsgId: MERR-26612]
End auto log messages stack.	[MsgId: MMSG-10544]


Start auto log messages stack - Iteration 11.	[MsgId: MMSG-10545]
Action.c(339): web_custom_request("search_2") was successful, 2659 body bytes, 378 header bytes, 12 chunking overhead bytes  	[MsgId: MMSG-26385]
Action.c(353): Notify: Transaction "UC05_TR06_get_back" ended with a "Pass" status (Duration: 0,1271 Wasted Time: 0,0000).	[MsgId: MMSG-16871]
Action.c(362): Notify: Transaction "UC05_TR07_pick_created" started.	[MsgId: MMSG-16999]
Action.c(365): web_url("11198_2") started  	[MsgId: MMSG-26355]
Action.c(365): web_url("11198_2") was successful, 259 body bytes, 378 header bytes, 12 chunking overhead bytes  	[MsgId: MMSG-26385]
Action.c(374): web_url("content_2") started  	[MsgId: MMSG-26355]
Action.c(374): web_url("content_2") was successful, 307927 body bytes, 378 header bytes, 127 chunking overhead bytes  	[MsgId: MMSG-26385]
Action.c(383): web_url("test_3") started  	[MsgId: MMSG-26355]
Action.c(383): Continuing after Error -26612: HTTP Status-Code=500 (Internal Server Error) for "https://dev-boomq.pflb.ru/test-srv/test?sort=createDate,desc&displayState=FINISHED"  	[MsgId: MERR-26612]
End auto log messages stack.	[MsgId: MMSG-10544]


Start auto log messages stack - Iteration 12.	[MsgId: MMSG-10545]
Action.c(149): Notify: Transaction "UC05_TR01_login" ended with a "Pass" status (Duration: 1,4650 Wasted Time: 0,0005).	[MsgId: MMSG-16871]
Action.c(158): Notify: Transaction "UC05_TR02_reports_page" started.	[MsgId: MMSG-16999]
Action.c(161): web_add_header("Origin") started  	[MsgId: MMSG-26355]
Action.c(161): web_add_header("Origin") was successful  	[MsgId: MMSG-26392]
Action.c(164): web_custom_request("search") started  	[MsgId: MMSG-26355]
Action.c(164): web_custom_request("search") was successful, 2659 body bytes, 378 header bytes, 12 chunking overhead bytes  	[MsgId: MMSG-26385]
Action.c(177): Notify: Transaction "UC05_TR02_reports_page" ended with a "Pass" status (Duration: 0,0585).	[MsgId: MMSG-16873]
Action.c(186): Notify: Transaction "UC05_TR03_new_report" started.	[MsgId: MMSG-16999]
Action.c(189): web_url("test") started  	[MsgId: MMSG-26355]
Action.c(189): Continuing after Error -26612: HTTP Status-Code=500 (Internal Server Error) for "https://dev-boomq.pflb.ru/test-srv/test?sort=createDate,desc&displayState=FINISHED"  	[MsgId: MERR-26612]
End auto log messages stack.	[MsgId: MMSG-10544]


Start auto log messages stack - Iteration 12.	[MsgId: MMSG-10545]
Action.c(294): web_remove_auto_header("Origin") started  	[MsgId: MMSG-26355]
Action.c(294): Previous automatically added web header for "Origin" removed  	[MsgId: MMSG-26587]
Action.c(294): web_remove/revert_auto_header("Origin") was successful  	[MsgId: MMSG-26392]
Action.c(296): web_url("11198") started  	[MsgId: MMSG-26355]
Action.c(296): web_url("11198") was successful, 259 body bytes, 378 header bytes, 12 chunking overhead bytes  	[MsgId: MMSG-26385]
Action.c(305): web_url("content") started  	[MsgId: MMSG-26355]
Action.c(305): web_url("content") was successful, 307927 body bytes, 378 header bytes, 134 chunking overhead bytes  	[MsgId: MMSG-26385]
Action.c(314): web_url("test_2") started  	[MsgId: MMSG-26355]
Action.c(314): Continuing after Error -26612: HTTP Status-Code=500 (Internal Server Error) for "https://dev-boomq.pflb.ru/test-srv/test?sort=createDate,desc&displayState=FINISHED"  	[MsgId: MERR-26612]
End auto log messages stack.	[MsgId: MMSG-10544]


Start auto log messages stack - Iteration 12.	[MsgId: MMSG-10545]
Action.c(339): web_custom_request("search_2") was successful, 2659 body bytes, 378 header bytes, 12 chunking overhead bytes  	[MsgId: MMSG-26385]
Action.c(353): Notify: Transaction "UC05_TR06_get_back" ended with a "Pass" status (Duration: 0,1211).	[MsgId: MMSG-16873]
Action.c(362): Notify: Transaction "UC05_TR07_pick_created" started.	[MsgId: MMSG-16999]
Action.c(365): web_url("11198_2") started  	[MsgId: MMSG-26355]
Action.c(365): web_url("11198_2") was successful, 259 body bytes, 378 header bytes, 12 chunking overhead bytes  	[MsgId: MMSG-26385]
Action.c(374): web_url("content_2") started  	[MsgId: MMSG-26355]
Action.c(374): web_url("content_2") was successful, 307927 body bytes, 378 header bytes, 134 chunking overhead bytes  	[MsgId: MMSG-26385]
Action.c(383): web_url("test_3") started  	[MsgId: MMSG-26355]
Action.c(383): Continuing after Error -26612: HTTP Status-Code=500 (Internal Server Error) for "https://dev-boomq.pflb.ru/test-srv/test?sort=createDate,desc&displayState=FINISHED"  	[MsgId: MERR-26612]
End auto log messages stack.	[MsgId: MMSG-10544]


Start auto log messages stack - Iteration 13.	[MsgId: MMSG-10545]
Action.c(149): Notify: Transaction "UC05_TR01_login" ended with a "Pass" status (Duration: 0,9667 Wasted Time: 0,0006).	[MsgId: MMSG-16871]
Action.c(158): Notify: Transaction "UC05_TR02_reports_page" started.	[MsgId: MMSG-16999]
Action.c(161): web_add_header("Origin") started  	[MsgId: MMSG-26355]
Action.c(161): web_add_header("Origin") was successful  	[MsgId: MMSG-26392]
Action.c(164): web_custom_request("search") started  	[MsgId: MMSG-26355]
Action.c(164): web_custom_request("search") was successful, 2659 body bytes, 378 header bytes, 12 chunking overhead bytes  	[MsgId: MMSG-26385]
Action.c(177): Notify: Transaction "UC05_TR02_reports_page" ended with a "Pass" status (Duration: 0,0507).	[MsgId: MMSG-16873]
Action.c(186): Notify: Transaction "UC05_TR03_new_report" started.	[MsgId: MMSG-16999]
Action.c(189): web_url("test") started  	[MsgId: MMSG-26355]
Action.c(189): Continuing after Error -26612: HTTP Status-Code=500 (Internal Server Error) for "https://dev-boomq.pflb.ru/test-srv/test?sort=createDate,desc&displayState=FINISHED"  	[MsgId: MERR-26612]
End auto log messages stack.	[MsgId: MMSG-10544]


Start auto log messages stack - Iteration 13.	[MsgId: MMSG-10545]
Action.c(294): web_remove_auto_header("Origin") started  	[MsgId: MMSG-26355]
Action.c(294): Previous automatically added web header for "Origin" removed  	[MsgId: MMSG-26587]
Action.c(294): web_remove/revert_auto_header("Origin") was successful  	[MsgId: MMSG-26392]
Action.c(296): web_url("11198") started  	[MsgId: MMSG-26355]
Action.c(296): web_url("11198") was successful, 259 body bytes, 378 header bytes, 12 chunking overhead bytes  	[MsgId: MMSG-26385]
Action.c(305): web_url("content") started  	[MsgId: MMSG-26355]
Action.c(305): web_url("content") was successful, 307927 body bytes, 378 header bytes, 134 chunking overhead bytes  	[MsgId: MMSG-26385]
Action.c(314): web_url("test_2") started  	[MsgId: MMSG-26355]
Action.c(314): Continuing after Error -26612: HTTP Status-Code=500 (Internal Server Error) for "https://dev-boomq.pflb.ru/test-srv/test?sort=createDate,desc&displayState=FINISHED"  	[MsgId: MERR-26612]
End auto log messages stack.	[MsgId: MMSG-10544]


Start auto log messages stack - Iteration 13.	[MsgId: MMSG-10545]
Action.c(339): web_custom_request("search_2") was successful, 2659 body bytes, 378 header bytes, 12 chunking overhead bytes  	[MsgId: MMSG-26385]
Action.c(353): Notify: Transaction "UC05_TR06_get_back" ended with a "Pass" status (Duration: 0,1110).	[MsgId: MMSG-16873]
Action.c(362): Notify: Transaction "UC05_TR07_pick_created" started.	[MsgId: MMSG-16999]
Action.c(365): web_url("11198_2") started  	[MsgId: MMSG-26355]
Action.c(365): web_url("11198_2") was successful, 259 body bytes, 378 header bytes, 12 chunking overhead bytes  	[MsgId: MMSG-26385]
Action.c(374): web_url("content_2") started  	[MsgId: MMSG-26355]
Action.c(374): web_url("content_2") was successful, 307927 body bytes, 378 header bytes, 127 chunking overhead bytes  	[MsgId: MMSG-26385]
Action.c(383): web_url("test_3") started  	[MsgId: MMSG-26355]
Action.c(383): Continuing after Error -26612: HTTP Status-Code=500 (Internal Server Error) for "https://dev-boomq.pflb.ru/test-srv/test?sort=createDate,desc&displayState=FINISHED"  	[MsgId: MERR-26612]
End auto log messages stack.	[MsgId: MMSG-10544]


Start auto log messages stack - Iteration 14.	[MsgId: MMSG-10545]
Action.c(149): Notify: Transaction "UC05_TR01_login" ended with a "Pass" status (Duration: 1,3112 Wasted Time: 0,0005).	[MsgId: MMSG-16871]
Action.c(158): Notify: Transaction "UC05_TR02_reports_page" started.	[MsgId: MMSG-16999]
Action.c(161): web_add_header("Origin") started  	[MsgId: MMSG-26355]
Action.c(161): web_add_header("Origin") was successful  	[MsgId: MMSG-26392]
Action.c(164): web_custom_request("search") started  	[MsgId: MMSG-26355]
Action.c(164): web_custom_request("search") was successful, 2659 body bytes, 378 header bytes, 12 chunking overhead bytes  	[MsgId: MMSG-26385]
Action.c(177): Notify: Transaction "UC05_TR02_reports_page" ended with a "Pass" status (Duration: 0,0785).	[MsgId: MMSG-16873]
Action.c(186): Notify: Transaction "UC05_TR03_new_report" started.	[MsgId: MMSG-16999]
Action.c(189): web_url("test") started  	[MsgId: MMSG-26355]
Action.c(189): Continuing after Error -26612: HTTP Status-Code=500 (Internal Server Error) for "https://dev-boomq.pflb.ru/test-srv/test?sort=createDate,desc&displayState=FINISHED"  	[MsgId: MERR-26612]
End auto log messages stack.	[MsgId: MMSG-10544]


Start auto log messages stack - Iteration 14.	[MsgId: MMSG-10545]
Action.c(294): web_remove_auto_header("Origin") started  	[MsgId: MMSG-26355]
Action.c(294): Previous automatically added web header for "Origin" removed  	[MsgId: MMSG-26587]
Action.c(294): web_remove/revert_auto_header("Origin") was successful  	[MsgId: MMSG-26392]
Action.c(296): web_url("11198") started  	[MsgId: MMSG-26355]
Action.c(296): web_url("11198") was successful, 259 body bytes, 378 header bytes, 12 chunking overhead bytes  	[MsgId: MMSG-26385]
Action.c(305): web_url("content") started  	[MsgId: MMSG-26355]
Action.c(305): web_url("content") was successful, 307927 body bytes, 378 header bytes, 134 chunking overhead bytes  	[MsgId: MMSG-26385]
Action.c(314): web_url("test_2") started  	[MsgId: MMSG-26355]
Action.c(314): Continuing after Error -26612: HTTP Status-Code=500 (Internal Server Error) for "https://dev-boomq.pflb.ru/test-srv/test?sort=createDate,desc&displayState=FINISHED"  	[MsgId: MERR-26612]
End auto log messages stack.	[MsgId: MMSG-10544]


Start auto log messages stack - Iteration 14.	[MsgId: MMSG-10545]
Action.c(339): web_custom_request("search_2") was successful, 2659 body bytes, 378 header bytes, 12 chunking overhead bytes  	[MsgId: MMSG-26385]
Action.c(353): Notify: Transaction "UC05_TR06_get_back" ended with a "Pass" status (Duration: 0,1122 Wasted Time: 0,0000).	[MsgId: MMSG-16871]
Action.c(362): Notify: Transaction "UC05_TR07_pick_created" started.	[MsgId: MMSG-16999]
Action.c(365): web_url("11198_2") started  	[MsgId: MMSG-26355]
Action.c(365): web_url("11198_2") was successful, 259 body bytes, 378 header bytes, 12 chunking overhead bytes  	[MsgId: MMSG-26385]
Action.c(374): web_url("content_2") started  	[MsgId: MMSG-26355]
Action.c(374): web_url("content_2") was successful, 307927 body bytes, 378 header bytes, 134 chunking overhead bytes  	[MsgId: MMSG-26385]
Action.c(383): web_url("test_3") started  	[MsgId: MMSG-26355]
Action.c(383): Continuing after Error -26612: HTTP Status-Code=500 (Internal Server Error) for "https://dev-boomq.pflb.ru/test-srv/test?sort=createDate,desc&displayState=FINISHED"  	[MsgId: MERR-26612]
End auto log messages stack.	[MsgId: MMSG-10544]


Start auto log messages stack - Iteration 17.	[MsgId: MMSG-10545]
Action.c(339): web_custom_request("search_2") was successful, 2659 body bytes, 378 header bytes, 12 chunking overhead bytes  	[MsgId: MMSG-26385]
Action.c(353): Notify: Transaction "UC05_TR06_get_back" ended with a "Pass" status (Duration: 0,0631).	[MsgId: MMSG-16873]
Action.c(362): Notify: Transaction "UC05_TR07_pick_created" started.	[MsgId: MMSG-16999]
Action.c(365): web_url("11198_2") started  	[MsgId: MMSG-26355]
Action.c(365): web_url("11198_2") was successful, 259 body bytes, 378 header bytes, 12 chunking overhead bytes  	[MsgId: MMSG-26385]
Action.c(374): web_url("content_2") started  	[MsgId: MMSG-26355]
Action.c(374): web_url("content_2") was successful, 307927 body bytes, 378 header bytes, 245 chunking overhead bytes  	[MsgId: MMSG-26385]
Action.c(383): web_url("test_3") started  	[MsgId: MMSG-26355]
Action.c(383): Continuing after Error -26612: HTTP Status-Code=500 (Internal Server Error) for "https://dev-boomq.pflb.ru/test-srv/test?sort=createDate,desc&displayState=FINISHED"  	[MsgId: MERR-26612]
End auto log messages stack.	[MsgId: MMSG-10544]


Start auto log messages stack - Iteration 1.	[MsgId: MMSG-10545]
Action.c(50): web_submit_data("login") started  	[MsgId: MMSG-26355]
Action.c(50): web_submit_data("login") was successful, 0 body bytes, 1949 header bytes  	[MsgId: MMSG-26386]
Action.c(64): web_add_auto_header("Authorization") started  	[MsgId: MMSG-26355]
Action.c(64): Warning -26593: The header being added may cause unpredictable results when applied to all ensuing URLs. It is added anyway  	[MsgId: MWAR-26593]
Action.c(64): web_add_auto_header("Authorization") highest severity level was "warning"  	[MsgId: MMSG-26391]
Action.c(66): web_add_cookie started  	[MsgId: MMSG-26355]
Action.c(66): web_add_cookie was successful  	[MsgId: MMSG-26392]
Action.c(68): web_url("modelSchema") started  	[MsgId: MMSG-26355]
Action.c(68): Continuing after Error -27721: Step download timeout (120 seconds) has expired when downloading resource "https://dev-boomq.pflb.ru/project-srv/modelSchema"  	[MsgId: MERR-27721]
End auto log messages stack.	[MsgId: MMSG-10544]


Start auto log messages stack - Iteration 1.	[MsgId: MMSG-10545]
Action.c(149): Notify: The 1st error message associated with transaction "UC05_TR01_login" is "Error -27721: Step download timeout (120 seconds) has expired when downloading resource "https://dev-boomq.pflb.ru/project-srv/modelSchema""	[MsgId: MMSG-16819]
Action.c(158): Notify: Transaction "UC05_TR02_reports_page" started.	[MsgId: MMSG-16999]
Action.c(161): web_add_header("Origin") started  	[MsgId: MMSG-26355]
Action.c(161): web_add_header("Origin") was successful  	[MsgId: MMSG-26392]
Action.c(164): web_custom_request("search") started  	[MsgId: MMSG-26355]
Action.c(164): web_custom_request("search") was successful, 2659 body bytes, 378 header bytes, 12 chunking overhead bytes  	[MsgId: MMSG-26385]
Action.c(177): Notify: Transaction "UC05_TR02_reports_page" ended with a "Pass" status (Duration: 0,0603).	[MsgId: MMSG-16873]
Action.c(186): Notify: Transaction "UC05_TR03_new_report" started.	[MsgId: MMSG-16999]
Action.c(189): web_url("test") started  	[MsgId: MMSG-26355]
Action.c(189): Continuing after Error -26612: HTTP Status-Code=500 (Internal Server Error) for "https://dev-boomq.pflb.ru/test-srv/test?sort=createDate,desc&displayState=FINISHED"  	[MsgId: MERR-26612]
End auto log messages stack.	[MsgId: MMSG-10544]


Start auto log messages stack - Iteration 1.	[MsgId: MMSG-10545]
Action.c(294): web_remove_auto_header("Origin") started  	[MsgId: MMSG-26355]
Action.c(294): Previous automatically added web header for "Origin" removed  	[MsgId: MMSG-26587]
Action.c(294): web_remove/revert_auto_header("Origin") was successful  	[MsgId: MMSG-26392]
Action.c(296): web_url("11198") started  	[MsgId: MMSG-26355]
Action.c(296): web_url("11198") was successful, 259 body bytes, 378 header bytes, 12 chunking overhead bytes  	[MsgId: MMSG-26385]
Action.c(305): web_url("content") started  	[MsgId: MMSG-26355]
Action.c(305): web_url("content") was successful, 307927 body bytes, 378 header bytes, 134 chunking overhead bytes  	[MsgId: MMSG-26385]
Action.c(314): web_url("test_2") started  	[MsgId: MMSG-26355]
Action.c(314): Continuing after Error -26612: HTTP Status-Code=500 (Internal Server Error) for "https://dev-boomq.pflb.ru/test-srv/test?sort=createDate,desc&displayState=FINISHED"  	[MsgId: MERR-26612]
End auto log messages stack.	[MsgId: MMSG-10544]


Start auto log messages stack - Iteration 1.	[MsgId: MMSG-10545]
Action.c(339): web_custom_request("search_2") was successful, 2659 body bytes, 378 header bytes, 12 chunking overhead bytes  	[MsgId: MMSG-26385]
Action.c(353): Notify: Transaction "UC05_TR06_get_back" ended with a "Pass" status (Duration: 0,1052 Wasted Time: 0,0000).	[MsgId: MMSG-16871]
Action.c(362): Notify: Transaction "UC05_TR07_pick_created" started.	[MsgId: MMSG-16999]
Action.c(365): web_url("11198_2") started  	[MsgId: MMSG-26355]
Action.c(365): web_url("11198_2") was successful, 259 body bytes, 378 header bytes, 12 chunking overhead bytes  	[MsgId: MMSG-26385]
Action.c(374): web_url("content_2") started  	[MsgId: MMSG-26355]
Action.c(374): web_url("content_2") was successful, 307927 body bytes, 378 header bytes, 134 chunking overhead bytes  	[MsgId: MMSG-26385]
Action.c(383): web_url("test_3") started  	[MsgId: MMSG-26355]
Action.c(383): Continuing after Error -26612: HTTP Status-Code=500 (Internal Server Error) for "https://dev-boomq.pflb.ru/test-srv/test?sort=createDate,desc&displayState=FINISHED"  	[MsgId: MERR-26612]
End auto log messages stack.	[MsgId: MMSG-10544]


Start auto log messages stack - Iteration 18.	[MsgId: MMSG-10545]
Action.c(50): web_submit_data("login") started  	[MsgId: MMSG-26355]
Action.c(50): web_submit_data("login") was successful, 0 body bytes, 1949 header bytes  	[MsgId: MMSG-26386]
Action.c(64): web_add_auto_header("Authorization") started  	[MsgId: MMSG-26355]
Action.c(64): Warning -26593: The header being added may cause unpredictable results when applied to all ensuing URLs. It is added anyway  	[MsgId: MWAR-26593]
Action.c(64): web_add_auto_header("Authorization") highest severity level was "warning"  	[MsgId: MMSG-26391]
Action.c(66): web_add_cookie started  	[MsgId: MMSG-26355]
Action.c(66): web_add_cookie was successful  	[MsgId: MMSG-26392]
Action.c(68): web_url("modelSchema") started  	[MsgId: MMSG-26355]
Action.c(68): Continuing after Error -27721: Step download timeout (120 seconds) has expired when downloading resource "https://dev-boomq.pflb.ru/project-srv/modelSchema"  	[MsgId: MERR-27721]
End auto log messages stack.	[MsgId: MMSG-10544]


Start auto log messages stack - Iteration 18.	[MsgId: MMSG-10545]
Action.c(149): Notify: The 1st error message associated with transaction "UC05_TR01_login" is "Error -27721: Step download timeout (120 seconds) has expired when downloading resource "https://dev-boomq.pflb.ru/project-srv/modelSchema""	[MsgId: MMSG-16819]
Action.c(158): Notify: Transaction "UC05_TR02_reports_page" started.	[MsgId: MMSG-16999]
Action.c(161): web_add_header("Origin") started  	[MsgId: MMSG-26355]
Action.c(161): web_add_header("Origin") was successful  	[MsgId: MMSG-26392]
Action.c(164): web_custom_request("search") started  	[MsgId: MMSG-26355]
Action.c(164): web_custom_request("search") was successful, 2659 body bytes, 378 header bytes, 12 chunking overhead bytes  	[MsgId: MMSG-26385]
Action.c(177): Notify: Transaction "UC05_TR02_reports_page" ended with a "Pass" status (Duration: 0,0583).	[MsgId: MMSG-16873]
Action.c(186): Notify: Transaction "UC05_TR03_new_report" started.	[MsgId: MMSG-16999]
Action.c(189): web_url("test") started  	[MsgId: MMSG-26355]
Action.c(189): Continuing after Error -26612: HTTP Status-Code=500 (Internal Server Error) for "https://dev-boomq.pflb.ru/test-srv/test?sort=createDate,desc&displayState=FINISHED"  	[MsgId: MERR-26612]
End auto log messages stack.	[MsgId: MMSG-10544]


Start auto log messages stack - Iteration 18.	[MsgId: MMSG-10545]
Action.c(294): web_remove_auto_header("Origin") started  	[MsgId: MMSG-26355]
Action.c(294): Previous automatically added web header for "Origin" removed  	[MsgId: MMSG-26587]
Action.c(294): web_remove/revert_auto_header("Origin") was successful  	[MsgId: MMSG-26392]
Action.c(296): web_url("11198") started  	[MsgId: MMSG-26355]
Action.c(296): web_url("11198") was successful, 259 body bytes, 378 header bytes, 12 chunking overhead bytes  	[MsgId: MMSG-26385]
Action.c(305): web_url("content") started  	[MsgId: MMSG-26355]
Action.c(305): web_url("content") was successful, 307927 body bytes, 378 header bytes, 134 chunking overhead bytes  	[MsgId: MMSG-26385]
Action.c(314): web_url("test_2") started  	[MsgId: MMSG-26355]
Action.c(314): Continuing after Error -26612: HTTP Status-Code=500 (Internal Server Error) for "https://dev-boomq.pflb.ru/test-srv/test?sort=createDate,desc&displayState=FINISHED"  	[MsgId: MERR-26612]
End auto log messages stack.	[MsgId: MMSG-10544]


Start auto log messages stack - Iteration 18.	[MsgId: MMSG-10545]
Action.c(339): web_custom_request("search_2") was successful, 2659 body bytes, 378 header bytes, 12 chunking overhead bytes  	[MsgId: MMSG-26385]
Action.c(353): Notify: Transaction "UC05_TR06_get_back" ended with a "Pass" status (Duration: 0,0983 Wasted Time: 0,0000).	[MsgId: MMSG-16871]
Action.c(362): Notify: Transaction "UC05_TR07_pick_created" started.	[MsgId: MMSG-16999]
Action.c(365): web_url("11198_2") started  	[MsgId: MMSG-26355]
Action.c(365): web_url("11198_2") was successful, 259 body bytes, 378 header bytes, 12 chunking overhead bytes  	[MsgId: MMSG-26385]
Action.c(374): web_url("content_2") started  	[MsgId: MMSG-26355]
Action.c(374): web_url("content_2") was successful, 307927 body bytes, 378 header bytes, 126 chunking overhead bytes  	[MsgId: MMSG-26385]
Action.c(383): web_url("test_3") started  	[MsgId: MMSG-26355]
Action.c(383): Continuing after Error -26612: HTTP Status-Code=500 (Internal Server Error) for "https://dev-boomq.pflb.ru/test-srv/test?sort=createDate,desc&displayState=FINISHED"  	[MsgId: MERR-26612]
End auto log messages stack.	[MsgId: MMSG-10544]


Start auto log messages stack - Iteration 2.	[MsgId: MMSG-10545]
Action.c(50): web_submit_data("login") started  	[MsgId: MMSG-26355]
Action.c(50): web_submit_data("login") was successful, 0 body bytes, 1949 header bytes  	[MsgId: MMSG-26386]
Action.c(64): web_add_auto_header("Authorization") started  	[MsgId: MMSG-26355]
Action.c(64): Warning -26593: The header being added may cause unpredictable results when applied to all ensuing URLs. It is added anyway  	[MsgId: MWAR-26593]
Action.c(64): web_add_auto_header("Authorization") highest severity level was "warning"  	[MsgId: MMSG-26391]
Action.c(66): web_add_cookie started  	[MsgId: MMSG-26355]
Action.c(66): web_add_cookie was successful  	[MsgId: MMSG-26392]
Action.c(68): web_url("modelSchema") started  	[MsgId: MMSG-26355]
Action.c(68): Continuing after Error -27721: Step download timeout (120 seconds) has expired when downloading resource "https://dev-boomq.pflb.ru/project-srv/modelSchema"  	[MsgId: MERR-27721]
End auto log messages stack.	[MsgId: MMSG-10544]


Start auto log messages stack - Iteration 2.	[MsgId: MMSG-10545]
Action.c(149): Notify: The 1st error message associated with transaction "UC05_TR01_login" is "Error -27721: Step download timeout (120 seconds) has expired when downloading resource "https://dev-boomq.pflb.ru/project-srv/modelSchema""	[MsgId: MMSG-16819]
Action.c(158): Notify: Transaction "UC05_TR02_reports_page" started.	[MsgId: MMSG-16999]
Action.c(161): web_add_header("Origin") started  	[MsgId: MMSG-26355]
Action.c(161): web_add_header("Origin") was successful  	[MsgId: MMSG-26392]
Action.c(164): web_custom_request("search") started  	[MsgId: MMSG-26355]
Action.c(164): web_custom_request("search") was successful, 2659 body bytes, 378 header bytes, 12 chunking overhead bytes  	[MsgId: MMSG-26385]
Action.c(177): Notify: Transaction "UC05_TR02_reports_page" ended with a "Pass" status (Duration: 0,0631).	[MsgId: MMSG-16873]
Action.c(186): Notify: Transaction "UC05_TR03_new_report" started.	[MsgId: MMSG-16999]
Action.c(189): web_url("test") started  	[MsgId: MMSG-26355]
Action.c(189): Continuing after Error -26612: HTTP Status-Code=500 (Internal Server Error) for "https://dev-boomq.pflb.ru/test-srv/test?sort=createDate,desc&displayState=FINISHED"  	[MsgId: MERR-26612]
End auto log messages stack.	[MsgId: MMSG-10544]


Start auto log messages stack - Iteration 2.	[MsgId: MMSG-10545]
Action.c(294): web_remove_auto_header("Origin") started  	[MsgId: MMSG-26355]
Action.c(294): Previous automatically added web header for "Origin" removed  	[MsgId: MMSG-26587]
Action.c(294): web_remove/revert_auto_header("Origin") was successful  	[MsgId: MMSG-26392]
Action.c(296): web_url("11198") started  	[MsgId: MMSG-26355]
Action.c(296): web_url("11198") was successful, 259 body bytes, 378 header bytes, 12 chunking overhead bytes  	[MsgId: MMSG-26385]
Action.c(305): web_url("content") started  	[MsgId: MMSG-26355]
Action.c(305): web_url("content") was successful, 307927 body bytes, 378 header bytes, 134 chunking overhead bytes  	[MsgId: MMSG-26385]
Action.c(314): web_url("test_2") started  	[MsgId: MMSG-26355]
Action.c(314): Continuing after Error -26612: HTTP Status-Code=500 (Internal Server Error) for "https://dev-boomq.pflb.ru/test-srv/test?sort=createDate,desc&displayState=FINISHED"  	[MsgId: MERR-26612]
End auto log messages stack.	[MsgId: MMSG-10544]


Start auto log messages stack - Iteration 2.	[MsgId: MMSG-10545]
Action.c(339): web_custom_request("search_2") was successful, 2659 body bytes, 378 header bytes, 12 chunking overhead bytes  	[MsgId: MMSG-26385]
Action.c(353): Notify: Transaction "UC05_TR06_get_back" ended with a "Pass" status (Duration: 0,1098 Wasted Time: 0,0000).	[MsgId: MMSG-16871]
Action.c(362): Notify: Transaction "UC05_TR07_pick_created" started.	[MsgId: MMSG-16999]
Action.c(365): web_url("11198_2") started  	[MsgId: MMSG-26355]
Action.c(365): web_url("11198_2") was successful, 259 body bytes, 378 header bytes, 12 chunking overhead bytes  	[MsgId: MMSG-26385]
Action.c(374): web_url("content_2") started  	[MsgId: MMSG-26355]
Action.c(374): web_url("content_2") was successful, 307927 body bytes, 378 header bytes, 134 chunking overhead bytes  	[MsgId: MMSG-26385]
Action.c(383): web_url("test_3") started  	[MsgId: MMSG-26355]
Action.c(383): Continuing after Error -26612: HTTP Status-Code=500 (Internal Server Error) for "https://dev-boomq.pflb.ru/test-srv/test?sort=createDate,desc&displayState=FINISHED"  	[MsgId: MERR-26612]
End auto log messages stack.	[MsgId: MMSG-10544]


Start auto log messages stack - Iteration 19.	[MsgId: MMSG-10545]
Action.c(50): web_submit_data("login") started  	[MsgId: MMSG-26355]
Action.c(50): web_submit_data("login") was successful, 0 body bytes, 1949 header bytes  	[MsgId: MMSG-26386]
Action.c(64): web_add_auto_header("Authorization") started  	[MsgId: MMSG-26355]
Action.c(64): Warning -26593: The header being added may cause unpredictable results when applied to all ensuing URLs. It is added anyway  	[MsgId: MWAR-26593]
Action.c(64): web_add_auto_header("Authorization") highest severity level was "warning"  	[MsgId: MMSG-26391]
Action.c(66): web_add_cookie started  	[MsgId: MMSG-26355]
Action.c(66): web_add_cookie was successful  	[MsgId: MMSG-26392]
Action.c(68): web_url("modelSchema") started  	[MsgId: MMSG-26355]
Action.c(68): Continuing after Error -27721: Step download timeout (120 seconds) has expired when downloading resource "https://dev-boomq.pflb.ru/project-srv/modelSchema"  	[MsgId: MERR-27721]
End auto log messages stack.	[MsgId: MMSG-10544]


Start auto log messages stack - Iteration 19.	[MsgId: MMSG-10545]
Action.c(149): Notify: The 1st error message associated with transaction "UC05_TR01_login" is "Error -27721: Step download timeout (120 seconds) has expired when downloading resource "https://dev-boomq.pflb.ru/project-srv/modelSchema""	[MsgId: MMSG-16819]
Action.c(158): Notify: Transaction "UC05_TR02_reports_page" started.	[MsgId: MMSG-16999]
Action.c(161): web_add_header("Origin") started  	[MsgId: MMSG-26355]
Action.c(161): web_add_header("Origin") was successful  	[MsgId: MMSG-26392]
Action.c(164): web_custom_request("search") started  	[MsgId: MMSG-26355]
Action.c(164): web_custom_request("search") was successful, 2659 body bytes, 378 header bytes, 12 chunking overhead bytes  	[MsgId: MMSG-26385]
Action.c(177): Notify: Transaction "UC05_TR02_reports_page" ended with a "Pass" status (Duration: 0,0671).	[MsgId: MMSG-16873]
Action.c(186): Notify: Transaction "UC05_TR03_new_report" started.	[MsgId: MMSG-16999]
Action.c(189): web_url("test") started  	[MsgId: MMSG-26355]
Action.c(189): Continuing after Error -26612: HTTP Status-Code=500 (Internal Server Error) for "https://dev-boomq.pflb.ru/test-srv/test?sort=createDate,desc&displayState=FINISHED"  	[MsgId: MERR-26612]
End auto log messages stack.	[MsgId: MMSG-10544]


Start auto log messages stack - Iteration 19.	[MsgId: MMSG-10545]
Action.c(294): web_remove_auto_header("Origin") started  	[MsgId: MMSG-26355]
Action.c(294): Previous automatically added web header for "Origin" removed  	[MsgId: MMSG-26587]
Action.c(294): web_remove/revert_auto_header("Origin") was successful  	[MsgId: MMSG-26392]
Action.c(296): web_url("11198") started  	[MsgId: MMSG-26355]
Action.c(296): web_url("11198") was successful, 259 body bytes, 378 header bytes, 12 chunking overhead bytes  	[MsgId: MMSG-26385]
Action.c(305): web_url("content") started  	[MsgId: MMSG-26355]
Action.c(305): web_url("content") was successful, 307927 body bytes, 378 header bytes, 134 chunking overhead bytes  	[MsgId: MMSG-26385]
Action.c(314): web_url("test_2") started  	[MsgId: MMSG-26355]
Action.c(314): Continuing after Error -26612: HTTP Status-Code=500 (Internal Server Error) for "https://dev-boomq.pflb.ru/test-srv/test?sort=createDate,desc&displayState=FINISHED"  	[MsgId: MERR-26612]
End auto log messages stack.	[MsgId: MMSG-10544]


Start auto log messages stack - Iteration 19.	[MsgId: MMSG-10545]
Action.c(339): web_custom_request("search_2") was successful, 2659 body bytes, 378 header bytes, 12 chunking overhead bytes  	[MsgId: MMSG-26385]
Action.c(353): Notify: Transaction "UC05_TR06_get_back" ended with a "Pass" status (Duration: 0,1097 Wasted Time: 0,0000).	[MsgId: MMSG-16871]
Action.c(362): Notify: Transaction "UC05_TR07_pick_created" started.	[MsgId: MMSG-16999]
Action.c(365): web_url("11198_2") started  	[MsgId: MMSG-26355]
Action.c(365): web_url("11198_2") was successful, 259 body bytes, 378 header bytes, 12 chunking overhead bytes  	[MsgId: MMSG-26385]
Action.c(374): web_url("content_2") started  	[MsgId: MMSG-26355]
Action.c(374): web_url("content_2") was successful, 307927 body bytes, 378 header bytes, 126 chunking overhead bytes  	[MsgId: MMSG-26385]
Action.c(383): web_url("test_3") started  	[MsgId: MMSG-26355]
Action.c(383): Continuing after Error -26612: HTTP Status-Code=500 (Internal Server Error) for "https://dev-boomq.pflb.ru/test-srv/test?sort=createDate,desc&displayState=FINISHED"  	[MsgId: MERR-26612]
End auto log messages stack.	[MsgId: MMSG-10544]


Start auto log messages stack - Iteration 1.	[MsgId: MMSG-10545]
Action.c(50): web_submit_data("login") started  	[MsgId: MMSG-26355]
Action.c(50): web_submit_data("login") was successful, 0 body bytes, 1949 header bytes  	[MsgId: MMSG-26386]
Action.c(64): web_add_auto_header("Authorization") started  	[MsgId: MMSG-26355]
Action.c(64): Warning -26593: The header being added may cause unpredictable results when applied to all ensuing URLs. It is added anyway  	[MsgId: MWAR-26593]
Action.c(64): web_add_auto_header("Authorization") highest severity level was "warning"  	[MsgId: MMSG-26391]
Action.c(66): web_add_cookie started  	[MsgId: MMSG-26355]
Action.c(66): web_add_cookie was successful  	[MsgId: MMSG-26392]
Action.c(68): web_url("modelSchema") started  	[MsgId: MMSG-26355]
Action.c(68): Continuing after Error -27721: Step download timeout (120 seconds) has expired when downloading resource "https://dev-boomq.pflb.ru/project-srv/modelSchema"  	[MsgId: MERR-27721]
End auto log messages stack.	[MsgId: MMSG-10544]


Start auto log messages stack - Iteration 1.	[MsgId: MMSG-10545]
Action.c(149): Notify: The 1st error message associated with transaction "UC05_TR01_login" is "Error -27721: Step download timeout (120 seconds) has expired when downloading resource "https://dev-boomq.pflb.ru/project-srv/modelSchema""	[MsgId: MMSG-16819]
Action.c(158): Notify: Transaction "UC05_TR02_reports_page" started.	[MsgId: MMSG-16999]
Action.c(161): web_add_header("Origin") started  	[MsgId: MMSG-26355]
Action.c(161): web_add_header("Origin") was successful  	[MsgId: MMSG-26392]
Action.c(164): web_custom_request("search") started  	[MsgId: MMSG-26355]
Action.c(164): web_custom_request("search") was successful, 2659 body bytes, 378 header bytes, 12 chunking overhead bytes  	[MsgId: MMSG-26385]
Action.c(177): Notify: Transaction "UC05_TR02_reports_page" ended with a "Pass" status (Duration: 0,0673).	[MsgId: MMSG-16873]
Action.c(186): Notify: Transaction "UC05_TR03_new_report" started.	[MsgId: MMSG-16999]
Action.c(189): web_url("test") started  	[MsgId: MMSG-26355]
Action.c(189): Continuing after Error -26612: HTTP Status-Code=500 (Internal Server Error) for "https://dev-boomq.pflb.ru/test-srv/test?sort=createDate,desc&displayState=FINISHED"  	[MsgId: MERR-26612]
End auto log messages stack.	[MsgId: MMSG-10544]


Start auto log messages stack - Iteration 1.	[MsgId: MMSG-10545]
Action.c(294): web_remove_auto_header("Origin") started  	[MsgId: MMSG-26355]
Action.c(294): Previous automatically added web header for "Origin" removed  	[MsgId: MMSG-26587]
Action.c(294): web_remove/revert_auto_header("Origin") was successful  	[MsgId: MMSG-26392]
Action.c(296): web_url("11198") started  	[MsgId: MMSG-26355]
Action.c(296): web_url("11198") was successful, 259 body bytes, 378 header bytes, 12 chunking overhead bytes  	[MsgId: MMSG-26385]
Action.c(305): web_url("content") started  	[MsgId: MMSG-26355]
Action.c(305): web_url("content") was successful, 307927 body bytes, 378 header bytes, 134 chunking overhead bytes  	[MsgId: MMSG-26385]
Action.c(314): web_url("test_2") started  	[MsgId: MMSG-26355]
Action.c(314): Continuing after Error -26612: HTTP Status-Code=500 (Internal Server Error) for "https://dev-boomq.pflb.ru/test-srv/test?sort=createDate,desc&displayState=FINISHED"  	[MsgId: MERR-26612]
End auto log messages stack.	[MsgId: MMSG-10544]


Start auto log messages stack - Iteration 1.	[MsgId: MMSG-10545]
Action.c(339): web_custom_request("search_2") was successful, 2659 body bytes, 378 header bytes, 12 chunking overhead bytes  	[MsgId: MMSG-26385]
Action.c(353): Notify: Transaction "UC05_TR06_get_back" ended with a "Pass" status (Duration: 0,1103 Wasted Time: 0,0000).	[MsgId: MMSG-16871]
Action.c(362): Notify: Transaction "UC05_TR07_pick_created" started.	[MsgId: MMSG-16999]
Action.c(365): web_url("11198_2") started  	[MsgId: MMSG-26355]
Action.c(365): web_url("11198_2") was successful, 259 body bytes, 378 header bytes, 12 chunking overhead bytes  	[MsgId: MMSG-26385]
Action.c(374): web_url("content_2") started  	[MsgId: MMSG-26355]
Action.c(374): web_url("content_2") was successful, 307927 body bytes, 378 header bytes, 127 chunking overhead bytes  	[MsgId: MMSG-26385]
Action.c(383): web_url("test_3") started  	[MsgId: MMSG-26355]
Action.c(383): Continuing after Error -26612: HTTP Status-Code=500 (Internal Server Error) for "https://dev-boomq.pflb.ru/test-srv/test?sort=createDate,desc&displayState=FINISHED"  	[MsgId: MERR-26612]
End auto log messages stack.	[MsgId: MMSG-10544]


