Start auto log messages stack - Iteration 10.	[MsgId: MMSG-10545]
Action.c(217): web_add_auto_header("Authorization") highest severity level was "warning"  	[MsgId: MMSG-26391]
Action.c(219): web_url("testRunner") started  	[MsgId: MMSG-26355]
Action.c(219): web_url("testRunner") was successful, 532 body bytes, 378 header bytes, 12 chunking overhead bytes  	[MsgId: MMSG-26385]
Action.c(230): Notify: Transaction "UC02_TR01_login" ended with a "Pass" status (Duration: 0,6483 Wasted Time: 0,0001).	[MsgId: MMSG-16871]
Action.c(251): Notify: Transaction "UC02_TR02_test_create" started.	[MsgId: MMSG-16999]
Action.c(289): web_reg_save_param started  	[MsgId: MMSG-26355]
Action.c(289): Registering web_reg_save_param was successful  	[MsgId: MMSG-26390]
Action.c(294): web_submit_data("project") started  	[MsgId: MMSG-26355]
Action.c(294): Continuing after Error -27721: Step download timeout (120 seconds) has expired when downloading resource "https://dev-boomq.pflb.ru/project-srv/project?testProjectName=group4user2008@pochta.ru_jmx_file"  	[MsgId: MERR-27721]
End auto log messages stack.	[MsgId: MMSG-10544]


Start auto log messages stack - Iteration 10.	[MsgId: MMSG-10545]
Action.c(294): Aborting pending download of URL="https://dev-boomq.pflb.ru/project-srv/project?testProjectName=group4user2008@pochta.ru_jmx_file" (RelFrameId=1, Internal ID=255)  	[MsgId: MMSG-27649]
Action.c(294): Continuing after Error -26377: No match found for the requested parameter "id_test". Either the specified boundaries were not found in the response or the matched text is longer than current max html parameter size of 2048 bytes. The total length of the response is 0 bytes. You can use "web_set_max_html_param_len" to increase the max parameter size.  	[MsgId: MERR-26377]
Action.c(294): Continuing after Error -26374: The above "not found" error(s) may be explained by header and body byte counts being 0 and 0, respectively.  	[MsgId: MERR-26374]
End auto log messages stack.	[MsgId: MMSG-10544]


Start auto log messages stack - Iteration 1.	[MsgId: MMSG-10545]
Action.c(124): web_submit_data("login") started  	[MsgId: MMSG-26355]
Action.c(124): Downloading resource "https://dev-boomq.pflb.ru/static/media/en.b1acfc6b06bfe6e29bfbfc06d09d8177.svg" (specified by argument number 20)  	[MsgId: MMSG-26577]
Action.c(124): web_submit_data("login") was successful, 4045 body bytes, 2228 header bytes  	[MsgId: MMSG-26386]
Action.c(140): web_add_auto_header("Authorization") started  	[MsgId: MMSG-26355]
Action.c(140): Warning -26593: The header being added may cause unpredictable results when applied to all ensuing URLs. It is added anyway  	[MsgId: MWAR-26593]
Action.c(140): web_add_auto_header("Authorization") highest severity level was "warning"  	[MsgId: MMSG-26391]
Action.c(142): web_url("modelSchema") started  	[MsgId: MMSG-26355]
Action.c(142): Continuing after Error -27721: Step download timeout (120 seconds) has expired when downloading resource "https://dev-boomq.pflb.ru/project-srv/modelSchema"  	[MsgId: MERR-27721]
End auto log messages stack.	[MsgId: MMSG-10544]


Start auto log messages stack - Iteration 10.	[MsgId: MMSG-10545]
Action.c(294): web_submit_data("project") highest severity level was "continue on error", 0 body bytes, 0 header bytes  	[MsgId: MMSG-26388]
Action.c(294): Continuing after error in Vuser script.	[MsgId: MMSG-10678]
Action.c(307): web_reg_save_param started  	[MsgId: MMSG-26355]
Action.c(307): Registering web_reg_save_param was successful  	[MsgId: MMSG-26390]
Action.c(312): web_url("25407") started  	[MsgId: MMSG-26355]
Action.c(312): Continuing after Error -27721: Step download timeout (120 seconds) has expired when downloading resource "https://dev-boomq.pflb.ru/project-srv/project/25407"  	[MsgId: MERR-27721]
End auto log messages stack.	[MsgId: MMSG-10544]


Start auto log messages stack - Iteration 10.	[MsgId: MMSG-10545]
Action.c(312): Aborting pending download of URL="https://dev-boomq.pflb.ru/project-srv/project/25407" (RelFrameId=1, Internal ID=256)  	[MsgId: MMSG-27649]
Action.c(312): Continuing after Error -26377: No match found for the requested parameter "id_version". Either the specified boundaries were not found in the response or the matched text is longer than current max html parameter size of 2048 bytes. The total length of the response is 0 bytes. You can use "web_set_max_html_param_len" to increase the max parameter size.  	[MsgId: MERR-26377]
Action.c(312): Continuing after Error -26374: The above "not found" error(s) may be explained by header and body byte counts being 0 and 0, respectively.  	[MsgId: MERR-26374]
End auto log messages stack.	[MsgId: MMSG-10544]


Start auto log messages stack - Iteration 1.	[MsgId: MMSG-10545]
Action.c(219): web_url("testRunner") started  	[MsgId: MMSG-26355]
Action.c(219): web_url("testRunner") was successful, 532 body bytes, 378 header bytes, 12 chunking overhead bytes  	[MsgId: MMSG-26385]
Action.c(230): Notify: Transaction "UC02_TR01_login" ended with a "Fail" status (Duration: 120,6813 Wasted Time: 0,0000).	[MsgId: MMSG-16871]
Action.c(230): Notify: Transaction "UC02_TR01_login" has 1 error message(s).	[MsgId: MMSG-16818]
Action.c(230): Notify: The 1st error message associated with transaction "UC02_TR01_login" is "Error -27721: Step download timeout (120 seconds) has expired when downloading resource "https://dev-boomq.pflb.ru/project-srv/modelSchema""	[MsgId: MMSG-16819]
Action.c(251): Notify: Transaction "UC02_TR02_test_create" started.	[MsgId: MMSG-16999]
Action.c(255): web_add_auto_header("Origin") started  	[MsgId: MMSG-26355]
Action.c(255): web_add_auto_header("Origin") was successful  	[MsgId: MMSG-26392]
Action.c(258): web_custom_request("project") started  	[MsgId: MMSG-26355]
Action.c(258): Continuing after Error -27721: Step download timeout (120 seconds) has expired when downloading resource "https://dev-boomq.pflb.ru/project-srv/project"  	[MsgId: MERR-27721]
End auto log messages stack.	[MsgId: MMSG-10544]


Start auto log messages stack - Iteration 1.	[MsgId: MMSG-10545]
Action.c(124): web_submit_data("login") started  	[MsgId: MMSG-26355]
Action.c(124): Downloading resource "https://dev-boomq.pflb.ru/static/media/en.b1acfc6b06bfe6e29bfbfc06d09d8177.svg" (specified by argument number 20)  	[MsgId: MMSG-26577]
Action.c(124): web_submit_data("login") was successful, 4045 body bytes, 2228 header bytes  	[MsgId: MMSG-26386]
Action.c(140): web_add_auto_header("Authorization") started  	[MsgId: MMSG-26355]
Action.c(140): Warning -26593: The header being added may cause unpredictable results when applied to all ensuing URLs. It is added anyway  	[MsgId: MWAR-26593]
Action.c(140): web_add_auto_header("Authorization") highest severity level was "warning"  	[MsgId: MMSG-26391]
Action.c(142): web_url("modelSchema") started  	[MsgId: MMSG-26355]
Action.c(142): Continuing after Error -27721: Step download timeout (120 seconds) has expired when downloading resource "https://dev-boomq.pflb.ru/project-srv/modelSchema"  	[MsgId: MERR-27721]
End auto log messages stack.	[MsgId: MMSG-10544]


Start auto log messages stack - Iteration 10.	[MsgId: MMSG-10545]
Action.c(312): web_url("25407") highest severity level was "continue on error", 0 body bytes, 0 header bytes  	[MsgId: MMSG-26388]
Action.c(312): Continuing after error in Vuser script.	[MsgId: MMSG-10678]
Action.c(322): web_url("25974") started  	[MsgId: MMSG-26355]
Action.c(322): Continuing after Error -27721: Step download timeout (120 seconds) has expired when downloading resource "https://dev-boomq.pflb.ru/project-srv/project/25407/version/25974"  	[MsgId: MERR-27721]
End auto log messages stack.	[MsgId: MMSG-10544]


