Start auto log messages stack - Iteration 1.	[MsgId: MMSG-10545]
Action.c(124): web_submit_data("login") started  	[MsgId: MMSG-26355]
Action.c(124): Downloading resource "https://dev-boomq.pflb.ru/static/media/en.b1acfc6b06bfe6e29bfbfc06d09d8177.svg" (specified by argument number 20)  	[MsgId: MMSG-26577]
Action.c(124): web_submit_data("login") was successful, 4045 body bytes, 2228 header bytes  	[MsgId: MMSG-26386]
Action.c(140): web_add_auto_header("Authorization") started  	[MsgId: MMSG-26355]
Action.c(140): Warning -26593: The header being added may cause unpredictable results when applied to all ensuing URLs. It is added anyway  	[MsgId: MWAR-26593]
Action.c(140): web_add_auto_header("Authorization") highest severity level was "warning"  	[MsgId: MMSG-26391]
Action.c(142): web_url("modelSchema") started  	[MsgId: MMSG-26355]
Action.c(142): Continuing after Error -27721: Step download timeout (120 seconds) has expired when downloading resource "https://dev-boomq.pflb.ru/project-srv/modelSchema"  	[MsgId: MERR-27721]
End auto log messages stack.	[MsgId: MMSG-10544]


Start auto log messages stack - Iteration 1.	[MsgId: MMSG-10545]
Action.c(219): web_url("testRunner") was successful, 532 body bytes, 378 header bytes, 12 chunking overhead bytes  	[MsgId: MMSG-26385]
Action.c(230): Notify: Transaction "UC02_TR01_login" ended with a "Fail" status (Duration: 120,8154 Wasted Time: 0,0001).	[MsgId: MMSG-16871]
Action.c(230): Notify: Transaction "UC02_TR01_login" has 1 error message(s).	[MsgId: MMSG-16818]
Action.c(230): Notify: The 1st error message associated with transaction "UC02_TR01_login" is "Error -27721: Step download timeout (120 seconds) has expired when downloading resource "https://dev-boomq.pflb.ru/project-srv/modelSchema""	[MsgId: MMSG-16819]
Action.c(231): lr_think_time: 3,00 seconds.	[MsgId: MMSG-15948]
Action.c(251): Notify: Transaction "UC02_TR02_test_create" started.	[MsgId: MMSG-16999]
Action.c(255): web_add_auto_header("Origin") started  	[MsgId: MMSG-26355]
Action.c(255): web_add_auto_header("Origin") was successful  	[MsgId: MMSG-26392]
Action.c(258): web_custom_request("project") started  	[MsgId: MMSG-26355]
Action.c(258): Continuing after Error -27721: Step download timeout (120 seconds) has expired when downloading resource "https://dev-boomq.pflb.ru/project-srv/project"  	[MsgId: MERR-27721]
End auto log messages stack.	[MsgId: MMSG-10544]


Start auto log messages stack - Iteration 1.	[MsgId: MMSG-10545]
Action.c(124): web_submit_data("login") started  	[MsgId: MMSG-26355]
Action.c(124): Downloading resource "https://dev-boomq.pflb.ru/static/media/en.b1acfc6b06bfe6e29bfbfc06d09d8177.svg" (specified by argument number 20)  	[MsgId: MMSG-26577]
Action.c(124): web_submit_data("login") was successful, 4045 body bytes, 2228 header bytes  	[MsgId: MMSG-26386]
Action.c(140): web_add_auto_header("Authorization") started  	[MsgId: MMSG-26355]
Action.c(140): Warning -26593: The header being added may cause unpredictable results when applied to all ensuing URLs. It is added anyway  	[MsgId: MWAR-26593]
Action.c(140): web_add_auto_header("Authorization") highest severity level was "warning"  	[MsgId: MMSG-26391]
Action.c(142): web_url("modelSchema") started  	[MsgId: MMSG-26355]
Action.c(142): Continuing after Error -27721: Step download timeout (120 seconds) has expired when downloading resource "https://dev-boomq.pflb.ru/project-srv/modelSchema"  	[MsgId: MERR-27721]
End auto log messages stack.	[MsgId: MMSG-10544]


Start auto log messages stack - Iteration 2.	[MsgId: MMSG-10545]
Action.c(124): web_submit_data("login") started  	[MsgId: MMSG-26355]
Action.c(124): Downloading resource "https://dev-boomq.pflb.ru/static/media/en.b1acfc6b06bfe6e29bfbfc06d09d8177.svg" (specified by argument number 20)  	[MsgId: MMSG-26577]
Action.c(124): web_submit_data("login") was successful, 4045 body bytes, 2228 header bytes  	[MsgId: MMSG-26386]
Action.c(140): web_add_auto_header("Authorization") started  	[MsgId: MMSG-26355]
Action.c(140): Warning -26593: The header being added may cause unpredictable results when applied to all ensuing URLs. It is added anyway  	[MsgId: MWAR-26593]
Action.c(140): web_add_auto_header("Authorization") highest severity level was "warning"  	[MsgId: MMSG-26391]
Action.c(142): web_url("modelSchema") started  	[MsgId: MMSG-26355]
Action.c(142): Continuing after Error -27721: Step download timeout (120 seconds) has expired when downloading resource "https://dev-boomq.pflb.ru/project-srv/modelSchema"  	[MsgId: MERR-27721]
End auto log messages stack.	[MsgId: MMSG-10544]


Start auto log messages stack - Iteration 1.	[MsgId: MMSG-10545]
Action.c(219): web_url("testRunner") was successful, 532 body bytes, 378 header bytes, 12 chunking overhead bytes  	[MsgId: MMSG-26385]
Action.c(230): Notify: Transaction "UC02_TR01_login" ended with a "Fail" status (Duration: 120,7722 Wasted Time: 0,0000).	[MsgId: MMSG-16871]
Action.c(230): Notify: Transaction "UC02_TR01_login" has 1 error message(s).	[MsgId: MMSG-16818]
Action.c(230): Notify: The 1st error message associated with transaction "UC02_TR01_login" is "Error -27721: Step download timeout (120 seconds) has expired when downloading resource "https://dev-boomq.pflb.ru/project-srv/modelSchema""	[MsgId: MMSG-16819]
Action.c(231): lr_think_time: 3,00 seconds.	[MsgId: MMSG-15948]
Action.c(251): Notify: Transaction "UC02_TR02_test_create" started.	[MsgId: MMSG-16999]
Action.c(255): web_add_auto_header("Origin") started  	[MsgId: MMSG-26355]
Action.c(255): web_add_auto_header("Origin") was successful  	[MsgId: MMSG-26392]
Action.c(258): web_custom_request("project") started  	[MsgId: MMSG-26355]
Action.c(258): Continuing after Error -27721: Step download timeout (120 seconds) has expired when downloading resource "https://dev-boomq.pflb.ru/project-srv/project"  	[MsgId: MERR-27721]
End auto log messages stack.	[MsgId: MMSG-10544]


Start auto log messages stack - Iteration 2.	[MsgId: MMSG-10545]
Action.c(219): web_url("testRunner") was successful, 532 body bytes, 378 header bytes, 12 chunking overhead bytes  	[MsgId: MMSG-26385]
Action.c(230): Notify: Transaction "UC02_TR01_login" ended with a "Fail" status (Duration: 120,5748 Wasted Time: 0,0000).	[MsgId: MMSG-16871]
Action.c(230): Notify: Transaction "UC02_TR01_login" has 1 error message(s).	[MsgId: MMSG-16818]
Action.c(230): Notify: The 1st error message associated with transaction "UC02_TR01_login" is "Error -27721: Step download timeout (120 seconds) has expired when downloading resource "https://dev-boomq.pflb.ru/project-srv/modelSchema""	[MsgId: MMSG-16819]
Action.c(231): lr_think_time: 3,00 seconds.	[MsgId: MMSG-15948]
Action.c(251): Notify: Transaction "UC02_TR02_test_create" started.	[MsgId: MMSG-16999]
Action.c(289): web_reg_save_param started  	[MsgId: MMSG-26355]
Action.c(289): Registering web_reg_save_param was successful  	[MsgId: MMSG-26390]
Action.c(294): web_submit_data("project") started  	[MsgId: MMSG-26355]
Action.c(294): Continuing after Error -26610: HTTP Status-Code=502 (Bad Gateway) for "https://dev-boomq.pflb.ru/project-srv/project?testProjectName=group4user2000@pochta.ru_jmx_file"  	[MsgId: MERR-26610]
Action.c(294): Continuing after Error -26377: No match found for the requested parameter "id_test". Either the specified boundaries were not found in the response or the matched text is longer than current max html parameter size of 2048 bytes. The total length of the response is 552 bytes. You can use "web_set_max_html_param_len" to increase the max parameter size.  	[MsgId: MERR-26377]
End auto log messages stack.	[MsgId: MMSG-10544]


Start auto log messages stack - Iteration 1.	[MsgId: MMSG-10545]
Action.c(124): web_submit_data("login") started  	[MsgId: MMSG-26355]
Action.c(124): Downloading resource "https://dev-boomq.pflb.ru/static/media/en.b1acfc6b06bfe6e29bfbfc06d09d8177.svg" (specified by argument number 20)  	[MsgId: MMSG-26577]
Action.c(124): web_submit_data("login") was successful, 4045 body bytes, 2228 header bytes  	[MsgId: MMSG-26386]
Action.c(140): web_add_auto_header("Authorization") started  	[MsgId: MMSG-26355]
Action.c(140): Warning -26593: The header being added may cause unpredictable results when applied to all ensuing URLs. It is added anyway  	[MsgId: MWAR-26593]
Action.c(140): web_add_auto_header("Authorization") highest severity level was "warning"  	[MsgId: MMSG-26391]
Action.c(142): web_url("modelSchema") started  	[MsgId: MMSG-26355]
Action.c(142): Continuing after Error -27721: Step download timeout (120 seconds) has expired when downloading resource "https://dev-boomq.pflb.ru/project-srv/modelSchema"  	[MsgId: MERR-27721]
End auto log messages stack.	[MsgId: MMSG-10544]


Start auto log messages stack - Iteration 2.	[MsgId: MMSG-10545]
Action.c(124): web_submit_data("login") started  	[MsgId: MMSG-26355]
Action.c(124): Downloading resource "https://dev-boomq.pflb.ru/static/media/en.b1acfc6b06bfe6e29bfbfc06d09d8177.svg" (specified by argument number 20)  	[MsgId: MMSG-26577]
Action.c(124): web_submit_data("login") was successful, 4045 body bytes, 2228 header bytes  	[MsgId: MMSG-26386]
Action.c(140): web_add_auto_header("Authorization") started  	[MsgId: MMSG-26355]
Action.c(140): Warning -26593: The header being added may cause unpredictable results when applied to all ensuing URLs. It is added anyway  	[MsgId: MWAR-26593]
Action.c(140): web_add_auto_header("Authorization") highest severity level was "warning"  	[MsgId: MMSG-26391]
Action.c(142): web_url("modelSchema") started  	[MsgId: MMSG-26355]
Action.c(142): Continuing after Error -26610: HTTP Status-Code=502 (Bad Gateway) for "https://dev-boomq.pflb.ru/project-srv/modelSchema"  	[MsgId: MERR-26610]
End auto log messages stack.	[MsgId: MMSG-10544]


