Start auto log messages stack - Iteration 1.	[MsgId: MMSG-10545]
Action.c(142): web_add_auto_header("Authorization") highest severity level was "warning"  	[MsgId: MMSG-26391]
Action.c(144): web_add_cookie started  	[MsgId: MMSG-26355]
Action.c(144): web_add_cookie was successful  	[MsgId: MMSG-26392]
Action.c(146): web_url("testRunner") started  	[MsgId: MMSG-26355]
Action.c(146): web_url("testRunner") was successful, 532 body bytes, 378 header bytes, 12 chunking overhead bytes  	[MsgId: MMSG-26385]
Action.c(156): lr_think_time: 1,00 seconds.	[MsgId: MMSG-15948]
Action.c(157): Notify: Transaction "UC04_TR01_login" ended with a "Pass" status (Duration: 1,4975 Think Time: 1,0063 Wasted Time: 0,0009).	[MsgId: MMSG-16870]
Action.c(166): Notify: Transaction "UC04_TR02_trend_page" started.	[MsgId: MMSG-16999]
Action.c(169): web_url("slaReportProfile") started  	[MsgId: MMSG-26355]
Action.c(169): Continuing after Error -26612: HTTP Status-Code=500 (Internal Server Error) for "https://dev-boomq.pflb.ru/test-srv/slaReportProfile"  	[MsgId: MERR-26612]
End auto log messages stack.	[MsgId: MMSG-10544]


Start auto log messages stack - Iteration 1.	[MsgId: MMSG-10545]
Action.c(351): web_custom_request("slaReportProfile_2") started  	[MsgId: MMSG-26355]
Action.c(351): web_custom_request("slaReportProfile_2") was successful, 966 body bytes, 467 header bytes, 12 chunking overhead bytes  	[MsgId: MMSG-26385]
Action.c(366): lr_think_time: 1,00 seconds.	[MsgId: MMSG-15948]
Action.c(367): Notify: Transaction "UC04_TR07_save_trend" ended with a "Pass" status (Duration: 1,1063 Think Time: 1,0102 Wasted Time: 0,0002).	[MsgId: MMSG-16870]
Action.c(376): Notify: Transaction "UC04_TR08_back_to_trends_page" started.	[MsgId: MMSG-16999]
Action.c(379): web_remove_auto_header("Origin") started  	[MsgId: MMSG-26355]
Action.c(379): Previous automatically added web header for "Origin" removed  	[MsgId: MMSG-26587]
Action.c(379): web_remove/revert_auto_header("Origin") was successful  	[MsgId: MMSG-26392]
Action.c(383): web_url("slaReportProfile_3") started  	[MsgId: MMSG-26355]
Action.c(383): Continuing after Error -26612: HTTP Status-Code=500 (Internal Server Error) for "https://dev-boomq.pflb.ru/test-srv/slaReportProfile"  	[MsgId: MERR-26612]
End auto log messages stack.	[MsgId: MMSG-10544]


Start auto log messages stack - Iteration 2.	[MsgId: MMSG-10545]
Action.c(142): web_add_auto_header("Authorization") highest severity level was "warning"  	[MsgId: MMSG-26391]
Action.c(144): web_add_cookie started  	[MsgId: MMSG-26355]
Action.c(144): web_add_cookie was successful  	[MsgId: MMSG-26392]
Action.c(146): web_url("testRunner") started  	[MsgId: MMSG-26355]
Action.c(146): web_url("testRunner") was successful, 532 body bytes, 378 header bytes, 12 chunking overhead bytes  	[MsgId: MMSG-26385]
Action.c(156): lr_think_time: 1,00 seconds.	[MsgId: MMSG-15948]
Action.c(157): Notify: Transaction "UC04_TR01_login" ended with a "Pass" status (Duration: 1,4915 Think Time: 1,0010 Wasted Time: 0,0005).	[MsgId: MMSG-16870]
Action.c(166): Notify: Transaction "UC04_TR02_trend_page" started.	[MsgId: MMSG-16999]
Action.c(169): web_url("slaReportProfile") started  	[MsgId: MMSG-26355]
Action.c(169): Continuing after Error -26612: HTTP Status-Code=500 (Internal Server Error) for "https://dev-boomq.pflb.ru/test-srv/slaReportProfile"  	[MsgId: MERR-26612]
End auto log messages stack.	[MsgId: MMSG-10544]


Start auto log messages stack - Iteration 2.	[MsgId: MMSG-10545]
Action.c(351): web_custom_request("slaReportProfile_2") started  	[MsgId: MMSG-26355]
Action.c(351): web_custom_request("slaReportProfile_2") was successful, 966 body bytes, 467 header bytes, 12 chunking overhead bytes  	[MsgId: MMSG-26385]
Action.c(366): lr_think_time: 1,00 seconds.	[MsgId: MMSG-15948]
Action.c(367): Notify: Transaction "UC04_TR07_save_trend" ended with a "Pass" status (Duration: 1,0581 Think Time: 1,0071 Wasted Time: 0,0002).	[MsgId: MMSG-16870]
Action.c(376): Notify: Transaction "UC04_TR08_back_to_trends_page" started.	[MsgId: MMSG-16999]
Action.c(379): web_remove_auto_header("Origin") started  	[MsgId: MMSG-26355]
Action.c(379): Previous automatically added web header for "Origin" removed  	[MsgId: MMSG-26587]
Action.c(379): web_remove/revert_auto_header("Origin") was successful  	[MsgId: MMSG-26392]
Action.c(383): web_url("slaReportProfile_3") started  	[MsgId: MMSG-26355]
Action.c(383): Continuing after Error -26612: HTTP Status-Code=500 (Internal Server Error) for "https://dev-boomq.pflb.ru/test-srv/slaReportProfile"  	[MsgId: MERR-26612]
End auto log messages stack.	[MsgId: MMSG-10544]


Start auto log messages stack - Iteration 3.	[MsgId: MMSG-10545]
Action.c(142): web_add_auto_header("Authorization") highest severity level was "warning"  	[MsgId: MMSG-26391]
Action.c(144): web_add_cookie started  	[MsgId: MMSG-26355]
Action.c(144): web_add_cookie was successful  	[MsgId: MMSG-26392]
Action.c(146): web_url("testRunner") started  	[MsgId: MMSG-26355]
Action.c(146): web_url("testRunner") was successful, 532 body bytes, 378 header bytes, 12 chunking overhead bytes  	[MsgId: MMSG-26385]
Action.c(156): lr_think_time: 1,00 seconds.	[MsgId: MMSG-15948]
Action.c(157): Notify: Transaction "UC04_TR01_login" ended with a "Pass" status (Duration: 1,5058 Think Time: 1,0116 Wasted Time: 0,0004).	[MsgId: MMSG-16870]
Action.c(166): Notify: Transaction "UC04_TR02_trend_page" started.	[MsgId: MMSG-16999]
Action.c(169): web_url("slaReportProfile") started  	[MsgId: MMSG-26355]
Action.c(169): Continuing after Error -26612: HTTP Status-Code=500 (Internal Server Error) for "https://dev-boomq.pflb.ru/test-srv/slaReportProfile"  	[MsgId: MERR-26612]
End auto log messages stack.	[MsgId: MMSG-10544]


Start auto log messages stack - Iteration 3.	[MsgId: MMSG-10545]
Action.c(351): web_custom_request("slaReportProfile_2") started  	[MsgId: MMSG-26355]
Action.c(351): web_custom_request("slaReportProfile_2") was successful, 966 body bytes, 467 header bytes, 12 chunking overhead bytes  	[MsgId: MMSG-26385]
Action.c(366): lr_think_time: 1,00 seconds.	[MsgId: MMSG-15948]
Action.c(367): Notify: Transaction "UC04_TR07_save_trend" ended with a "Pass" status (Duration: 1,0554 Think Time: 1,0003 Wasted Time: 0,0002).	[MsgId: MMSG-16870]
Action.c(376): Notify: Transaction "UC04_TR08_back_to_trends_page" started.	[MsgId: MMSG-16999]
Action.c(379): web_remove_auto_header("Origin") started  	[MsgId: MMSG-26355]
Action.c(379): Previous automatically added web header for "Origin" removed  	[MsgId: MMSG-26587]
Action.c(379): web_remove/revert_auto_header("Origin") was successful  	[MsgId: MMSG-26392]
Action.c(383): web_url("slaReportProfile_3") started  	[MsgId: MMSG-26355]
Action.c(383): Continuing after Error -26612: HTTP Status-Code=500 (Internal Server Error) for "https://dev-boomq.pflb.ru/test-srv/slaReportProfile"  	[MsgId: MERR-26612]
End auto log messages stack.	[MsgId: MMSG-10544]


Start auto log messages stack - Iteration 4.	[MsgId: MMSG-10545]
Action.c(142): web_add_auto_header("Authorization") highest severity level was "warning"  	[MsgId: MMSG-26391]
Action.c(144): web_add_cookie started  	[MsgId: MMSG-26355]
Action.c(144): web_add_cookie was successful  	[MsgId: MMSG-26392]
Action.c(146): web_url("testRunner") started  	[MsgId: MMSG-26355]
Action.c(146): web_url("testRunner") was successful, 532 body bytes, 378 header bytes, 12 chunking overhead bytes  	[MsgId: MMSG-26385]
Action.c(156): lr_think_time: 1,00 seconds.	[MsgId: MMSG-15948]
Action.c(157): Notify: Transaction "UC04_TR01_login" ended with a "Pass" status (Duration: 1,4627 Think Time: 1,0120 Wasted Time: 0,0006).	[MsgId: MMSG-16870]
Action.c(166): Notify: Transaction "UC04_TR02_trend_page" started.	[MsgId: MMSG-16999]
Action.c(169): web_url("slaReportProfile") started  	[MsgId: MMSG-26355]
Action.c(169): Continuing after Error -26612: HTTP Status-Code=500 (Internal Server Error) for "https://dev-boomq.pflb.ru/test-srv/slaReportProfile"  	[MsgId: MERR-26612]
End auto log messages stack.	[MsgId: MMSG-10544]


Start auto log messages stack - Iteration 4.	[MsgId: MMSG-10545]
Action.c(351): web_custom_request("slaReportProfile_2") started  	[MsgId: MMSG-26355]
Action.c(351): web_custom_request("slaReportProfile_2") was successful, 966 body bytes, 467 header bytes, 12 chunking overhead bytes  	[MsgId: MMSG-26385]
Action.c(366): lr_think_time: 1,00 seconds.	[MsgId: MMSG-15948]
Action.c(367): Notify: Transaction "UC04_TR07_save_trend" ended with a "Pass" status (Duration: 1,0550 Think Time: 1,0078 Wasted Time: 0,0002).	[MsgId: MMSG-16870]
Action.c(376): Notify: Transaction "UC04_TR08_back_to_trends_page" started.	[MsgId: MMSG-16999]
Action.c(379): web_remove_auto_header("Origin") started  	[MsgId: MMSG-26355]
Action.c(379): Previous automatically added web header for "Origin" removed  	[MsgId: MMSG-26587]
Action.c(379): web_remove/revert_auto_header("Origin") was successful  	[MsgId: MMSG-26392]
Action.c(383): web_url("slaReportProfile_3") started  	[MsgId: MMSG-26355]
Action.c(383): Continuing after Error -26612: HTTP Status-Code=500 (Internal Server Error) for "https://dev-boomq.pflb.ru/test-srv/slaReportProfile"  	[MsgId: MERR-26612]
End auto log messages stack.	[MsgId: MMSG-10544]


Start auto log messages stack - Iteration 5.	[MsgId: MMSG-10545]
Action.c(142): web_add_auto_header("Authorization") highest severity level was "warning"  	[MsgId: MMSG-26391]
Action.c(144): web_add_cookie started  	[MsgId: MMSG-26355]
Action.c(144): web_add_cookie was successful  	[MsgId: MMSG-26392]
Action.c(146): web_url("testRunner") started  	[MsgId: MMSG-26355]
Action.c(146): web_url("testRunner") was successful, 532 body bytes, 378 header bytes, 12 chunking overhead bytes  	[MsgId: MMSG-26385]
Action.c(156): lr_think_time: 1,00 seconds.	[MsgId: MMSG-15948]
Action.c(157): Notify: Transaction "UC04_TR01_login" ended with a "Pass" status (Duration: 1,5082 Think Time: 1,0147 Wasted Time: 0,0006).	[MsgId: MMSG-16870]
Action.c(166): Notify: Transaction "UC04_TR02_trend_page" started.	[MsgId: MMSG-16999]
Action.c(169): web_url("slaReportProfile") started  	[MsgId: MMSG-26355]
Action.c(169): Continuing after Error -26612: HTTP Status-Code=500 (Internal Server Error) for "https://dev-boomq.pflb.ru/test-srv/slaReportProfile"  	[MsgId: MERR-26612]
End auto log messages stack.	[MsgId: MMSG-10544]


Start auto log messages stack - Iteration 5.	[MsgId: MMSG-10545]
Action.c(351): web_custom_request("slaReportProfile_2") started  	[MsgId: MMSG-26355]
Action.c(351): web_custom_request("slaReportProfile_2") was successful, 966 body bytes, 467 header bytes, 12 chunking overhead bytes  	[MsgId: MMSG-26385]
Action.c(366): lr_think_time: 1,00 seconds.	[MsgId: MMSG-15948]
Action.c(367): Notify: Transaction "UC04_TR07_save_trend" ended with a "Pass" status (Duration: 1,0619 Think Time: 1,0061 Wasted Time: 0,0002).	[MsgId: MMSG-16870]
Action.c(376): Notify: Transaction "UC04_TR08_back_to_trends_page" started.	[MsgId: MMSG-16999]
Action.c(379): web_remove_auto_header("Origin") started  	[MsgId: MMSG-26355]
Action.c(379): Previous automatically added web header for "Origin" removed  	[MsgId: MMSG-26587]
Action.c(379): web_remove/revert_auto_header("Origin") was successful  	[MsgId: MMSG-26392]
Action.c(383): web_url("slaReportProfile_3") started  	[MsgId: MMSG-26355]
Action.c(383): Continuing after Error -26612: HTTP Status-Code=500 (Internal Server Error) for "https://dev-boomq.pflb.ru/test-srv/slaReportProfile"  	[MsgId: MERR-26612]
End auto log messages stack.	[MsgId: MMSG-10544]


Start auto log messages stack - Iteration 6.	[MsgId: MMSG-10545]
Action.c(142): web_add_auto_header("Authorization") highest severity level was "warning"  	[MsgId: MMSG-26391]
Action.c(144): web_add_cookie started  	[MsgId: MMSG-26355]
Action.c(144): web_add_cookie was successful  	[MsgId: MMSG-26392]
Action.c(146): web_url("testRunner") started  	[MsgId: MMSG-26355]
Action.c(146): web_url("testRunner") was successful, 532 body bytes, 378 header bytes, 12 chunking overhead bytes  	[MsgId: MMSG-26385]
Action.c(156): lr_think_time: 1,00 seconds.	[MsgId: MMSG-15948]
Action.c(157): Notify: Transaction "UC04_TR01_login" ended with a "Pass" status (Duration: 1,4718 Think Time: 1,0096 Wasted Time: 0,0006).	[MsgId: MMSG-16870]
Action.c(166): Notify: Transaction "UC04_TR02_trend_page" started.	[MsgId: MMSG-16999]
Action.c(169): web_url("slaReportProfile") started  	[MsgId: MMSG-26355]
Action.c(169): Continuing after Error -26612: HTTP Status-Code=500 (Internal Server Error) for "https://dev-boomq.pflb.ru/test-srv/slaReportProfile"  	[MsgId: MERR-26612]
End auto log messages stack.	[MsgId: MMSG-10544]


Start auto log messages stack - Iteration 6.	[MsgId: MMSG-10545]
Action.c(351): web_custom_request("slaReportProfile_2") started  	[MsgId: MMSG-26355]
Action.c(351): web_custom_request("slaReportProfile_2") was successful, 966 body bytes, 467 header bytes, 12 chunking overhead bytes  	[MsgId: MMSG-26385]
Action.c(366): lr_think_time: 1,00 seconds.	[MsgId: MMSG-15948]
Action.c(367): Notify: Transaction "UC04_TR07_save_trend" ended with a "Pass" status (Duration: 1,0582 Think Time: 1,0099 Wasted Time: 0,0001).	[MsgId: MMSG-16870]
Action.c(376): Notify: Transaction "UC04_TR08_back_to_trends_page" started.	[MsgId: MMSG-16999]
Action.c(379): web_remove_auto_header("Origin") started  	[MsgId: MMSG-26355]
Action.c(379): Previous automatically added web header for "Origin" removed  	[MsgId: MMSG-26587]
Action.c(379): web_remove/revert_auto_header("Origin") was successful  	[MsgId: MMSG-26392]
Action.c(383): web_url("slaReportProfile_3") started  	[MsgId: MMSG-26355]
Action.c(383): Continuing after Error -26612: HTTP Status-Code=500 (Internal Server Error) for "https://dev-boomq.pflb.ru/test-srv/slaReportProfile"  	[MsgId: MERR-26612]
End auto log messages stack.	[MsgId: MMSG-10544]


Start auto log messages stack - Iteration 7.	[MsgId: MMSG-10545]
Action.c(142): web_add_auto_header("Authorization") highest severity level was "warning"  	[MsgId: MMSG-26391]
Action.c(144): web_add_cookie started  	[MsgId: MMSG-26355]
Action.c(144): web_add_cookie was successful  	[MsgId: MMSG-26392]
Action.c(146): web_url("testRunner") started  	[MsgId: MMSG-26355]
Action.c(146): web_url("testRunner") was successful, 532 body bytes, 378 header bytes, 12 chunking overhead bytes  	[MsgId: MMSG-26385]
Action.c(156): lr_think_time: 1,00 seconds.	[MsgId: MMSG-15948]
Action.c(157): Notify: Transaction "UC04_TR01_login" ended with a "Pass" status (Duration: 1,4929 Think Time: 1,0141 Wasted Time: 0,0004).	[MsgId: MMSG-16870]
Action.c(166): Notify: Transaction "UC04_TR02_trend_page" started.	[MsgId: MMSG-16999]
Action.c(169): web_url("slaReportProfile") started  	[MsgId: MMSG-26355]
Action.c(169): Continuing after Error -26612: HTTP Status-Code=500 (Internal Server Error) for "https://dev-boomq.pflb.ru/test-srv/slaReportProfile"  	[MsgId: MERR-26612]
End auto log messages stack.	[MsgId: MMSG-10544]


Start auto log messages stack - Iteration 7.	[MsgId: MMSG-10545]
Action.c(351): web_custom_request("slaReportProfile_2") started  	[MsgId: MMSG-26355]
Action.c(351): web_custom_request("slaReportProfile_2") was successful, 966 body bytes, 467 header bytes, 12 chunking overhead bytes  	[MsgId: MMSG-26385]
Action.c(366): lr_think_time: 1,00 seconds.	[MsgId: MMSG-15948]
Action.c(367): Notify: Transaction "UC04_TR07_save_trend" ended with a "Pass" status (Duration: 1,0736 Think Time: 1,0159 Wasted Time: 0,0002).	[MsgId: MMSG-16870]
Action.c(376): Notify: Transaction "UC04_TR08_back_to_trends_page" started.	[MsgId: MMSG-16999]
Action.c(379): web_remove_auto_header("Origin") started  	[MsgId: MMSG-26355]
Action.c(379): Previous automatically added web header for "Origin" removed  	[MsgId: MMSG-26587]
Action.c(379): web_remove/revert_auto_header("Origin") was successful  	[MsgId: MMSG-26392]
Action.c(383): web_url("slaReportProfile_3") started  	[MsgId: MMSG-26355]
Action.c(383): Continuing after Error -26612: HTTP Status-Code=500 (Internal Server Error) for "https://dev-boomq.pflb.ru/test-srv/slaReportProfile"  	[MsgId: MERR-26612]
End auto log messages stack.	[MsgId: MMSG-10544]


Start auto log messages stack - Iteration 8.	[MsgId: MMSG-10545]
Action.c(142): web_add_auto_header("Authorization") highest severity level was "warning"  	[MsgId: MMSG-26391]
Action.c(144): web_add_cookie started  	[MsgId: MMSG-26355]
Action.c(144): web_add_cookie was successful  	[MsgId: MMSG-26392]
Action.c(146): web_url("testRunner") started  	[MsgId: MMSG-26355]
Action.c(146): web_url("testRunner") was successful, 532 body bytes, 378 header bytes, 12 chunking overhead bytes  	[MsgId: MMSG-26385]
Action.c(156): lr_think_time: 1,00 seconds.	[MsgId: MMSG-15948]
Action.c(157): Notify: Transaction "UC04_TR01_login" ended with a "Pass" status (Duration: 1,4752 Think Time: 1,0033 Wasted Time: 0,0006).	[MsgId: MMSG-16870]
Action.c(166): Notify: Transaction "UC04_TR02_trend_page" started.	[MsgId: MMSG-16999]
Action.c(169): web_url("slaReportProfile") started  	[MsgId: MMSG-26355]
Action.c(169): Continuing after Error -26612: HTTP Status-Code=500 (Internal Server Error) for "https://dev-boomq.pflb.ru/test-srv/slaReportProfile"  	[MsgId: MERR-26612]
End auto log messages stack.	[MsgId: MMSG-10544]


Start auto log messages stack - Iteration 8.	[MsgId: MMSG-10545]
Action.c(351): web_custom_request("slaReportProfile_2") started  	[MsgId: MMSG-26355]
Action.c(351): web_custom_request("slaReportProfile_2") was successful, 966 body bytes, 467 header bytes, 12 chunking overhead bytes  	[MsgId: MMSG-26385]
Action.c(366): lr_think_time: 1,00 seconds.	[MsgId: MMSG-15948]
Action.c(367): Notify: Transaction "UC04_TR07_save_trend" ended with a "Pass" status (Duration: 1,0540 Think Time: 1,0078 Wasted Time: 0,0002).	[MsgId: MMSG-16870]
Action.c(376): Notify: Transaction "UC04_TR08_back_to_trends_page" started.	[MsgId: MMSG-16999]
Action.c(379): web_remove_auto_header("Origin") started  	[MsgId: MMSG-26355]
Action.c(379): Previous automatically added web header for "Origin" removed  	[MsgId: MMSG-26587]
Action.c(379): web_remove/revert_auto_header("Origin") was successful  	[MsgId: MMSG-26392]
Action.c(383): web_url("slaReportProfile_3") started  	[MsgId: MMSG-26355]
Action.c(383): Continuing after Error -26612: HTTP Status-Code=500 (Internal Server Error) for "https://dev-boomq.pflb.ru/test-srv/slaReportProfile"  	[MsgId: MERR-26612]
End auto log messages stack.	[MsgId: MMSG-10544]


Start auto log messages stack - Iteration 9.	[MsgId: MMSG-10545]
Action.c(142): web_add_auto_header("Authorization") highest severity level was "warning"  	[MsgId: MMSG-26391]
Action.c(144): web_add_cookie started  	[MsgId: MMSG-26355]
Action.c(144): web_add_cookie was successful  	[MsgId: MMSG-26392]
Action.c(146): web_url("testRunner") started  	[MsgId: MMSG-26355]
Action.c(146): web_url("testRunner") was successful, 532 body bytes, 378 header bytes, 12 chunking overhead bytes  	[MsgId: MMSG-26385]
Action.c(156): lr_think_time: 1,00 seconds.	[MsgId: MMSG-15948]
Action.c(157): Notify: Transaction "UC04_TR01_login" ended with a "Pass" status (Duration: 1,4849 Think Time: 1,0078 Wasted Time: 0,0005).	[MsgId: MMSG-16870]
Action.c(166): Notify: Transaction "UC04_TR02_trend_page" started.	[MsgId: MMSG-16999]
Action.c(169): web_url("slaReportProfile") started  	[MsgId: MMSG-26355]
Action.c(169): Continuing after Error -26612: HTTP Status-Code=500 (Internal Server Error) for "https://dev-boomq.pflb.ru/test-srv/slaReportProfile"  	[MsgId: MERR-26612]
End auto log messages stack.	[MsgId: MMSG-10544]


Start auto log messages stack - Iteration 9.	[MsgId: MMSG-10545]
Action.c(351): web_custom_request("slaReportProfile_2") started  	[MsgId: MMSG-26355]
Action.c(351): web_custom_request("slaReportProfile_2") was successful, 966 body bytes, 467 header bytes, 12 chunking overhead bytes  	[MsgId: MMSG-26385]
Action.c(366): lr_think_time: 1,00 seconds.	[MsgId: MMSG-15948]
Action.c(367): Notify: Transaction "UC04_TR07_save_trend" ended with a "Pass" status (Duration: 1,0559 Think Time: 1,0051 Wasted Time: 0,0001).	[MsgId: MMSG-16870]
Action.c(376): Notify: Transaction "UC04_TR08_back_to_trends_page" started.	[MsgId: MMSG-16999]
Action.c(379): web_remove_auto_header("Origin") started  	[MsgId: MMSG-26355]
Action.c(379): Previous automatically added web header for "Origin" removed  	[MsgId: MMSG-26587]
Action.c(379): web_remove/revert_auto_header("Origin") was successful  	[MsgId: MMSG-26392]
Action.c(383): web_url("slaReportProfile_3") started  	[MsgId: MMSG-26355]
Action.c(383): Continuing after Error -26612: HTTP Status-Code=500 (Internal Server Error) for "https://dev-boomq.pflb.ru/test-srv/slaReportProfile"  	[MsgId: MERR-26612]
End auto log messages stack.	[MsgId: MMSG-10544]


Start auto log messages stack - Iteration 10.	[MsgId: MMSG-10545]
Action.c(142): web_add_auto_header("Authorization") highest severity level was "warning"  	[MsgId: MMSG-26391]
Action.c(144): web_add_cookie started  	[MsgId: MMSG-26355]
Action.c(144): web_add_cookie was successful  	[MsgId: MMSG-26392]
Action.c(146): web_url("testRunner") started  	[MsgId: MMSG-26355]
Action.c(146): web_url("testRunner") was successful, 532 body bytes, 378 header bytes, 12 chunking overhead bytes  	[MsgId: MMSG-26385]
Action.c(156): lr_think_time: 1,00 seconds.	[MsgId: MMSG-15948]
Action.c(157): Notify: Transaction "UC04_TR01_login" ended with a "Pass" status (Duration: 1,4768 Think Time: 1,0132 Wasted Time: 0,0006).	[MsgId: MMSG-16870]
Action.c(166): Notify: Transaction "UC04_TR02_trend_page" started.	[MsgId: MMSG-16999]
Action.c(169): web_url("slaReportProfile") started  	[MsgId: MMSG-26355]
Action.c(169): Continuing after Error -26612: HTTP Status-Code=500 (Internal Server Error) for "https://dev-boomq.pflb.ru/test-srv/slaReportProfile"  	[MsgId: MERR-26612]
End auto log messages stack.	[MsgId: MMSG-10544]


Start auto log messages stack - Iteration 10.	[MsgId: MMSG-10545]
Action.c(351): web_custom_request("slaReportProfile_2") started  	[MsgId: MMSG-26355]
Action.c(351): web_custom_request("slaReportProfile_2") was successful, 966 body bytes, 467 header bytes, 12 chunking overhead bytes  	[MsgId: MMSG-26385]
Action.c(366): lr_think_time: 1,00 seconds.	[MsgId: MMSG-15948]
Action.c(367): Notify: Transaction "UC04_TR07_save_trend" ended with a "Pass" status (Duration: 1,0737 Think Time: 1,0134 Wasted Time: 0,0002).	[MsgId: MMSG-16870]
Action.c(376): Notify: Transaction "UC04_TR08_back_to_trends_page" started.	[MsgId: MMSG-16999]
Action.c(379): web_remove_auto_header("Origin") started  	[MsgId: MMSG-26355]
Action.c(379): Previous automatically added web header for "Origin" removed  	[MsgId: MMSG-26587]
Action.c(379): web_remove/revert_auto_header("Origin") was successful  	[MsgId: MMSG-26392]
Action.c(383): web_url("slaReportProfile_3") started  	[MsgId: MMSG-26355]
Action.c(383): Continuing after Error -26612: HTTP Status-Code=500 (Internal Server Error) for "https://dev-boomq.pflb.ru/test-srv/slaReportProfile"  	[MsgId: MERR-26612]
End auto log messages stack.	[MsgId: MMSG-10544]


Start auto log messages stack - Iteration 11.	[MsgId: MMSG-10545]
Action.c(142): web_add_auto_header("Authorization") highest severity level was "warning"  	[MsgId: MMSG-26391]
Action.c(144): web_add_cookie started  	[MsgId: MMSG-26355]
Action.c(144): web_add_cookie was successful  	[MsgId: MMSG-26392]
Action.c(146): web_url("testRunner") started  	[MsgId: MMSG-26355]
Action.c(146): web_url("testRunner") was successful, 532 body bytes, 378 header bytes, 12 chunking overhead bytes  	[MsgId: MMSG-26385]
Action.c(156): lr_think_time: 1,00 seconds.	[MsgId: MMSG-15948]
Action.c(157): Notify: Transaction "UC04_TR01_login" ended with a "Pass" status (Duration: 1,5055 Think Time: 1,0140 Wasted Time: 0,0006).	[MsgId: MMSG-16870]
Action.c(166): Notify: Transaction "UC04_TR02_trend_page" started.	[MsgId: MMSG-16999]
Action.c(169): web_url("slaReportProfile") started  	[MsgId: MMSG-26355]
Action.c(169): Continuing after Error -26612: HTTP Status-Code=500 (Internal Server Error) for "https://dev-boomq.pflb.ru/test-srv/slaReportProfile"  	[MsgId: MERR-26612]
End auto log messages stack.	[MsgId: MMSG-10544]


Start auto log messages stack - Iteration 11.	[MsgId: MMSG-10545]
Action.c(351): web_custom_request("slaReportProfile_2") started  	[MsgId: MMSG-26355]
Action.c(351): web_custom_request("slaReportProfile_2") was successful, 966 body bytes, 467 header bytes, 12 chunking overhead bytes  	[MsgId: MMSG-26385]
Action.c(366): lr_think_time: 1,00 seconds.	[MsgId: MMSG-15948]
Action.c(367): Notify: Transaction "UC04_TR07_save_trend" ended with a "Pass" status (Duration: 1,0608 Think Time: 1,0136 Wasted Time: 0,0002).	[MsgId: MMSG-16870]
Action.c(376): Notify: Transaction "UC04_TR08_back_to_trends_page" started.	[MsgId: MMSG-16999]
Action.c(379): web_remove_auto_header("Origin") started  	[MsgId: MMSG-26355]
Action.c(379): Previous automatically added web header for "Origin" removed  	[MsgId: MMSG-26587]
Action.c(379): web_remove/revert_auto_header("Origin") was successful  	[MsgId: MMSG-26392]
Action.c(383): web_url("slaReportProfile_3") started  	[MsgId: MMSG-26355]
Action.c(383): Continuing after Error -26612: HTTP Status-Code=500 (Internal Server Error) for "https://dev-boomq.pflb.ru/test-srv/slaReportProfile"  	[MsgId: MERR-26612]
End auto log messages stack.	[MsgId: MMSG-10544]


Start auto log messages stack - Iteration 12.	[MsgId: MMSG-10545]
Action.c(142): web_add_auto_header("Authorization") highest severity level was "warning"  	[MsgId: MMSG-26391]
Action.c(144): web_add_cookie started  	[MsgId: MMSG-26355]
Action.c(144): web_add_cookie was successful  	[MsgId: MMSG-26392]
Action.c(146): web_url("testRunner") started  	[MsgId: MMSG-26355]
Action.c(146): web_url("testRunner") was successful, 532 body bytes, 378 header bytes, 12 chunking overhead bytes  	[MsgId: MMSG-26385]
Action.c(156): lr_think_time: 1,00 seconds.	[MsgId: MMSG-15948]
Action.c(157): Notify: Transaction "UC04_TR01_login" ended with a "Pass" status (Duration: 1,4758 Think Time: 1,0015 Wasted Time: 0,0005).	[MsgId: MMSG-16870]
Action.c(166): Notify: Transaction "UC04_TR02_trend_page" started.	[MsgId: MMSG-16999]
Action.c(169): web_url("slaReportProfile") started  	[MsgId: MMSG-26355]
Action.c(169): Continuing after Error -26612: HTTP Status-Code=500 (Internal Server Error) for "https://dev-boomq.pflb.ru/test-srv/slaReportProfile"  	[MsgId: MERR-26612]
End auto log messages stack.	[MsgId: MMSG-10544]


Start auto log messages stack - Iteration 12.	[MsgId: MMSG-10545]
Action.c(351): web_custom_request("slaReportProfile_2") started  	[MsgId: MMSG-26355]
Action.c(351): web_custom_request("slaReportProfile_2") was successful, 966 body bytes, 467 header bytes, 12 chunking overhead bytes  	[MsgId: MMSG-26385]
Action.c(366): lr_think_time: 1,00 seconds.	[MsgId: MMSG-15948]
Action.c(367): Notify: Transaction "UC04_TR07_save_trend" ended with a "Pass" status (Duration: 1,0587 Think Time: 1,0115 Wasted Time: 0,0002).	[MsgId: MMSG-16870]
Action.c(376): Notify: Transaction "UC04_TR08_back_to_trends_page" started.	[MsgId: MMSG-16999]
Action.c(379): web_remove_auto_header("Origin") started  	[MsgId: MMSG-26355]
Action.c(379): Previous automatically added web header for "Origin" removed  	[MsgId: MMSG-26587]
Action.c(379): web_remove/revert_auto_header("Origin") was successful  	[MsgId: MMSG-26392]
Action.c(383): web_url("slaReportProfile_3") started  	[MsgId: MMSG-26355]
Action.c(383): Continuing after Error -26612: HTTP Status-Code=500 (Internal Server Error) for "https://dev-boomq.pflb.ru/test-srv/slaReportProfile"  	[MsgId: MERR-26612]
End auto log messages stack.	[MsgId: MMSG-10544]


Start auto log messages stack - Iteration 13.	[MsgId: MMSG-10545]
Action.c(142): web_add_auto_header("Authorization") highest severity level was "warning"  	[MsgId: MMSG-26391]
Action.c(144): web_add_cookie started  	[MsgId: MMSG-26355]
Action.c(144): web_add_cookie was successful  	[MsgId: MMSG-26392]
Action.c(146): web_url("testRunner") started  	[MsgId: MMSG-26355]
Action.c(146): web_url("testRunner") was successful, 532 body bytes, 378 header bytes, 12 chunking overhead bytes  	[MsgId: MMSG-26385]
Action.c(156): lr_think_time: 1,00 seconds.	[MsgId: MMSG-15948]
Action.c(157): Notify: Transaction "UC04_TR01_login" ended with a "Pass" status (Duration: 1,5074 Think Time: 1,0041 Wasted Time: 0,0004).	[MsgId: MMSG-16870]
Action.c(166): Notify: Transaction "UC04_TR02_trend_page" started.	[MsgId: MMSG-16999]
Action.c(169): web_url("slaReportProfile") started  	[MsgId: MMSG-26355]
Action.c(169): Continuing after Error -26612: HTTP Status-Code=500 (Internal Server Error) for "https://dev-boomq.pflb.ru/test-srv/slaReportProfile"  	[MsgId: MERR-26612]
End auto log messages stack.	[MsgId: MMSG-10544]


Start auto log messages stack - Iteration 13.	[MsgId: MMSG-10545]
Action.c(351): web_custom_request("slaReportProfile_2") started  	[MsgId: MMSG-26355]
Action.c(351): web_custom_request("slaReportProfile_2") was successful, 966 body bytes, 467 header bytes, 12 chunking overhead bytes  	[MsgId: MMSG-26385]
Action.c(366): lr_think_time: 1,00 seconds.	[MsgId: MMSG-15948]
Action.c(367): Notify: Transaction "UC04_TR07_save_trend" ended with a "Pass" status (Duration: 1,0575 Think Time: 1,0113 Wasted Time: 0,0002).	[MsgId: MMSG-16870]
Action.c(376): Notify: Transaction "UC04_TR08_back_to_trends_page" started.	[MsgId: MMSG-16999]
Action.c(379): web_remove_auto_header("Origin") started  	[MsgId: MMSG-26355]
Action.c(379): Previous automatically added web header for "Origin" removed  	[MsgId: MMSG-26587]
Action.c(379): web_remove/revert_auto_header("Origin") was successful  	[MsgId: MMSG-26392]
Action.c(383): web_url("slaReportProfile_3") started  	[MsgId: MMSG-26355]
Action.c(383): Continuing after Error -26612: HTTP Status-Code=500 (Internal Server Error) for "https://dev-boomq.pflb.ru/test-srv/slaReportProfile"  	[MsgId: MERR-26612]
End auto log messages stack.	[MsgId: MMSG-10544]


Start auto log messages stack - Iteration 14.	[MsgId: MMSG-10545]
Action.c(142): web_add_auto_header("Authorization") highest severity level was "warning"  	[MsgId: MMSG-26391]
Action.c(144): web_add_cookie started  	[MsgId: MMSG-26355]
Action.c(144): web_add_cookie was successful  	[MsgId: MMSG-26392]
Action.c(146): web_url("testRunner") started  	[MsgId: MMSG-26355]
Action.c(146): web_url("testRunner") was successful, 532 body bytes, 378 header bytes, 12 chunking overhead bytes  	[MsgId: MMSG-26385]
Action.c(156): lr_think_time: 1,00 seconds.	[MsgId: MMSG-15948]
Action.c(157): Notify: Transaction "UC04_TR01_login" ended with a "Pass" status (Duration: 1,4725 Think Time: 1,0112 Wasted Time: 0,0005).	[MsgId: MMSG-16870]
Action.c(166): Notify: Transaction "UC04_TR02_trend_page" started.	[MsgId: MMSG-16999]
Action.c(169): web_url("slaReportProfile") started  	[MsgId: MMSG-26355]
Action.c(169): Continuing after Error -26612: HTTP Status-Code=500 (Internal Server Error) for "https://dev-boomq.pflb.ru/test-srv/slaReportProfile"  	[MsgId: MERR-26612]
End auto log messages stack.	[MsgId: MMSG-10544]


Start auto log messages stack - Iteration 14.	[MsgId: MMSG-10545]
Action.c(351): web_custom_request("slaReportProfile_2") started  	[MsgId: MMSG-26355]
Action.c(351): web_custom_request("slaReportProfile_2") was successful, 966 body bytes, 467 header bytes, 12 chunking overhead bytes  	[MsgId: MMSG-26385]
Action.c(366): lr_think_time: 1,00 seconds.	[MsgId: MMSG-15948]
Action.c(367): Notify: Transaction "UC04_TR07_save_trend" ended with a "Pass" status (Duration: 1,0518 Think Time: 1,0046 Wasted Time: 0,0004).	[MsgId: MMSG-16870]
Action.c(376): Notify: Transaction "UC04_TR08_back_to_trends_page" started.	[MsgId: MMSG-16999]
Action.c(379): web_remove_auto_header("Origin") started  	[MsgId: MMSG-26355]
Action.c(379): Previous automatically added web header for "Origin" removed  	[MsgId: MMSG-26587]
Action.c(379): web_remove/revert_auto_header("Origin") was successful  	[MsgId: MMSG-26392]
Action.c(383): web_url("slaReportProfile_3") started  	[MsgId: MMSG-26355]
Action.c(383): Continuing after Error -26612: HTTP Status-Code=500 (Internal Server Error) for "https://dev-boomq.pflb.ru/test-srv/slaReportProfile"  	[MsgId: MERR-26612]
End auto log messages stack.	[MsgId: MMSG-10544]


Start auto log messages stack - Iteration 15.	[MsgId: MMSG-10545]
Action.c(142): web_add_auto_header("Authorization") highest severity level was "warning"  	[MsgId: MMSG-26391]
Action.c(144): web_add_cookie started  	[MsgId: MMSG-26355]
Action.c(144): web_add_cookie was successful  	[MsgId: MMSG-26392]
Action.c(146): web_url("testRunner") started  	[MsgId: MMSG-26355]
Action.c(146): web_url("testRunner") was successful, 532 body bytes, 378 header bytes, 12 chunking overhead bytes  	[MsgId: MMSG-26385]
Action.c(156): lr_think_time: 1,00 seconds.	[MsgId: MMSG-15948]
Action.c(157): Notify: Transaction "UC04_TR01_login" ended with a "Pass" status (Duration: 1,4766 Think Time: 1,0004 Wasted Time: 0,0005).	[MsgId: MMSG-16870]
Action.c(166): Notify: Transaction "UC04_TR02_trend_page" started.	[MsgId: MMSG-16999]
Action.c(169): web_url("slaReportProfile") started  	[MsgId: MMSG-26355]
Action.c(169): Continuing after Error -26612: HTTP Status-Code=500 (Internal Server Error) for "https://dev-boomq.pflb.ru/test-srv/slaReportProfile"  	[MsgId: MERR-26612]
End auto log messages stack.	[MsgId: MMSG-10544]


Start auto log messages stack - Iteration 15.	[MsgId: MMSG-10545]
Action.c(351): web_custom_request("slaReportProfile_2") started  	[MsgId: MMSG-26355]
Action.c(351): web_custom_request("slaReportProfile_2") was successful, 966 body bytes, 467 header bytes, 12 chunking overhead bytes  	[MsgId: MMSG-26385]
Action.c(366): lr_think_time: 1,00 seconds.	[MsgId: MMSG-15948]
Action.c(367): Notify: Transaction "UC04_TR07_save_trend" ended with a "Pass" status (Duration: 1,0561 Think Time: 1,0116 Wasted Time: 0,0002).	[MsgId: MMSG-16870]
Action.c(376): Notify: Transaction "UC04_TR08_back_to_trends_page" started.	[MsgId: MMSG-16999]
Action.c(379): web_remove_auto_header("Origin") started  	[MsgId: MMSG-26355]
Action.c(379): Previous automatically added web header for "Origin" removed  	[MsgId: MMSG-26587]
Action.c(379): web_remove/revert_auto_header("Origin") was successful  	[MsgId: MMSG-26392]
Action.c(383): web_url("slaReportProfile_3") started  	[MsgId: MMSG-26355]
Action.c(383): Continuing after Error -26612: HTTP Status-Code=500 (Internal Server Error) for "https://dev-boomq.pflb.ru/test-srv/slaReportProfile"  	[MsgId: MERR-26612]
End auto log messages stack.	[MsgId: MMSG-10544]


Start auto log messages stack - Iteration 16.	[MsgId: MMSG-10545]
Action.c(142): web_add_auto_header("Authorization") highest severity level was "warning"  	[MsgId: MMSG-26391]
Action.c(144): web_add_cookie started  	[MsgId: MMSG-26355]
Action.c(144): web_add_cookie was successful  	[MsgId: MMSG-26392]
Action.c(146): web_url("testRunner") started  	[MsgId: MMSG-26355]
Action.c(146): web_url("testRunner") was successful, 532 body bytes, 378 header bytes, 12 chunking overhead bytes  	[MsgId: MMSG-26385]
Action.c(156): lr_think_time: 1,00 seconds.	[MsgId: MMSG-15948]
Action.c(157): Notify: Transaction "UC04_TR01_login" ended with a "Pass" status (Duration: 1,5075 Think Time: 1,0142 Wasted Time: 0,0006).	[MsgId: MMSG-16870]
Action.c(166): Notify: Transaction "UC04_TR02_trend_page" started.	[MsgId: MMSG-16999]
Action.c(169): web_url("slaReportProfile") started  	[MsgId: MMSG-26355]
Action.c(169): Continuing after Error -26612: HTTP Status-Code=500 (Internal Server Error) for "https://dev-boomq.pflb.ru/test-srv/slaReportProfile"  	[MsgId: MERR-26612]
End auto log messages stack.	[MsgId: MMSG-10544]


Start auto log messages stack - Iteration 16.	[MsgId: MMSG-10545]
Action.c(351): web_custom_request("slaReportProfile_2") started  	[MsgId: MMSG-26355]
Action.c(351): web_custom_request("slaReportProfile_2") was successful, 966 body bytes, 467 header bytes, 12 chunking overhead bytes  	[MsgId: MMSG-26385]
Action.c(366): lr_think_time: 1,00 seconds.	[MsgId: MMSG-15948]
Action.c(367): Notify: Transaction "UC04_TR07_save_trend" ended with a "Pass" status (Duration: 1,0582 Think Time: 1,0044 Wasted Time: 0,0002).	[MsgId: MMSG-16870]
Action.c(376): Notify: Transaction "UC04_TR08_back_to_trends_page" started.	[MsgId: MMSG-16999]
Action.c(379): web_remove_auto_header("Origin") started  	[MsgId: MMSG-26355]
Action.c(379): Previous automatically added web header for "Origin" removed  	[MsgId: MMSG-26587]
Action.c(379): web_remove/revert_auto_header("Origin") was successful  	[MsgId: MMSG-26392]
Action.c(383): web_url("slaReportProfile_3") started  	[MsgId: MMSG-26355]
Action.c(383): Continuing after Error -26612: HTTP Status-Code=500 (Internal Server Error) for "https://dev-boomq.pflb.ru/test-srv/slaReportProfile"  	[MsgId: MERR-26612]
End auto log messages stack.	[MsgId: MMSG-10544]


Start auto log messages stack - Iteration 17.	[MsgId: MMSG-10545]
Action.c(142): web_add_auto_header("Authorization") highest severity level was "warning"  	[MsgId: MMSG-26391]
Action.c(144): web_add_cookie started  	[MsgId: MMSG-26355]
Action.c(144): web_add_cookie was successful  	[MsgId: MMSG-26392]
Action.c(146): web_url("testRunner") started  	[MsgId: MMSG-26355]
Action.c(146): web_url("testRunner") was successful, 532 body bytes, 378 header bytes, 12 chunking overhead bytes  	[MsgId: MMSG-26385]
Action.c(156): lr_think_time: 1,00 seconds.	[MsgId: MMSG-15948]
Action.c(157): Notify: Transaction "UC04_TR01_login" ended with a "Pass" status (Duration: 1,4562 Think Time: 1,0048 Wasted Time: 0,0006).	[MsgId: MMSG-16870]
Action.c(166): Notify: Transaction "UC04_TR02_trend_page" started.	[MsgId: MMSG-16999]
Action.c(169): web_url("slaReportProfile") started  	[MsgId: MMSG-26355]
Action.c(169): Continuing after Error -26612: HTTP Status-Code=500 (Internal Server Error) for "https://dev-boomq.pflb.ru/test-srv/slaReportProfile"  	[MsgId: MERR-26612]
End auto log messages stack.	[MsgId: MMSG-10544]


Start auto log messages stack - Iteration 17.	[MsgId: MMSG-10545]
Action.c(351): web_custom_request("slaReportProfile_2") started  	[MsgId: MMSG-26355]
Action.c(351): web_custom_request("slaReportProfile_2") was successful, 966 body bytes, 467 header bytes, 12 chunking overhead bytes  	[MsgId: MMSG-26385]
Action.c(366): lr_think_time: 1,00 seconds.	[MsgId: MMSG-15948]
Action.c(367): Notify: Transaction "UC04_TR07_save_trend" ended with a "Pass" status (Duration: 1,0694 Think Time: 1,0005 Wasted Time: 0,0002).	[MsgId: MMSG-16870]
Action.c(376): Notify: Transaction "UC04_TR08_back_to_trends_page" started.	[MsgId: MMSG-16999]
Action.c(379): web_remove_auto_header("Origin") started  	[MsgId: MMSG-26355]
Action.c(379): Previous automatically added web header for "Origin" removed  	[MsgId: MMSG-26587]
Action.c(379): web_remove/revert_auto_header("Origin") was successful  	[MsgId: MMSG-26392]
Action.c(383): web_url("slaReportProfile_3") started  	[MsgId: MMSG-26355]
Action.c(383): Continuing after Error -26612: HTTP Status-Code=500 (Internal Server Error) for "https://dev-boomq.pflb.ru/test-srv/slaReportProfile"  	[MsgId: MERR-26612]
End auto log messages stack.	[MsgId: MMSG-10544]


Start auto log messages stack - Iteration 18.	[MsgId: MMSG-10545]
Action.c(142): web_add_auto_header("Authorization") highest severity level was "warning"  	[MsgId: MMSG-26391]
Action.c(144): web_add_cookie started  	[MsgId: MMSG-26355]
Action.c(144): web_add_cookie was successful  	[MsgId: MMSG-26392]
Action.c(146): web_url("testRunner") started  	[MsgId: MMSG-26355]
Action.c(146): web_url("testRunner") was successful, 532 body bytes, 378 header bytes, 12 chunking overhead bytes  	[MsgId: MMSG-26385]
Action.c(156): lr_think_time: 1,00 seconds.	[MsgId: MMSG-15948]
Action.c(157): Notify: Transaction "UC04_TR01_login" ended with a "Pass" status (Duration: 1,5063 Think Time: 1,0097 Wasted Time: 0,0006).	[MsgId: MMSG-16870]
Action.c(166): Notify: Transaction "UC04_TR02_trend_page" started.	[MsgId: MMSG-16999]
Action.c(169): web_url("slaReportProfile") started  	[MsgId: MMSG-26355]
Action.c(169): Continuing after Error -26612: HTTP Status-Code=500 (Internal Server Error) for "https://dev-boomq.pflb.ru/test-srv/slaReportProfile"  	[MsgId: MERR-26612]
End auto log messages stack.	[MsgId: MMSG-10544]


Start auto log messages stack - Iteration 18.	[MsgId: MMSG-10545]
Action.c(351): web_custom_request("slaReportProfile_2") started  	[MsgId: MMSG-26355]
Action.c(351): web_custom_request("slaReportProfile_2") was successful, 966 body bytes, 467 header bytes, 12 chunking overhead bytes  	[MsgId: MMSG-26385]
Action.c(366): lr_think_time: 1,00 seconds.	[MsgId: MMSG-15948]
Action.c(367): Notify: Transaction "UC04_TR07_save_trend" ended with a "Pass" status (Duration: 1,0596 Think Time: 1,0105 Wasted Time: 0,0001).	[MsgId: MMSG-16870]
Action.c(376): Notify: Transaction "UC04_TR08_back_to_trends_page" started.	[MsgId: MMSG-16999]
Action.c(379): web_remove_auto_header("Origin") started  	[MsgId: MMSG-26355]
Action.c(379): Previous automatically added web header for "Origin" removed  	[MsgId: MMSG-26587]
Action.c(379): web_remove/revert_auto_header("Origin") was successful  	[MsgId: MMSG-26392]
Action.c(383): web_url("slaReportProfile_3") started  	[MsgId: MMSG-26355]
Action.c(383): Continuing after Error -26612: HTTP Status-Code=500 (Internal Server Error) for "https://dev-boomq.pflb.ru/test-srv/slaReportProfile"  	[MsgId: MERR-26612]
End auto log messages stack.	[MsgId: MMSG-10544]


Start auto log messages stack - Iteration 19.	[MsgId: MMSG-10545]
Action.c(142): web_add_auto_header("Authorization") highest severity level was "warning"  	[MsgId: MMSG-26391]
Action.c(144): web_add_cookie started  	[MsgId: MMSG-26355]
Action.c(144): web_add_cookie was successful  	[MsgId: MMSG-26392]
Action.c(146): web_url("testRunner") started  	[MsgId: MMSG-26355]
Action.c(146): web_url("testRunner") was successful, 532 body bytes, 378 header bytes, 12 chunking overhead bytes  	[MsgId: MMSG-26385]
Action.c(156): lr_think_time: 1,00 seconds.	[MsgId: MMSG-15948]
Action.c(157): Notify: Transaction "UC04_TR01_login" ended with a "Pass" status (Duration: 1,4793 Think Time: 1,0011 Wasted Time: 0,0006).	[MsgId: MMSG-16870]
Action.c(166): Notify: Transaction "UC04_TR02_trend_page" started.	[MsgId: MMSG-16999]
Action.c(169): web_url("slaReportProfile") started  	[MsgId: MMSG-26355]
Action.c(169): Continuing after Error -26612: HTTP Status-Code=500 (Internal Server Error) for "https://dev-boomq.pflb.ru/test-srv/slaReportProfile"  	[MsgId: MERR-26612]
End auto log messages stack.	[MsgId: MMSG-10544]


Start auto log messages stack - Iteration 19.	[MsgId: MMSG-10545]
Action.c(351): web_custom_request("slaReportProfile_2") started  	[MsgId: MMSG-26355]
Action.c(351): web_custom_request("slaReportProfile_2") was successful, 966 body bytes, 467 header bytes, 12 chunking overhead bytes  	[MsgId: MMSG-26385]
Action.c(366): lr_think_time: 1,00 seconds.	[MsgId: MMSG-15948]
Action.c(367): Notify: Transaction "UC04_TR07_save_trend" ended with a "Pass" status (Duration: 1,0578 Think Time: 1,0115 Wasted Time: 0,0001).	[MsgId: MMSG-16870]
Action.c(376): Notify: Transaction "UC04_TR08_back_to_trends_page" started.	[MsgId: MMSG-16999]
Action.c(379): web_remove_auto_header("Origin") started  	[MsgId: MMSG-26355]
Action.c(379): Previous automatically added web header for "Origin" removed  	[MsgId: MMSG-26587]
Action.c(379): web_remove/revert_auto_header("Origin") was successful  	[MsgId: MMSG-26392]
Action.c(383): web_url("slaReportProfile_3") started  	[MsgId: MMSG-26355]
Action.c(383): Continuing after Error -26612: HTTP Status-Code=500 (Internal Server Error) for "https://dev-boomq.pflb.ru/test-srv/slaReportProfile"  	[MsgId: MERR-26612]
End auto log messages stack.	[MsgId: MMSG-10544]


Start auto log messages stack - Iteration 20.	[MsgId: MMSG-10545]
Action.c(142): web_add_auto_header("Authorization") highest severity level was "warning"  	[MsgId: MMSG-26391]
Action.c(144): web_add_cookie started  	[MsgId: MMSG-26355]
Action.c(144): web_add_cookie was successful  	[MsgId: MMSG-26392]
Action.c(146): web_url("testRunner") started  	[MsgId: MMSG-26355]
Action.c(146): web_url("testRunner") was successful, 532 body bytes, 378 header bytes, 12 chunking overhead bytes  	[MsgId: MMSG-26385]
Action.c(156): lr_think_time: 1,00 seconds.	[MsgId: MMSG-15948]
Action.c(157): Notify: Transaction "UC04_TR01_login" ended with a "Pass" status (Duration: 1,4762 Think Time: 1,0095 Wasted Time: 0,0005).	[MsgId: MMSG-16870]
Action.c(166): Notify: Transaction "UC04_TR02_trend_page" started.	[MsgId: MMSG-16999]
Action.c(169): web_url("slaReportProfile") started  	[MsgId: MMSG-26355]
Action.c(169): Continuing after Error -26612: HTTP Status-Code=500 (Internal Server Error) for "https://dev-boomq.pflb.ru/test-srv/slaReportProfile"  	[MsgId: MERR-26612]
End auto log messages stack.	[MsgId: MMSG-10544]


Start auto log messages stack - Iteration 20.	[MsgId: MMSG-10545]
Action.c(351): web_custom_request("slaReportProfile_2") started  	[MsgId: MMSG-26355]
Action.c(351): web_custom_request("slaReportProfile_2") was successful, 966 body bytes, 467 header bytes, 12 chunking overhead bytes  	[MsgId: MMSG-26385]
Action.c(366): lr_think_time: 1,00 seconds.	[MsgId: MMSG-15948]
Action.c(367): Notify: Transaction "UC04_TR07_save_trend" ended with a "Pass" status (Duration: 1,0608 Think Time: 1,0136 Wasted Time: 0,0002).	[MsgId: MMSG-16870]
Action.c(376): Notify: Transaction "UC04_TR08_back_to_trends_page" started.	[MsgId: MMSG-16999]
Action.c(379): web_remove_auto_header("Origin") started  	[MsgId: MMSG-26355]
Action.c(379): Previous automatically added web header for "Origin" removed  	[MsgId: MMSG-26587]
Action.c(379): web_remove/revert_auto_header("Origin") was successful  	[MsgId: MMSG-26392]
Action.c(383): web_url("slaReportProfile_3") started  	[MsgId: MMSG-26355]
Action.c(383): Continuing after Error -26612: HTTP Status-Code=500 (Internal Server Error) for "https://dev-boomq.pflb.ru/test-srv/slaReportProfile"  	[MsgId: MERR-26612]
End auto log messages stack.	[MsgId: MMSG-10544]


Start auto log messages stack - Iteration 21.	[MsgId: MMSG-10545]
Action.c(142): web_add_auto_header("Authorization") highest severity level was "warning"  	[MsgId: MMSG-26391]
Action.c(144): web_add_cookie started  	[MsgId: MMSG-26355]
Action.c(144): web_add_cookie was successful  	[MsgId: MMSG-26392]
Action.c(146): web_url("testRunner") started  	[MsgId: MMSG-26355]
Action.c(146): web_url("testRunner") was successful, 532 body bytes, 378 header bytes, 12 chunking overhead bytes  	[MsgId: MMSG-26385]
Action.c(156): lr_think_time: 1,00 seconds.	[MsgId: MMSG-15948]
Action.c(157): Notify: Transaction "UC04_TR01_login" ended with a "Pass" status (Duration: 1,4994 Think Time: 1,0131 Wasted Time: 0,0005).	[MsgId: MMSG-16870]
Action.c(166): Notify: Transaction "UC04_TR02_trend_page" started.	[MsgId: MMSG-16999]
Action.c(169): web_url("slaReportProfile") started  	[MsgId: MMSG-26355]
Action.c(169): Continuing after Error -26612: HTTP Status-Code=500 (Internal Server Error) for "https://dev-boomq.pflb.ru/test-srv/slaReportProfile"  	[MsgId: MERR-26612]
End auto log messages stack.	[MsgId: MMSG-10544]


Start auto log messages stack - Iteration 21.	[MsgId: MMSG-10545]
Action.c(351): web_custom_request("slaReportProfile_2") started  	[MsgId: MMSG-26355]
Action.c(351): web_custom_request("slaReportProfile_2") was successful, 966 body bytes, 467 header bytes, 12 chunking overhead bytes  	[MsgId: MMSG-26385]
Action.c(366): lr_think_time: 1,00 seconds.	[MsgId: MMSG-15948]
Action.c(367): Notify: Transaction "UC04_TR07_save_trend" ended with a "Pass" status (Duration: 1,0548 Think Time: 1,0121 Wasted Time: 0,0002).	[MsgId: MMSG-16870]
Action.c(376): Notify: Transaction "UC04_TR08_back_to_trends_page" started.	[MsgId: MMSG-16999]
Action.c(379): web_remove_auto_header("Origin") started  	[MsgId: MMSG-26355]
Action.c(379): Previous automatically added web header for "Origin" removed  	[MsgId: MMSG-26587]
Action.c(379): web_remove/revert_auto_header("Origin") was successful  	[MsgId: MMSG-26392]
Action.c(383): web_url("slaReportProfile_3") started  	[MsgId: MMSG-26355]
Action.c(383): Continuing after Error -26612: HTTP Status-Code=500 (Internal Server Error) for "https://dev-boomq.pflb.ru/test-srv/slaReportProfile"  	[MsgId: MERR-26612]
End auto log messages stack.	[MsgId: MMSG-10544]


Start auto log messages stack - Iteration 22.	[MsgId: MMSG-10545]
Action.c(142): web_add_auto_header("Authorization") highest severity level was "warning"  	[MsgId: MMSG-26391]
Action.c(144): web_add_cookie started  	[MsgId: MMSG-26355]
Action.c(144): web_add_cookie was successful  	[MsgId: MMSG-26392]
Action.c(146): web_url("testRunner") started  	[MsgId: MMSG-26355]
Action.c(146): web_url("testRunner") was successful, 532 body bytes, 378 header bytes, 12 chunking overhead bytes  	[MsgId: MMSG-26385]
Action.c(156): lr_think_time: 1,00 seconds.	[MsgId: MMSG-15948]
Action.c(157): Notify: Transaction "UC04_TR01_login" ended with a "Pass" status (Duration: 1,6340 Think Time: 1,0000 Wasted Time: 0,0004).	[MsgId: MMSG-16870]
Action.c(166): Notify: Transaction "UC04_TR02_trend_page" started.	[MsgId: MMSG-16999]
Action.c(169): web_url("slaReportProfile") started  	[MsgId: MMSG-26355]
Action.c(169): Continuing after Error -26612: HTTP Status-Code=500 (Internal Server Error) for "https://dev-boomq.pflb.ru/test-srv/slaReportProfile"  	[MsgId: MERR-26612]
End auto log messages stack.	[MsgId: MMSG-10544]


Start auto log messages stack - Iteration 22.	[MsgId: MMSG-10545]
Action.c(351): web_custom_request("slaReportProfile_2") started  	[MsgId: MMSG-26355]
Action.c(351): web_custom_request("slaReportProfile_2") was successful, 966 body bytes, 467 header bytes, 12 chunking overhead bytes  	[MsgId: MMSG-26385]
Action.c(366): lr_think_time: 1,00 seconds.	[MsgId: MMSG-15948]
Action.c(367): Notify: Transaction "UC04_TR07_save_trend" ended with a "Pass" status (Duration: 1,0722 Think Time: 1,0064 Wasted Time: 0,0002).	[MsgId: MMSG-16870]
Action.c(376): Notify: Transaction "UC04_TR08_back_to_trends_page" started.	[MsgId: MMSG-16999]
Action.c(379): web_remove_auto_header("Origin") started  	[MsgId: MMSG-26355]
Action.c(379): Previous automatically added web header for "Origin" removed  	[MsgId: MMSG-26587]
Action.c(379): web_remove/revert_auto_header("Origin") was successful  	[MsgId: MMSG-26392]
Action.c(383): web_url("slaReportProfile_3") started  	[MsgId: MMSG-26355]
Action.c(383): Continuing after Error -26612: HTTP Status-Code=500 (Internal Server Error) for "https://dev-boomq.pflb.ru/test-srv/slaReportProfile"  	[MsgId: MERR-26612]
End auto log messages stack.	[MsgId: MMSG-10544]


Start auto log messages stack - Iteration 23.	[MsgId: MMSG-10545]
Action.c(142): web_add_auto_header("Authorization") highest severity level was "warning"  	[MsgId: MMSG-26391]
Action.c(144): web_add_cookie started  	[MsgId: MMSG-26355]
Action.c(144): web_add_cookie was successful  	[MsgId: MMSG-26392]
Action.c(146): web_url("testRunner") started  	[MsgId: MMSG-26355]
Action.c(146): web_url("testRunner") was successful, 532 body bytes, 378 header bytes, 12 chunking overhead bytes  	[MsgId: MMSG-26385]
Action.c(156): lr_think_time: 1,00 seconds.	[MsgId: MMSG-15948]
Action.c(157): Notify: Transaction "UC04_TR01_login" ended with a "Pass" status (Duration: 1,6148 Think Time: 1,0051 Wasted Time: 0,0006).	[MsgId: MMSG-16870]
Action.c(166): Notify: Transaction "UC04_TR02_trend_page" started.	[MsgId: MMSG-16999]
Action.c(169): web_url("slaReportProfile") started  	[MsgId: MMSG-26355]
Action.c(169): Continuing after Error -26612: HTTP Status-Code=500 (Internal Server Error) for "https://dev-boomq.pflb.ru/test-srv/slaReportProfile"  	[MsgId: MERR-26612]
End auto log messages stack.	[MsgId: MMSG-10544]


Start auto log messages stack - Iteration 23.	[MsgId: MMSG-10545]
Action.c(351): web_custom_request("slaReportProfile_2") started  	[MsgId: MMSG-26355]
Action.c(351): web_custom_request("slaReportProfile_2") was successful, 966 body bytes, 467 header bytes, 12 chunking overhead bytes  	[MsgId: MMSG-26385]
Action.c(366): lr_think_time: 1,00 seconds.	[MsgId: MMSG-15948]
Action.c(367): Notify: Transaction "UC04_TR07_save_trend" ended with a "Pass" status (Duration: 1,0704 Think Time: 1,0029 Wasted Time: 0,0002).	[MsgId: MMSG-16870]
Action.c(376): Notify: Transaction "UC04_TR08_back_to_trends_page" started.	[MsgId: MMSG-16999]
Action.c(379): web_remove_auto_header("Origin") started  	[MsgId: MMSG-26355]
Action.c(379): Previous automatically added web header for "Origin" removed  	[MsgId: MMSG-26587]
Action.c(379): web_remove/revert_auto_header("Origin") was successful  	[MsgId: MMSG-26392]
Action.c(383): web_url("slaReportProfile_3") started  	[MsgId: MMSG-26355]
Action.c(383): Continuing after Error -26612: HTTP Status-Code=500 (Internal Server Error) for "https://dev-boomq.pflb.ru/test-srv/slaReportProfile"  	[MsgId: MERR-26612]
End auto log messages stack.	[MsgId: MMSG-10544]


Start auto log messages stack - Iteration 24.	[MsgId: MMSG-10545]
Action.c(142): web_add_auto_header("Authorization") highest severity level was "warning"  	[MsgId: MMSG-26391]
Action.c(144): web_add_cookie started  	[MsgId: MMSG-26355]
Action.c(144): web_add_cookie was successful  	[MsgId: MMSG-26392]
Action.c(146): web_url("testRunner") started  	[MsgId: MMSG-26355]
Action.c(146): web_url("testRunner") was successful, 532 body bytes, 378 header bytes, 12 chunking overhead bytes  	[MsgId: MMSG-26385]
Action.c(156): lr_think_time: 1,00 seconds.	[MsgId: MMSG-15948]
Action.c(157): Notify: Transaction "UC04_TR01_login" ended with a "Pass" status (Duration: 1,5074 Think Time: 1,0107 Wasted Time: 0,0006).	[MsgId: MMSG-16870]
Action.c(166): Notify: Transaction "UC04_TR02_trend_page" started.	[MsgId: MMSG-16999]
Action.c(169): web_url("slaReportProfile") started  	[MsgId: MMSG-26355]
Action.c(169): Continuing after Error -26612: HTTP Status-Code=500 (Internal Server Error) for "https://dev-boomq.pflb.ru/test-srv/slaReportProfile"  	[MsgId: MERR-26612]
End auto log messages stack.	[MsgId: MMSG-10544]


Start auto log messages stack - Iteration 24.	[MsgId: MMSG-10545]
Action.c(351): web_custom_request("slaReportProfile_2") started  	[MsgId: MMSG-26355]
Action.c(351): web_custom_request("slaReportProfile_2") was successful, 966 body bytes, 467 header bytes, 12 chunking overhead bytes  	[MsgId: MMSG-26385]
Action.c(366): lr_think_time: 1,00 seconds.	[MsgId: MMSG-15948]
Action.c(367): Notify: Transaction "UC04_TR07_save_trend" ended with a "Pass" status (Duration: 1,0578 Think Time: 1,0110 Wasted Time: 0,0003).	[MsgId: MMSG-16870]
Action.c(376): Notify: Transaction "UC04_TR08_back_to_trends_page" started.	[MsgId: MMSG-16999]
Action.c(379): web_remove_auto_header("Origin") started  	[MsgId: MMSG-26355]
Action.c(379): Previous automatically added web header for "Origin" removed  	[MsgId: MMSG-26587]
Action.c(379): web_remove/revert_auto_header("Origin") was successful  	[MsgId: MMSG-26392]
Action.c(383): web_url("slaReportProfile_3") started  	[MsgId: MMSG-26355]
Action.c(383): Continuing after Error -26612: HTTP Status-Code=500 (Internal Server Error) for "https://dev-boomq.pflb.ru/test-srv/slaReportProfile"  	[MsgId: MERR-26612]
End auto log messages stack.	[MsgId: MMSG-10544]


Start auto log messages stack - Iteration 25.	[MsgId: MMSG-10545]
Action.c(142): web_add_auto_header("Authorization") highest severity level was "warning"  	[MsgId: MMSG-26391]
Action.c(144): web_add_cookie started  	[MsgId: MMSG-26355]
Action.c(144): web_add_cookie was successful  	[MsgId: MMSG-26392]
Action.c(146): web_url("testRunner") started  	[MsgId: MMSG-26355]
Action.c(146): web_url("testRunner") was successful, 532 body bytes, 378 header bytes, 12 chunking overhead bytes  	[MsgId: MMSG-26385]
Action.c(156): lr_think_time: 1,00 seconds.	[MsgId: MMSG-15948]
Action.c(157): Notify: Transaction "UC04_TR01_login" ended with a "Pass" status (Duration: 1,5410 Think Time: 1,0039 Wasted Time: 0,0006).	[MsgId: MMSG-16870]
Action.c(166): Notify: Transaction "UC04_TR02_trend_page" started.	[MsgId: MMSG-16999]
Action.c(169): web_url("slaReportProfile") started  	[MsgId: MMSG-26355]
Action.c(169): Continuing after Error -26612: HTTP Status-Code=500 (Internal Server Error) for "https://dev-boomq.pflb.ru/test-srv/slaReportProfile"  	[MsgId: MERR-26612]
End auto log messages stack.	[MsgId: MMSG-10544]


Start auto log messages stack - Iteration 25.	[MsgId: MMSG-10545]
Action.c(351): web_custom_request("slaReportProfile_2") started  	[MsgId: MMSG-26355]
Action.c(351): web_custom_request("slaReportProfile_2") was successful, 966 body bytes, 467 header bytes, 12 chunking overhead bytes  	[MsgId: MMSG-26385]
Action.c(366): lr_think_time: 1,00 seconds.	[MsgId: MMSG-15948]
Action.c(367): Notify: Transaction "UC04_TR07_save_trend" ended with a "Pass" status (Duration: 1,0580 Think Time: 1,0150 Wasted Time: 0,0002).	[MsgId: MMSG-16870]
Action.c(376): Notify: Transaction "UC04_TR08_back_to_trends_page" started.	[MsgId: MMSG-16999]
Action.c(379): web_remove_auto_header("Origin") started  	[MsgId: MMSG-26355]
Action.c(379): Previous automatically added web header for "Origin" removed  	[MsgId: MMSG-26587]
Action.c(379): web_remove/revert_auto_header("Origin") was successful  	[MsgId: MMSG-26392]
Action.c(383): web_url("slaReportProfile_3") started  	[MsgId: MMSG-26355]
Action.c(383): Continuing after Error -26612: HTTP Status-Code=500 (Internal Server Error) for "https://dev-boomq.pflb.ru/test-srv/slaReportProfile"  	[MsgId: MERR-26612]
End auto log messages stack.	[MsgId: MMSG-10544]


Start auto log messages stack - Iteration 26.	[MsgId: MMSG-10545]
Action.c(142): web_add_auto_header("Authorization") highest severity level was "warning"  	[MsgId: MMSG-26391]
Action.c(144): web_add_cookie started  	[MsgId: MMSG-26355]
Action.c(144): web_add_cookie was successful  	[MsgId: MMSG-26392]
Action.c(146): web_url("testRunner") started  	[MsgId: MMSG-26355]
Action.c(146): web_url("testRunner") was successful, 532 body bytes, 378 header bytes, 12 chunking overhead bytes  	[MsgId: MMSG-26385]
Action.c(156): lr_think_time: 1,00 seconds.	[MsgId: MMSG-15948]
Action.c(157): Notify: Transaction "UC04_TR01_login" ended with a "Pass" status (Duration: 1,5092 Think Time: 1,0081 Wasted Time: 0,0005).	[MsgId: MMSG-16870]
Action.c(166): Notify: Transaction "UC04_TR02_trend_page" started.	[MsgId: MMSG-16999]
Action.c(169): web_url("slaReportProfile") started  	[MsgId: MMSG-26355]
Action.c(169): Continuing after Error -26612: HTTP Status-Code=500 (Internal Server Error) for "https://dev-boomq.pflb.ru/test-srv/slaReportProfile"  	[MsgId: MERR-26612]
End auto log messages stack.	[MsgId: MMSG-10544]


Start auto log messages stack - Iteration 26.	[MsgId: MMSG-10545]
Action.c(351): web_custom_request("slaReportProfile_2") started  	[MsgId: MMSG-26355]
Action.c(351): web_custom_request("slaReportProfile_2") was successful, 966 body bytes, 467 header bytes, 12 chunking overhead bytes  	[MsgId: MMSG-26385]
Action.c(366): lr_think_time: 1,00 seconds.	[MsgId: MMSG-15948]
Action.c(367): Notify: Transaction "UC04_TR07_save_trend" ended with a "Pass" status (Duration: 1,0592 Think Time: 1,0137 Wasted Time: 0,0002).	[MsgId: MMSG-16870]
Action.c(376): Notify: Transaction "UC04_TR08_back_to_trends_page" started.	[MsgId: MMSG-16999]
Action.c(379): web_remove_auto_header("Origin") started  	[MsgId: MMSG-26355]
Action.c(379): Previous automatically added web header for "Origin" removed  	[MsgId: MMSG-26587]
Action.c(379): web_remove/revert_auto_header("Origin") was successful  	[MsgId: MMSG-26392]
Action.c(383): web_url("slaReportProfile_3") started  	[MsgId: MMSG-26355]
Action.c(383): Continuing after Error -26612: HTTP Status-Code=500 (Internal Server Error) for "https://dev-boomq.pflb.ru/test-srv/slaReportProfile"  	[MsgId: MERR-26612]
End auto log messages stack.	[MsgId: MMSG-10544]


Start auto log messages stack - Iteration 27.	[MsgId: MMSG-10545]
Action.c(142): web_add_auto_header("Authorization") highest severity level was "warning"  	[MsgId: MMSG-26391]
Action.c(144): web_add_cookie started  	[MsgId: MMSG-26355]
Action.c(144): web_add_cookie was successful  	[MsgId: MMSG-26392]
Action.c(146): web_url("testRunner") started  	[MsgId: MMSG-26355]
Action.c(146): web_url("testRunner") was successful, 532 body bytes, 378 header bytes, 12 chunking overhead bytes  	[MsgId: MMSG-26385]
Action.c(156): lr_think_time: 1,00 seconds.	[MsgId: MMSG-15948]
Action.c(157): Notify: Transaction "UC04_TR01_login" ended with a "Pass" status (Duration: 1,4924 Think Time: 0,9995 Wasted Time: 0,0006).	[MsgId: MMSG-16870]
Action.c(166): Notify: Transaction "UC04_TR02_trend_page" started.	[MsgId: MMSG-16999]
Action.c(169): web_url("slaReportProfile") started  	[MsgId: MMSG-26355]
Action.c(169): Continuing after Error -26612: HTTP Status-Code=500 (Internal Server Error) for "https://dev-boomq.pflb.ru/test-srv/slaReportProfile"  	[MsgId: MERR-26612]
End auto log messages stack.	[MsgId: MMSG-10544]


Start auto log messages stack - Iteration 27.	[MsgId: MMSG-10545]
Action.c(351): web_custom_request("slaReportProfile_2") started  	[MsgId: MMSG-26355]
Action.c(351): web_custom_request("slaReportProfile_2") was successful, 966 body bytes, 467 header bytes, 12 chunking overhead bytes  	[MsgId: MMSG-26385]
Action.c(366): lr_think_time: 1,00 seconds.	[MsgId: MMSG-15948]
Action.c(367): Notify: Transaction "UC04_TR07_save_trend" ended with a "Pass" status (Duration: 1,0666 Think Time: 1,0083 Wasted Time: 0,0002).	[MsgId: MMSG-16870]
Action.c(376): Notify: Transaction "UC04_TR08_back_to_trends_page" started.	[MsgId: MMSG-16999]
Action.c(379): web_remove_auto_header("Origin") started  	[MsgId: MMSG-26355]
Action.c(379): Previous automatically added web header for "Origin" removed  	[MsgId: MMSG-26587]
Action.c(379): web_remove/revert_auto_header("Origin") was successful  	[MsgId: MMSG-26392]
Action.c(383): web_url("slaReportProfile_3") started  	[MsgId: MMSG-26355]
Action.c(383): Continuing after Error -26612: HTTP Status-Code=500 (Internal Server Error) for "https://dev-boomq.pflb.ru/test-srv/slaReportProfile"  	[MsgId: MERR-26612]
End auto log messages stack.	[MsgId: MMSG-10544]


Start auto log messages stack - Iteration 28.	[MsgId: MMSG-10545]
Action.c(142): web_add_auto_header("Authorization") highest severity level was "warning"  	[MsgId: MMSG-26391]
Action.c(144): web_add_cookie started  	[MsgId: MMSG-26355]
Action.c(144): web_add_cookie was successful  	[MsgId: MMSG-26392]
Action.c(146): web_url("testRunner") started  	[MsgId: MMSG-26355]
Action.c(146): web_url("testRunner") was successful, 532 body bytes, 378 header bytes, 12 chunking overhead bytes  	[MsgId: MMSG-26385]
Action.c(156): lr_think_time: 1,00 seconds.	[MsgId: MMSG-15948]
Action.c(157): Notify: Transaction "UC04_TR01_login" ended with a "Pass" status (Duration: 1,5509 Think Time: 1,0023 Wasted Time: 0,0006).	[MsgId: MMSG-16870]
Action.c(166): Notify: Transaction "UC04_TR02_trend_page" started.	[MsgId: MMSG-16999]
Action.c(169): web_url("slaReportProfile") started  	[MsgId: MMSG-26355]
Action.c(169): Continuing after Error -26612: HTTP Status-Code=500 (Internal Server Error) for "https://dev-boomq.pflb.ru/test-srv/slaReportProfile"  	[MsgId: MERR-26612]
End auto log messages stack.	[MsgId: MMSG-10544]


Start auto log messages stack - Iteration 28.	[MsgId: MMSG-10545]
Action.c(351): web_custom_request("slaReportProfile_2") started  	[MsgId: MMSG-26355]
Action.c(351): web_custom_request("slaReportProfile_2") was successful, 966 body bytes, 467 header bytes, 12 chunking overhead bytes  	[MsgId: MMSG-26385]
Action.c(366): lr_think_time: 1,00 seconds.	[MsgId: MMSG-15948]
Action.c(367): Notify: Transaction "UC04_TR07_save_trend" ended with a "Pass" status (Duration: 1,0572 Think Time: 1,0087 Wasted Time: 0,0001).	[MsgId: MMSG-16870]
Action.c(376): Notify: Transaction "UC04_TR08_back_to_trends_page" started.	[MsgId: MMSG-16999]
Action.c(379): web_remove_auto_header("Origin") started  	[MsgId: MMSG-26355]
Action.c(379): Previous automatically added web header for "Origin" removed  	[MsgId: MMSG-26587]
Action.c(379): web_remove/revert_auto_header("Origin") was successful  	[MsgId: MMSG-26392]
Action.c(383): web_url("slaReportProfile_3") started  	[MsgId: MMSG-26355]
Action.c(383): Continuing after Error -26612: HTTP Status-Code=500 (Internal Server Error) for "https://dev-boomq.pflb.ru/test-srv/slaReportProfile"  	[MsgId: MERR-26612]
End auto log messages stack.	[MsgId: MMSG-10544]


Start auto log messages stack - Iteration 29.	[MsgId: MMSG-10545]
Action.c(142): web_add_auto_header("Authorization") highest severity level was "warning"  	[MsgId: MMSG-26391]
Action.c(144): web_add_cookie started  	[MsgId: MMSG-26355]
Action.c(144): web_add_cookie was successful  	[MsgId: MMSG-26392]
Action.c(146): web_url("testRunner") started  	[MsgId: MMSG-26355]
Action.c(146): web_url("testRunner") was successful, 532 body bytes, 378 header bytes, 12 chunking overhead bytes  	[MsgId: MMSG-26385]
Action.c(156): lr_think_time: 1,00 seconds.	[MsgId: MMSG-15948]
Action.c(157): Notify: Transaction "UC04_TR01_login" ended with a "Pass" status (Duration: 1,5106 Think Time: 1,0099 Wasted Time: 0,0005).	[MsgId: MMSG-16870]
Action.c(166): Notify: Transaction "UC04_TR02_trend_page" started.	[MsgId: MMSG-16999]
Action.c(169): web_url("slaReportProfile") started  	[MsgId: MMSG-26355]
Action.c(169): Continuing after Error -26612: HTTP Status-Code=500 (Internal Server Error) for "https://dev-boomq.pflb.ru/test-srv/slaReportProfile"  	[MsgId: MERR-26612]
End auto log messages stack.	[MsgId: MMSG-10544]


Start auto log messages stack - Iteration 29.	[MsgId: MMSG-10545]
Action.c(351): web_custom_request("slaReportProfile_2") started  	[MsgId: MMSG-26355]
Action.c(351): web_custom_request("slaReportProfile_2") was successful, 966 body bytes, 467 header bytes, 12 chunking overhead bytes  	[MsgId: MMSG-26385]
Action.c(366): lr_think_time: 1,00 seconds.	[MsgId: MMSG-15948]
Action.c(367): Notify: Transaction "UC04_TR07_save_trend" ended with a "Pass" status (Duration: 1,0725 Think Time: 1,0129 Wasted Time: 0,0002).	[MsgId: MMSG-16870]
Action.c(376): Notify: Transaction "UC04_TR08_back_to_trends_page" started.	[MsgId: MMSG-16999]
Action.c(379): web_remove_auto_header("Origin") started  	[MsgId: MMSG-26355]
Action.c(379): Previous automatically added web header for "Origin" removed  	[MsgId: MMSG-26587]
Action.c(379): web_remove/revert_auto_header("Origin") was successful  	[MsgId: MMSG-26392]
Action.c(383): web_url("slaReportProfile_3") started  	[MsgId: MMSG-26355]
Action.c(383): Continuing after Error -26612: HTTP Status-Code=500 (Internal Server Error) for "https://dev-boomq.pflb.ru/test-srv/slaReportProfile"  	[MsgId: MERR-26612]
End auto log messages stack.	[MsgId: MMSG-10544]


Start auto log messages stack - Iteration 30.	[MsgId: MMSG-10545]
Action.c(142): web_add_auto_header("Authorization") highest severity level was "warning"  	[MsgId: MMSG-26391]
Action.c(144): web_add_cookie started  	[MsgId: MMSG-26355]
Action.c(144): web_add_cookie was successful  	[MsgId: MMSG-26392]
Action.c(146): web_url("testRunner") started  	[MsgId: MMSG-26355]
Action.c(146): web_url("testRunner") was successful, 532 body bytes, 378 header bytes, 12 chunking overhead bytes  	[MsgId: MMSG-26385]
Action.c(156): lr_think_time: 1,00 seconds.	[MsgId: MMSG-15948]
Action.c(157): Notify: Transaction "UC04_TR01_login" ended with a "Pass" status (Duration: 1,5099 Think Time: 1,0119 Wasted Time: 0,0006).	[MsgId: MMSG-16870]
Action.c(166): Notify: Transaction "UC04_TR02_trend_page" started.	[MsgId: MMSG-16999]
Action.c(169): web_url("slaReportProfile") started  	[MsgId: MMSG-26355]
Action.c(169): Continuing after Error -26612: HTTP Status-Code=500 (Internal Server Error) for "https://dev-boomq.pflb.ru/test-srv/slaReportProfile"  	[MsgId: MERR-26612]
End auto log messages stack.	[MsgId: MMSG-10544]


Start auto log messages stack - Iteration 30.	[MsgId: MMSG-10545]
Action.c(351): web_custom_request("slaReportProfile_2") started  	[MsgId: MMSG-26355]
Action.c(351): web_custom_request("slaReportProfile_2") was successful, 966 body bytes, 467 header bytes, 12 chunking overhead bytes  	[MsgId: MMSG-26385]
Action.c(366): lr_think_time: 1,00 seconds.	[MsgId: MMSG-15948]
Action.c(367): Notify: Transaction "UC04_TR07_save_trend" ended with a "Pass" status (Duration: 1,0610 Think Time: 1,0092 Wasted Time: 0,0002).	[MsgId: MMSG-16870]
Action.c(376): Notify: Transaction "UC04_TR08_back_to_trends_page" started.	[MsgId: MMSG-16999]
Action.c(379): web_remove_auto_header("Origin") started  	[MsgId: MMSG-26355]
Action.c(379): Previous automatically added web header for "Origin" removed  	[MsgId: MMSG-26587]
Action.c(379): web_remove/revert_auto_header("Origin") was successful  	[MsgId: MMSG-26392]
Action.c(383): web_url("slaReportProfile_3") started  	[MsgId: MMSG-26355]
Action.c(383): Continuing after Error -26612: HTTP Status-Code=500 (Internal Server Error) for "https://dev-boomq.pflb.ru/test-srv/slaReportProfile"  	[MsgId: MERR-26612]
End auto log messages stack.	[MsgId: MMSG-10544]


Start auto log messages stack - Iteration 31.	[MsgId: MMSG-10545]
Action.c(142): web_add_auto_header("Authorization") highest severity level was "warning"  	[MsgId: MMSG-26391]
Action.c(144): web_add_cookie started  	[MsgId: MMSG-26355]
Action.c(144): web_add_cookie was successful  	[MsgId: MMSG-26392]
Action.c(146): web_url("testRunner") started  	[MsgId: MMSG-26355]
Action.c(146): web_url("testRunner") was successful, 532 body bytes, 378 header bytes, 12 chunking overhead bytes  	[MsgId: MMSG-26385]
Action.c(156): lr_think_time: 1,00 seconds.	[MsgId: MMSG-15948]
Action.c(157): Notify: Transaction "UC04_TR01_login" ended with a "Pass" status (Duration: 1,5278 Think Time: 1,0131 Wasted Time: 0,0006).	[MsgId: MMSG-16870]
Action.c(166): Notify: Transaction "UC04_TR02_trend_page" started.	[MsgId: MMSG-16999]
Action.c(169): web_url("slaReportProfile") started  	[MsgId: MMSG-26355]
Action.c(169): Continuing after Error -26612: HTTP Status-Code=500 (Internal Server Error) for "https://dev-boomq.pflb.ru/test-srv/slaReportProfile"  	[MsgId: MERR-26612]
End auto log messages stack.	[MsgId: MMSG-10544]


Start auto log messages stack - Iteration 31.	[MsgId: MMSG-10545]
Action.c(351): web_custom_request("slaReportProfile_2") started  	[MsgId: MMSG-26355]
Action.c(351): web_custom_request("slaReportProfile_2") was successful, 966 body bytes, 467 header bytes, 12 chunking overhead bytes  	[MsgId: MMSG-26385]
Action.c(366): lr_think_time: 1,00 seconds.	[MsgId: MMSG-15948]
Action.c(367): Notify: Transaction "UC04_TR07_save_trend" ended with a "Pass" status (Duration: 1,0459 Think Time: 1,0028 Wasted Time: 0,0002).	[MsgId: MMSG-16870]
Action.c(376): Notify: Transaction "UC04_TR08_back_to_trends_page" started.	[MsgId: MMSG-16999]
Action.c(379): web_remove_auto_header("Origin") started  	[MsgId: MMSG-26355]
Action.c(379): Previous automatically added web header for "Origin" removed  	[MsgId: MMSG-26587]
Action.c(379): web_remove/revert_auto_header("Origin") was successful  	[MsgId: MMSG-26392]
Action.c(383): web_url("slaReportProfile_3") started  	[MsgId: MMSG-26355]
Action.c(383): Continuing after Error -26612: HTTP Status-Code=500 (Internal Server Error) for "https://dev-boomq.pflb.ru/test-srv/slaReportProfile"  	[MsgId: MERR-26612]
End auto log messages stack.	[MsgId: MMSG-10544]


Start auto log messages stack - Iteration 32.	[MsgId: MMSG-10545]
Action.c(142): web_add_auto_header("Authorization") highest severity level was "warning"  	[MsgId: MMSG-26391]
Action.c(144): web_add_cookie started  	[MsgId: MMSG-26355]
Action.c(144): web_add_cookie was successful  	[MsgId: MMSG-26392]
Action.c(146): web_url("testRunner") started  	[MsgId: MMSG-26355]
Action.c(146): web_url("testRunner") was successful, 532 body bytes, 378 header bytes, 12 chunking overhead bytes  	[MsgId: MMSG-26385]
Action.c(156): lr_think_time: 1,00 seconds.	[MsgId: MMSG-15948]
Action.c(157): Notify: Transaction "UC04_TR01_login" ended with a "Pass" status (Duration: 1,5115 Think Time: 1,0068 Wasted Time: 0,0005).	[MsgId: MMSG-16870]
Action.c(166): Notify: Transaction "UC04_TR02_trend_page" started.	[MsgId: MMSG-16999]
Action.c(169): web_url("slaReportProfile") started  	[MsgId: MMSG-26355]
Action.c(169): Continuing after Error -26612: HTTP Status-Code=500 (Internal Server Error) for "https://dev-boomq.pflb.ru/test-srv/slaReportProfile"  	[MsgId: MERR-26612]
End auto log messages stack.	[MsgId: MMSG-10544]


Start auto log messages stack - Iteration 32.	[MsgId: MMSG-10545]
Action.c(351): web_custom_request("slaReportProfile_2") started  	[MsgId: MMSG-26355]
Action.c(351): web_custom_request("slaReportProfile_2") was successful, 966 body bytes, 467 header bytes, 12 chunking overhead bytes  	[MsgId: MMSG-26385]
Action.c(366): lr_think_time: 1,00 seconds.	[MsgId: MMSG-15948]
Action.c(367): Notify: Transaction "UC04_TR07_save_trend" ended with a "Pass" status (Duration: 1,0547 Think Time: 1,0068 Wasted Time: 0,0002).	[MsgId: MMSG-16870]
Action.c(376): Notify: Transaction "UC04_TR08_back_to_trends_page" started.	[MsgId: MMSG-16999]
Action.c(379): web_remove_auto_header("Origin") started  	[MsgId: MMSG-26355]
Action.c(379): Previous automatically added web header for "Origin" removed  	[MsgId: MMSG-26587]
Action.c(379): web_remove/revert_auto_header("Origin") was successful  	[MsgId: MMSG-26392]
Action.c(383): web_url("slaReportProfile_3") started  	[MsgId: MMSG-26355]
Action.c(383): Continuing after Error -26612: HTTP Status-Code=500 (Internal Server Error) for "https://dev-boomq.pflb.ru/test-srv/slaReportProfile"  	[MsgId: MERR-26612]
End auto log messages stack.	[MsgId: MMSG-10544]


Start auto log messages stack - Iteration 33.	[MsgId: MMSG-10545]
Action.c(142): web_add_auto_header("Authorization") highest severity level was "warning"  	[MsgId: MMSG-26391]
Action.c(144): web_add_cookie started  	[MsgId: MMSG-26355]
Action.c(144): web_add_cookie was successful  	[MsgId: MMSG-26392]
Action.c(146): web_url("testRunner") started  	[MsgId: MMSG-26355]
Action.c(146): web_url("testRunner") was successful, 532 body bytes, 378 header bytes, 12 chunking overhead bytes  	[MsgId: MMSG-26385]
Action.c(156): lr_think_time: 1,00 seconds.	[MsgId: MMSG-15948]
Action.c(157): Notify: Transaction "UC04_TR01_login" ended with a "Pass" status (Duration: 1,5107 Think Time: 1,0050 Wasted Time: 0,0006).	[MsgId: MMSG-16870]
Action.c(166): Notify: Transaction "UC04_TR02_trend_page" started.	[MsgId: MMSG-16999]
Action.c(169): web_url("slaReportProfile") started  	[MsgId: MMSG-26355]
Action.c(169): Continuing after Error -26612: HTTP Status-Code=500 (Internal Server Error) for "https://dev-boomq.pflb.ru/test-srv/slaReportProfile"  	[MsgId: MERR-26612]
End auto log messages stack.	[MsgId: MMSG-10544]


Start auto log messages stack - Iteration 33.	[MsgId: MMSG-10545]
Action.c(351): web_custom_request("slaReportProfile_2") started  	[MsgId: MMSG-26355]
Action.c(351): web_custom_request("slaReportProfile_2") was successful, 966 body bytes, 467 header bytes, 12 chunking overhead bytes  	[MsgId: MMSG-26385]
Action.c(366): lr_think_time: 1,00 seconds.	[MsgId: MMSG-15948]
Action.c(367): Notify: Transaction "UC04_TR07_save_trend" ended with a "Pass" status (Duration: 1,0548 Think Time: 1,0131 Wasted Time: 0,0002).	[MsgId: MMSG-16870]
Action.c(376): Notify: Transaction "UC04_TR08_back_to_trends_page" started.	[MsgId: MMSG-16999]
Action.c(379): web_remove_auto_header("Origin") started  	[MsgId: MMSG-26355]
Action.c(379): Previous automatically added web header for "Origin" removed  	[MsgId: MMSG-26587]
Action.c(379): web_remove/revert_auto_header("Origin") was successful  	[MsgId: MMSG-26392]
Action.c(383): web_url("slaReportProfile_3") started  	[MsgId: MMSG-26355]
Action.c(383): Continuing after Error -26612: HTTP Status-Code=500 (Internal Server Error) for "https://dev-boomq.pflb.ru/test-srv/slaReportProfile"  	[MsgId: MERR-26612]
End auto log messages stack.	[MsgId: MMSG-10544]


Start auto log messages stack - Iteration 34.	[MsgId: MMSG-10545]
Action.c(142): web_add_auto_header("Authorization") highest severity level was "warning"  	[MsgId: MMSG-26391]
Action.c(144): web_add_cookie started  	[MsgId: MMSG-26355]
Action.c(144): web_add_cookie was successful  	[MsgId: MMSG-26392]
Action.c(146): web_url("testRunner") started  	[MsgId: MMSG-26355]
Action.c(146): web_url("testRunner") was successful, 532 body bytes, 378 header bytes, 12 chunking overhead bytes  	[MsgId: MMSG-26385]
Action.c(156): lr_think_time: 1,00 seconds.	[MsgId: MMSG-15948]
Action.c(157): Notify: Transaction "UC04_TR01_login" ended with a "Pass" status (Duration: 1,5400 Think Time: 1,0032 Wasted Time: 0,0006).	[MsgId: MMSG-16870]
Action.c(166): Notify: Transaction "UC04_TR02_trend_page" started.	[MsgId: MMSG-16999]
Action.c(169): web_url("slaReportProfile") started  	[MsgId: MMSG-26355]
Action.c(169): Continuing after Error -26612: HTTP Status-Code=500 (Internal Server Error) for "https://dev-boomq.pflb.ru/test-srv/slaReportProfile"  	[MsgId: MERR-26612]
End auto log messages stack.	[MsgId: MMSG-10544]


Start auto log messages stack - Iteration 34.	[MsgId: MMSG-10545]
Action.c(351): web_custom_request("slaReportProfile_2") started  	[MsgId: MMSG-26355]
Action.c(351): web_custom_request("slaReportProfile_2") was successful, 966 body bytes, 467 header bytes, 12 chunking overhead bytes  	[MsgId: MMSG-26385]
Action.c(366): lr_think_time: 1,00 seconds.	[MsgId: MMSG-15948]
Action.c(367): Notify: Transaction "UC04_TR07_save_trend" ended with a "Pass" status (Duration: 1,0567 Think Time: 1,0123 Wasted Time: 0,0002).	[MsgId: MMSG-16870]
Action.c(376): Notify: Transaction "UC04_TR08_back_to_trends_page" started.	[MsgId: MMSG-16999]
Action.c(379): web_remove_auto_header("Origin") started  	[MsgId: MMSG-26355]
Action.c(379): Previous automatically added web header for "Origin" removed  	[MsgId: MMSG-26587]
Action.c(379): web_remove/revert_auto_header("Origin") was successful  	[MsgId: MMSG-26392]
Action.c(383): web_url("slaReportProfile_3") started  	[MsgId: MMSG-26355]
Action.c(383): Continuing after Error -26612: HTTP Status-Code=500 (Internal Server Error) for "https://dev-boomq.pflb.ru/test-srv/slaReportProfile"  	[MsgId: MERR-26612]
End auto log messages stack.	[MsgId: MMSG-10544]


Start auto log messages stack - Iteration 35.	[MsgId: MMSG-10545]
Action.c(142): web_add_auto_header("Authorization") highest severity level was "warning"  	[MsgId: MMSG-26391]
Action.c(144): web_add_cookie started  	[MsgId: MMSG-26355]
Action.c(144): web_add_cookie was successful  	[MsgId: MMSG-26392]
Action.c(146): web_url("testRunner") started  	[MsgId: MMSG-26355]
Action.c(146): web_url("testRunner") was successful, 532 body bytes, 378 header bytes, 12 chunking overhead bytes  	[MsgId: MMSG-26385]
Action.c(156): lr_think_time: 1,00 seconds.	[MsgId: MMSG-15948]
Action.c(157): Notify: Transaction "UC04_TR01_login" ended with a "Pass" status (Duration: 1,4777 Think Time: 1,0094 Wasted Time: 0,0005).	[MsgId: MMSG-16870]
Action.c(166): Notify: Transaction "UC04_TR02_trend_page" started.	[MsgId: MMSG-16999]
Action.c(169): web_url("slaReportProfile") started  	[MsgId: MMSG-26355]
Action.c(169): Continuing after Error -26612: HTTP Status-Code=500 (Internal Server Error) for "https://dev-boomq.pflb.ru/test-srv/slaReportProfile"  	[MsgId: MERR-26612]
End auto log messages stack.	[MsgId: MMSG-10544]


Start auto log messages stack - Iteration 35.	[MsgId: MMSG-10545]
Action.c(351): web_custom_request("slaReportProfile_2") started  	[MsgId: MMSG-26355]
Action.c(351): web_custom_request("slaReportProfile_2") was successful, 966 body bytes, 467 header bytes, 12 chunking overhead bytes  	[MsgId: MMSG-26385]
Action.c(366): lr_think_time: 1,00 seconds.	[MsgId: MMSG-15948]
Action.c(367): Notify: Transaction "UC04_TR07_save_trend" ended with a "Pass" status (Duration: 1,0574 Think Time: 1,0132 Wasted Time: 0,0001).	[MsgId: MMSG-16870]
Action.c(376): Notify: Transaction "UC04_TR08_back_to_trends_page" started.	[MsgId: MMSG-16999]
Action.c(379): web_remove_auto_header("Origin") started  	[MsgId: MMSG-26355]
Action.c(379): Previous automatically added web header for "Origin" removed  	[MsgId: MMSG-26587]
Action.c(379): web_remove/revert_auto_header("Origin") was successful  	[MsgId: MMSG-26392]
Action.c(383): web_url("slaReportProfile_3") started  	[MsgId: MMSG-26355]
Action.c(383): Continuing after Error -26612: HTTP Status-Code=500 (Internal Server Error) for "https://dev-boomq.pflb.ru/test-srv/slaReportProfile"  	[MsgId: MERR-26612]
End auto log messages stack.	[MsgId: MMSG-10544]


Start auto log messages stack - Iteration 36.	[MsgId: MMSG-10545]
Action.c(142): web_add_auto_header("Authorization") highest severity level was "warning"  	[MsgId: MMSG-26391]
Action.c(144): web_add_cookie started  	[MsgId: MMSG-26355]
Action.c(144): web_add_cookie was successful  	[MsgId: MMSG-26392]
Action.c(146): web_url("testRunner") started  	[MsgId: MMSG-26355]
Action.c(146): web_url("testRunner") was successful, 532 body bytes, 378 header bytes, 12 chunking overhead bytes  	[MsgId: MMSG-26385]
Action.c(156): lr_think_time: 1,00 seconds.	[MsgId: MMSG-15948]
Action.c(157): Notify: Transaction "UC04_TR01_login" ended with a "Pass" status (Duration: 1,4933 Think Time: 1,0121 Wasted Time: 0,0005).	[MsgId: MMSG-16870]
Action.c(166): Notify: Transaction "UC04_TR02_trend_page" started.	[MsgId: MMSG-16999]
Action.c(169): web_url("slaReportProfile") started  	[MsgId: MMSG-26355]
Action.c(169): Continuing after Error -26612: HTTP Status-Code=500 (Internal Server Error) for "https://dev-boomq.pflb.ru/test-srv/slaReportProfile"  	[MsgId: MERR-26612]
End auto log messages stack.	[MsgId: MMSG-10544]


Start auto log messages stack - Iteration 36.	[MsgId: MMSG-10545]
Action.c(351): web_custom_request("slaReportProfile_2") started  	[MsgId: MMSG-26355]
Action.c(351): web_custom_request("slaReportProfile_2") was successful, 966 body bytes, 467 header bytes, 12 chunking overhead bytes  	[MsgId: MMSG-26385]
Action.c(366): lr_think_time: 1,00 seconds.	[MsgId: MMSG-15948]
Action.c(367): Notify: Transaction "UC04_TR07_save_trend" ended with a "Pass" status (Duration: 1,0717 Think Time: 1,0059 Wasted Time: 0,0002).	[MsgId: MMSG-16870]
Action.c(376): Notify: Transaction "UC04_TR08_back_to_trends_page" started.	[MsgId: MMSG-16999]
Action.c(379): web_remove_auto_header("Origin") started  	[MsgId: MMSG-26355]
Action.c(379): Previous automatically added web header for "Origin" removed  	[MsgId: MMSG-26587]
Action.c(379): web_remove/revert_auto_header("Origin") was successful  	[MsgId: MMSG-26392]
Action.c(383): web_url("slaReportProfile_3") started  	[MsgId: MMSG-26355]
Action.c(383): Continuing after Error -26612: HTTP Status-Code=500 (Internal Server Error) for "https://dev-boomq.pflb.ru/test-srv/slaReportProfile"  	[MsgId: MERR-26612]
End auto log messages stack.	[MsgId: MMSG-10544]


