Virtual User Script started at: 30.08.2024 20:27:59
Starting action vuser_init.
Web Turbo Replay of LoadRunner 2021.0.0 for Windows 10; build 430 (Jan 05 2021 19:27:22)  	[MsgId: MMSG-26983]
Run mode: HTML  	[MsgId: MMSG-26993]
Replay user agent: Mozilla/5.0 (Windows NT 10.0; Win64; x64) AppleWebKit/537.36 (KHTML, like Gecko) Chrome/128.0.0.0 Safari/537.36  	[MsgId: MMSG-26988]
Runtime Settings file: "C:\Users\user\Documents\VuGen\Scripts\for performance testing\UC04\\default.cfg"  	[MsgId: MMSG-27141]
Ending action vuser_init.
Running Vuser...
Starting iteration 1.
Maximum number of concurrent connections per server: 6  	[MsgId: MMSG-26989]
Starting action Action.
Action.c(7): Notify: Transaction "UC04_TR01_login" started.
Action.c(10): web_set_sockets_option started  	[MsgId: MMSG-26355]
Action.c(10): web_set_sockets_option was successful  	[MsgId: MMSG-26392]
Action.c(12): web_add_header("Origin") started  	[MsgId: MMSG-26355]
Action.c(12): web_add_header("Origin") was successful  	[MsgId: MMSG-26392]
Action.c(15): web_add_auto_header("Sec-Fetch-Dest") started  	[MsgId: MMSG-26355]
Action.c(15): web_add_auto_header("Sec-Fetch-Dest") was successful  	[MsgId: MMSG-26392]
Action.c(18): web_add_auto_header("Sec-Fetch-Mode") started  	[MsgId: MMSG-26355]
Action.c(18): web_add_auto_header("Sec-Fetch-Mode") was successful  	[MsgId: MMSG-26392]
Action.c(21): web_add_auto_header("Sec-Fetch-Site") started  	[MsgId: MMSG-26355]
Action.c(21): web_add_auto_header("Sec-Fetch-Site") was successful  	[MsgId: MMSG-26392]
Action.c(24): web_add_header("X-Client-Date") started  	[MsgId: MMSG-26355]
Action.c(24): web_add_header("X-Client-Date") was successful  	[MsgId: MMSG-26392]
Action.c(27): web_add_auto_header("sec-ch-ua") started  	[MsgId: MMSG-26355]
Action.c(27): web_add_auto_header("sec-ch-ua") was successful  	[MsgId: MMSG-26392]
Action.c(30): web_add_auto_header("sec-ch-ua-mobile") started  	[MsgId: MMSG-26355]
Action.c(30): web_add_auto_header("sec-ch-ua-mobile") was successful  	[MsgId: MMSG-26392]
Action.c(33): web_add_auto_header("sec-ch-ua-platform") started  	[MsgId: MMSG-26355]
Action.c(33): web_add_auto_header("sec-ch-ua-platform") was successful  	[MsgId: MMSG-26392]
Action.c(37): web_set_max_html_param_len started  	[MsgId: MMSG-26355]
Action.c(37): web_set_max_html_param_len was successful  	[MsgId: MMSG-26392]
Action.c(38): web_reg_save_param started  	[MsgId: MMSG-26355]
Action.c(38): Registering web_reg_save_param was successful  	[MsgId: MMSG-26390]
Action.c(44): web_set_max_html_param_len started  	[MsgId: MMSG-26355]
Action.c(44): web_set_max_html_param_len was successful  	[MsgId: MMSG-26392]
Action.c(45): web_reg_save_param started  	[MsgId: MMSG-26355]
Action.c(45): Registering web_reg_save_param was successful  	[MsgId: MMSG-26390]
Action.c(50): web_submit_data("login") started  	[MsgId: MMSG-26355]
Action.c(50): web_submit_data("login") was successful, 0 body bytes, 1949 header bytes  	[MsgId: MMSG-26386]
Action.c(67): web_remove_auto_header("Origin") started  	[MsgId: MMSG-26355]
Action.c(67): Warning -26590: web_remove/revert_auto_header for "Origin" had no effect  	[MsgId: MWAR-26590]
Action.c(67): web_remove/revert_auto_header("Origin") highest severity level was "warning"  	[MsgId: MMSG-26391]
Action.c(70): web_add_auto_header("Authorization") started  	[MsgId: MMSG-26355]
Action.c(70): Warning -26593: The header being added may cause unpredictable results when applied to all ensuing URLs. It is added anyway  	[MsgId: MWAR-26593]
Action.c(70): web_add_auto_header("Authorization") highest severity level was "warning"  	[MsgId: MMSG-26391]
Action.c(72): web_add_cookie started  	[MsgId: MMSG-26355]
Action.c(72): web_add_cookie was successful  	[MsgId: MMSG-26392]
Action.c(75): web_url("modelSchema") started  	[MsgId: MMSG-26355]
Action.c(75): web_url("modelSchema") was successful, 66848 body bytes, 467 header bytes, 76 chunking overhead bytes  	[MsgId: MMSG-26385]
Action.c(85): web_url("user") started  	[MsgId: MMSG-26355]
Action.c(85): web_url("user") was successful, 167 body bytes, 532 header bytes, 11 chunking overhead bytes  	[MsgId: MMSG-26385]
Action.c(94): web_url("identityProvider") started  	[MsgId: MMSG-26355]
Action.c(94): web_url("identityProvider") was successful, 2 body bytes, 532 header bytes, 10 chunking overhead bytes  	[MsgId: MMSG-26385]
Action.c(103): web_url("14") started  	[MsgId: MMSG-26355]
Action.c(103): web_url("14") was successful, 289 body bytes, 532 header bytes, 12 chunking overhead bytes  	[MsgId: MMSG-26385]
Action.c(113): web_set_max_html_param_len started  	[MsgId: MMSG-26355]
Action.c(113): web_set_max_html_param_len was successful  	[MsgId: MMSG-26392]
Action.c(114): web_reg_save_param started  	[MsgId: MMSG-26355]
Action.c(114): Registering web_reg_save_param was successful  	[MsgId: MMSG-26390]
Action.c(120): web_set_max_html_param_len started  	[MsgId: MMSG-26355]
Action.c(120): web_set_max_html_param_len was successful  	[MsgId: MMSG-26392]
Action.c(121): web_reg_save_param started  	[MsgId: MMSG-26355]
Action.c(121): Registering web_reg_save_param was successful  	[MsgId: MMSG-26390]
Action.c(126): web_url("teamContext") started  	[MsgId: MMSG-26355]
Action.c(126): web_url("teamContext") was successful, 326 body bytes, 3050 header bytes, 12 chunking overhead bytes  	[MsgId: MMSG-26385]
Action.c(135): web_set_user started  	[MsgId: MMSG-26355]
Action.c(135): web_set_user was successful  	[MsgId: MMSG-26392]
Action.c(139): web_remove_auto_header("Origin") started  	[MsgId: MMSG-26355]
Action.c(139): Warning -26590: web_remove/revert_auto_header for "Origin" had no effect  	[MsgId: MWAR-26590]
Action.c(139): web_remove/revert_auto_header("Origin") highest severity level was "warning"  	[MsgId: MMSG-26391]
Action.c(142): web_add_auto_header("Authorization") started  	[MsgId: MMSG-26355]
Action.c(142): Warning -26593: The header being added may cause unpredictable results when applied to all ensuing URLs. It is added anyway  	[MsgId: MWAR-26593]
Action.c(142): web_add_auto_header("Authorization") highest severity level was "warning"  	[MsgId: MMSG-26391]
Action.c(144): web_add_cookie started  	[MsgId: MMSG-26355]
Action.c(144): web_add_cookie was successful  	[MsgId: MMSG-26392]
Action.c(146): web_url("testRunner") started  	[MsgId: MMSG-26355]
Action.c(146): web_url("testRunner") was successful, 531 body bytes, 378 header bytes, 12 chunking overhead bytes  	[MsgId: MMSG-26385]
Action.c(156): lr_think_time: 3,00 seconds.
Action.c(157): Notify: Transaction "UC04_TR01_login" ended with a "Pass" status (Duration: 4,2724 Think Time: 3,0084 Wasted Time: 0,0809).
Action.c(166): Notify: Transaction "UC04_TR02_trend_page" started.
Action.c(169): web_url("slaReportProfile") started  	[MsgId: MMSG-26355]
Action.c(169): web_url("slaReportProfile") was successful, 9669 body bytes, 467 header bytes, 20 chunking overhead bytes  	[MsgId: MMSG-26385]
Action.c(179): lr_think_time: 3,00 seconds.
Action.c(180): Notify: Transaction "UC04_TR02_trend_page" ended with a "Pass" status (Duration: 3,1154 Think Time: 3,0054 Wasted Time: 0,0041).
Action.c(189): Notify: Transaction "UC04_TR03_click_new_report" started.
Action.c(192): web_url("project") started  	[MsgId: MMSG-26355]
Action.c(192): web_url("project") was successful, 278122 body bytes, 467 header bytes, 118 chunking overhead bytes  	[MsgId: MMSG-26385]
Action.c(202): lr_think_time: 3,00 seconds.
Action.c(203): Notify: Transaction "UC04_TR03_click_new_report" ended with a "Pass" status (Duration: 3,5038 Think Time: 3,0142 Wasted Time: 0,0071).
Action.c(212): Notify: Transaction "UC04_TR04_fill_data" started.
Action.c(215): web_url("test") started  	[MsgId: MMSG-26355]
Action.c(215): web_url("test") was successful, 87356 body bytes, 467 header bytes, 100 chunking overhead bytes  	[MsgId: MMSG-26385]
Action.c(224): web_add_auto_header("Origin") started  	[MsgId: MMSG-26355]
Action.c(224): web_add_auto_header("Origin") was successful  	[MsgId: MMSG-26392]
Action.c(229): web_custom_request("slaTypeList") started  	[MsgId: MMSG-26355]
Action.c(229): web_custom_request("slaTypeList") was successful, 208 body bytes, 467 header bytes, 11 chunking overhead bytes  	[MsgId: MMSG-26385]
Action.c(241): web_custom_request("previewReport") started  	[MsgId: MMSG-26355]
Action.c(241): web_custom_request("previewReport") was successful, 888 body bytes, 467 header bytes, 12 chunking overhead bytes  	[MsgId: MMSG-26385]
Action.c(253): lr_think_time: 3,00 seconds.
Action.c(254): Notify: Transaction "UC04_TR04_fill_data" ended with a "Pass" status (Duration: 3,3514 Think Time: 3,0062 Wasted Time: 0,0078).
Action.c(263): Notify: Transaction "UC04_TR05_fill_data_graph_table" started.
Action.c(266): web_custom_request("previewReport_2") started  	[MsgId: MMSG-26355]
Action.c(266): web_custom_request("previewReport_2") was successful, 1387 body bytes, 467 header bytes, 12 chunking overhead bytes  	[MsgId: MMSG-26385]
Action.c(278): web_custom_request("previewReport_3") started  	[MsgId: MMSG-26355]
Action.c(278): web_custom_request("previewReport_3") was successful, 1833 body bytes, 467 header bytes, 12 chunking overhead bytes  	[MsgId: MMSG-26385]
Action.c(292): web_custom_request("previewReport_4") started  	[MsgId: MMSG-26355]
Action.c(292): web_custom_request("previewReport_4") was successful, 1628 body bytes, 467 header bytes, 12 chunking overhead bytes  	[MsgId: MMSG-26385]
Action.c(304): web_custom_request("previewReport_5") started  	[MsgId: MMSG-26355]
Action.c(304): web_custom_request("previewReport_5") was successful, 2230 body bytes, 467 header bytes, 12 chunking overhead bytes  	[MsgId: MMSG-26385]
Action.c(317): lr_think_time: 3,00 seconds.
Action.c(318): Notify: Transaction "UC04_TR05_fill_data_graph_table" ended with a "Pass" status (Duration: 3,2642 Think Time: 3,0121 Wasted Time: 0,0137).
Action.c(327): Notify: Transaction "UC04_TR06_change_name" started.
Action.c(330): Notify: Transaction "UC04_TR06_change_name" ended with a "Pass" status (Duration: 0,0157).
Action.c(339): Notify: Transaction "UC04_TR07_save_trend" started.
Action.c(344): web_reg_save_param_json started  	[MsgId: MMSG-26355]
Action.c(344): Registering web_reg_save_param_json was successful  	[MsgId: MMSG-26390]
Action.c(351): web_custom_request("slaReportProfile_2") started  	[MsgId: MMSG-26355]
Action.c(351): web_custom_request("slaReportProfile_2") was successful, 966 body bytes, 467 header bytes, 12 chunking overhead bytes  	[MsgId: MMSG-26385]
Action.c(366): lr_think_time: 3,00 seconds.
Action.c(367): Notify: Transaction "UC04_TR07_save_trend" ended with a "Pass" status (Duration: 3,1600 Think Time: 3,0034 Wasted Time: 0,0034).
Action.c(376): Notify: Transaction "UC04_TR08_back_to_trends_page" started.
Action.c(379): web_remove_auto_header("Origin") started  	[MsgId: MMSG-26355]
Action.c(379): Previous automatically added web header for "Origin" removed  	[MsgId: MMSG-26587]
Action.c(379): web_remove/revert_auto_header("Origin") was successful  	[MsgId: MMSG-26392]
Action.c(383): web_url("slaReportProfile_3") started  	[MsgId: MMSG-26355]
Action.c(383): web_url("slaReportProfile_3") was successful, 10636 body bytes, 467 header bytes, 13 chunking overhead bytes  	[MsgId: MMSG-26385]
Action.c(393): lr_think_time: 3,00 seconds.
Action.c(394): Notify: Transaction "UC04_TR08_back_to_trends_page" ended with a "Pass" status (Duration: 3,1347 Think Time: 3,0112 Wasted Time: 0,0028).
Action.c(404): Notify: Transaction "UC04_TR09_pick_created_trend" started.
Action.c(407): web_url("2884") started  	[MsgId: MMSG-26355]
Action.c(407): web_url("2884") was successful, 966 body bytes, 467 header bytes, 12 chunking overhead bytes  	[MsgId: MMSG-26385]
Action.c(416): web_add_auto_header("Origin") started  	[MsgId: MMSG-26355]
Action.c(416): web_add_auto_header("Origin") was successful  	[MsgId: MMSG-26392]
Action.c(419): web_custom_request("previewReport_6") started  	[MsgId: MMSG-26355]
Action.c(419): web_custom_request("previewReport_6") was successful, 3267 body bytes, 467 header bytes, 12 chunking overhead bytes  	[MsgId: MMSG-26385]
Action.c(433): web_custom_request("slaTypeList_2") started  	[MsgId: MMSG-26355]
Action.c(433): web_custom_request("slaTypeList_2") was successful, 208 body bytes, 467 header bytes, 11 chunking overhead bytes  	[MsgId: MMSG-26385]
Action.c(445): web_remove_auto_header("Origin") started  	[MsgId: MMSG-26355]
Action.c(445): Previous automatically added web header for "Origin" removed  	[MsgId: MMSG-26587]
Action.c(445): web_remove/revert_auto_header("Origin") was successful  	[MsgId: MMSG-26392]
Action.c(447): web_url("project_2") started  	[MsgId: MMSG-26355]
Action.c(447): web_url("project_2") was successful, 279514 body bytes, 467 header bytes, 284 chunking overhead bytes  	[MsgId: MMSG-26385]
Action.c(456): web_add_header("Origin") started  	[MsgId: MMSG-26355]
Action.c(456): web_add_header("Origin") was successful  	[MsgId: MMSG-26392]
Action.c(459): web_custom_request("previewReport_7") started  	[MsgId: MMSG-26355]
Action.c(459): web_custom_request("previewReport_7") was successful, 3267 body bytes, 467 header bytes, 12 chunking overhead bytes  	[MsgId: MMSG-26385]
Action.c(473): web_url("test_2") started  	[MsgId: MMSG-26355]
Action.c(473): web_url("test_2") was successful, 87356 body bytes, 467 header bytes, 100 chunking overhead bytes  	[MsgId: MMSG-26385]
Action.c(483): lr_think_time: 6,00 seconds.
Action.c(484): Notify: Transaction "UC04_TR09_pick_created_trend" ended with a "Pass" status (Duration: 7,1186 Think Time: 6,0032 Wasted Time: 0,0222).
Ending action Action.
Ending iteration 1.
Ending Vuser...
Starting action vuser_end.
Ending action vuser_end.
Vuser Terminated.
