Start auto log messages stack - Iteration 5.	[MsgId: MMSG-10545]
Action.c(213): Notify: Transaction "UC031_TR01_sign_in" ended with a "Pass" status (Duration: 0,7972 Wasted Time: 0,0000).	[MsgId: MMSG-16871]
Action.c(215): Notify: Transaction "UC031_TR02_choose_test_runs" started.	[MsgId: MMSG-16999]
Action.c(217): web_add_header("Priority") started  	[MsgId: MMSG-26355]
Action.c(217): web_add_header("Priority") was successful  	[MsgId: MMSG-26392]
Action.c(221): web_add_header("Authorization") started  	[MsgId: MMSG-26355]
Action.c(221): Warning -26594: The header being added may cause unpredictable results if applied to ALL the URLs generated on behalf of the next script function. It will apply to the primary URL only.  	[MsgId: MWAR-26594]
Action.c(221): web_add_header("Authorization") highest severity level was "warning"  	[MsgId: MMSG-26391]
Action.c(222): web_url("project") started  	[MsgId: MMSG-26355]
Action.c(222): Continuing after Error -27721: Step download timeout (120 seconds) has expired when downloading resource "https://dev-boomq.pflb.ru/project-srv/project?sort=lastModified,desc&size=999"  	[MsgId: MERR-27721]
End auto log messages stack.	[MsgId: MMSG-10544]


Start auto log messages stack - Iteration 5.	[MsgId: MMSG-10545]
Action.c(243): web_add_header("Authorization") highest severity level was "warning"  	[MsgId: MMSG-26391]
Action.c(244): web_url("user_2") started  	[MsgId: MMSG-26355]
Action.c(244): web_url("user_2") was successful, 2113 body bytes, 467 header bytes, 12 chunking overhead bytes  	[MsgId: MMSG-26385]
Action.c(254): web_add_header("Authorization") started  	[MsgId: MMSG-26355]
Action.c(254): Warning -26594: The header being added may cause unpredictable results if applied to ALL the URLs generated on behalf of the next script function. It will apply to the primary URL only.  	[MsgId: MWAR-26594]
Action.c(254): web_add_header("Authorization") highest severity level was "warning"  	[MsgId: MMSG-26391]
Action.c(255): web_url("test") started  	[MsgId: MMSG-26355]
Action.c(255): Continuing after Error -26612: HTTP Status-Code=500 (Internal Server Error) for "https://dev-boomq.pflb.ru/test-srv/test?sort=createDate,desc&displayState=INITIALIZATION,WAITING,RUNNING,TEST_STOPPING"  	[MsgId: MERR-26612]
End auto log messages stack.	[MsgId: MMSG-10544]


Start auto log messages stack - Iteration 5.	[MsgId: MMSG-10545]
Action.c(273): web_reg_save_param_json started  	[MsgId: MMSG-26355]
Action.c(273): Registering web_reg_save_param_json was successful  	[MsgId: MMSG-26390]
Action.c(280): web_url("test_2") started  	[MsgId: MMSG-26355]
Action.c(280): Downloading resource "https://dev-boomq.pflb.ru/static/media/message.09d91ef8f7769e72000af31b00da82e2.svg" (specified by argument number 10)  	[MsgId: MMSG-26577]
Action.c(280): Downloading resource "https://dev-boomq.pflb.ru/static/media/load.287cb7234e668cd66173833db04886bf.svg" (specified by argument number 13)  	[MsgId: MMSG-26577]
Action.c(280): Downloading resource "https://dev-boomq.pflb.ru/static/media/time.0a39ea6cf097a189ea08f0e8e59fe026.svg" (specified by argument number 16)  	[MsgId: MMSG-26577]
Action.c(280): Continuing after Error -26612: HTTP Status-Code=500 (Internal Server Error) for "https://dev-boomq.pflb.ru/test-srv/test?sort=createDate,desc&page=0&size=7"  	[MsgId: MERR-26612]
Action.c(280): Continuing after Error -35060: No matches were found for the specified query: "$.content[0].testProjectId"  	[MsgId: MERR-35060]
Action.c(280): Continuing after Error -35060: No matches were found for the specified query: "$.content[0].id"  	[MsgId: MERR-35060]
End auto log messages stack.	[MsgId: MMSG-10544]


Start auto log messages stack - Iteration 1.	[MsgId: MMSG-10545]
Action.c(97): web_submit_data("login") was successful, 4045 body bytes, 2224 header bytes  	[MsgId: MMSG-26386]
Action.c(113): web_remove_auto_header("Origin") started  	[MsgId: MMSG-26355]
Action.c(113): Previous automatically added web header for "Origin" removed  	[MsgId: MMSG-26587]
Action.c(113): web_remove/revert_auto_header("Origin") was successful  	[MsgId: MMSG-26392]
Action.c(119): web_url("config.json") started  	[MsgId: MMSG-26355]
Action.c(119): web_url("config.json") was successful, 285 body bytes, 281 header bytes  	[MsgId: MMSG-26386]
Action.c(129): web_url("modelSchema") started  	[MsgId: MMSG-26355]
Action.c(129): Continuing after Error -27721: Step download timeout (120 seconds) has expired when downloading resource "https://dev-boomq.pflb.ru/project-srv/modelSchema"  	[MsgId: MERR-27721]
End auto log messages stack.	[MsgId: MMSG-10544]


Start auto log messages stack - Iteration 5.	[MsgId: MMSG-10545]
Action.c(297): Notify: Transaction "UC031_TR03_choose_test_runs" started.	[MsgId: MMSG-16999]
Action.c(299): web_add_auto_header("Priority") started  	[MsgId: MMSG-26355]
Action.c(299): web_add_auto_header("Priority") was successful  	[MsgId: MMSG-26392]
Action.c(302): web_add_header("Authorization") started  	[MsgId: MMSG-26355]
Action.c(302): Warning -26594: The header being added may cause unpredictable results if applied to ALL the URLs generated on behalf of the next script function. It will apply to the primary URL only.  	[MsgId: MWAR-26594]
Action.c(302): web_add_header("Authorization") highest severity level was "warning"  	[MsgId: MMSG-26391]
Action.c(303): web_url("25413") started  	[MsgId: MMSG-26355]
Action.c(303): Continuing after Error -27721: Step download timeout (120 seconds) has expired when downloading resource "https://dev-boomq.pflb.ru/project-srv/project/"  	[MsgId: MERR-27721]
End auto log messages stack.	[MsgId: MMSG-10544]


Start auto log messages stack - Iteration 5.	[MsgId: MMSG-10545]
Action.c(303): Aborting pending download of URL="https://dev-boomq.pflb.ru/project-srv/project/" (RelFrameId=1, Internal ID=275)  	[MsgId: MMSG-27649]
Action.c(303): web_url("25413") highest severity level was "continue on error", 0 body bytes, 0 header bytes  	[MsgId: MMSG-26388]
Action.c(303): Continuing after error in Vuser script.	[MsgId: MMSG-10678]
Action.c(314): web_add_header("Authorization") started  	[MsgId: MMSG-26355]
Action.c(314): Warning -26594: The header being added may cause unpredictable results if applied to ALL the URLs generated on behalf of the next script function. It will apply to the primary URL only.  	[MsgId: MWAR-26594]
Action.c(314): web_add_header("Authorization") highest severity level was "warning"  	[MsgId: MMSG-26391]
Action.c(315): web_url("{id}") started  	[MsgId: MMSG-26355]
Action.c(315): Continuing after Error -26612: HTTP Status-Code=500 (Internal Server Error) for "https://dev-boomq.pflb.ru/test-srv/test/"  	[MsgId: MERR-26612]
End auto log messages stack.	[MsgId: MMSG-10544]


Start auto log messages stack - Iteration 5.	[MsgId: MMSG-10545]
Action.c(325): web_remove_auto_header("Priority") started  	[MsgId: MMSG-26355]
Action.c(325): Previous automatically added web header for "Priority" removed  	[MsgId: MMSG-26587]
Action.c(325): web_remove/revert_auto_header("Priority") was successful  	[MsgId: MMSG-26392]
Action.c(328): web_add_header("Authorization") started  	[MsgId: MMSG-26355]
Action.c(328): Warning -26594: The header being added may cause unpredictable results if applied to ALL the URLs generated on behalf of the next script function. It will apply to the primary URL only.  	[MsgId: MWAR-26594]
Action.c(328): web_add_header("Authorization") highest severity level was "warning"  	[MsgId: MMSG-26391]
Action.c(330): web_url("testMetric") started  	[MsgId: MMSG-26355]
Action.c(330): Continuing after Error -26631: HTTP Status-Code=400 (Bad Request) for "https://dev-boomq.pflb.ru/timescale-srv/testMetric?testId=&testStartDate=2024-08-30T13:50:49.608Z&testEndDate=2024-08-30T14:50:49.608Z"  	[MsgId: MERR-26631]
End auto log messages stack.	[MsgId: MMSG-10544]


Start auto log messages stack - Iteration 5.	[MsgId: MMSG-10545]
Action.c(423): web_url("{id}_2") started  	[MsgId: MMSG-26355]
Action.c(423): Resource "https://dev-boomq.pflb.ru/grafana/public/build/grafana.dark.886efb710af4d17a895d.css" is in the cache already and will not be downloaded again  	[MsgId: MMSG-26655]
Action.c(423): Resource "https://dev-boomq.pflb.ru/grafana/public/build/runtime.592ab1f875d183fcac07.js" is in the cache already and will not be downloaded again  	[MsgId: MMSG-26655]
Action.c(423): Resource "https://dev-boomq.pflb.ru/grafana/public/build/1537.caf8c5d1430033307ef5.js" is in the cache already and will not be downloaded again  	[MsgId: MMSG-26655]
Action.c(423): Resource "https://dev-boomq.pflb.ru/grafana/public/build/147.73fef960675c84aa9a84.js" is in the cache already and will not be downloaded again  	[MsgId: MMSG-26655]
Action.c(423): Continuing after Error -26612: HTTP Status-Code=500 (Internal Server Error) for "https://dev-boomq.pflb.ru/test-srv/test/"  	[MsgId: MERR-26612]
End auto log messages stack.	[MsgId: MMSG-10544]


Start auto log messages stack - Iteration 5.	[MsgId: MMSG-10545]
Action.c(440): Downloading resource "https://dev-boomq.pflb.ru/grafana/public/build/3069.c3a514d280a9f89eecde.js" (specified by argument number 64)  	[MsgId: MMSG-26577]
Action.c(440): Downloading resource "https://dev-boomq.pflb.ru/grafana/public/build/3312.48d5fac3b02144f52e9a.js" (specified by argument number 67)  	[MsgId: MMSG-26577]
Action.c(440): Downloading resource "https://dev-boomq.pflb.ru/grafana/public/fonts/fontawesome-webfont.woff2?v=4.7.0" (specified by argument number 70)  	[MsgId: MMSG-26577]
Action.c(440): Downloading resource "https://dev-boomq.pflb.ru/grafana/public/build/DashboardPage.47d249f8c940b079c4b5.js" (specified by argument number 73)  	[MsgId: MMSG-26577]
Action.c(440): Continuing after Error -26631: HTTP Status-Code=400 (Bad Request) for "https://dev-boomq.pflb.ru/timescale-srv/testMetric?testId=&testStartDate=2024-08-30T13:50:49.608Z&testEndDate=2024-08-30T14:50:49.608Z"  	[MsgId: MERR-26631]
End auto log messages stack.	[MsgId: MMSG-10544]


Start auto log messages stack - Iteration 1.	[MsgId: MMSG-10545]
Action.c(215): Notify: Transaction "UC031_TR02_choose_test_runs" started.	[MsgId: MMSG-16999]
Action.c(217): web_add_header("Priority") started  	[MsgId: MMSG-26355]
Action.c(217): web_add_header("Priority") was successful  	[MsgId: MMSG-26392]
Action.c(221): web_add_header("Authorization") started  	[MsgId: MMSG-26355]
Action.c(221): Warning -26594: The header being added may cause unpredictable results if applied to ALL the URLs generated on behalf of the next script function. It will apply to the primary URL only.  	[MsgId: MWAR-26594]
Action.c(221): web_add_header("Authorization") highest severity level was "warning"  	[MsgId: MMSG-26391]
Action.c(222): web_url("project") started  	[MsgId: MMSG-26355]
Action.c(222): Continuing after Error -27721: Step download timeout (120 seconds) has expired when downloading resource "https://dev-boomq.pflb.ru/project-srv/project?sort=lastModified,desc&size=999"  	[MsgId: MERR-27721]
End auto log messages stack.	[MsgId: MMSG-10544]


Start auto log messages stack - Iteration 1.	[MsgId: MMSG-10545]
Action.c(243): web_add_header("Authorization") highest severity level was "warning"  	[MsgId: MMSG-26391]
Action.c(244): web_url("user_2") started  	[MsgId: MMSG-26355]
Action.c(244): web_url("user_2") was successful, 2113 body bytes, 467 header bytes, 12 chunking overhead bytes  	[MsgId: MMSG-26385]
Action.c(254): web_add_header("Authorization") started  	[MsgId: MMSG-26355]
Action.c(254): Warning -26594: The header being added may cause unpredictable results if applied to ALL the URLs generated on behalf of the next script function. It will apply to the primary URL only.  	[MsgId: MWAR-26594]
Action.c(254): web_add_header("Authorization") highest severity level was "warning"  	[MsgId: MMSG-26391]
Action.c(255): web_url("test") started  	[MsgId: MMSG-26355]
Action.c(255): Continuing after Error -26612: HTTP Status-Code=500 (Internal Server Error) for "https://dev-boomq.pflb.ru/test-srv/test?sort=createDate,desc&displayState=INITIALIZATION,WAITING,RUNNING,TEST_STOPPING"  	[MsgId: MERR-26612]
End auto log messages stack.	[MsgId: MMSG-10544]


Start auto log messages stack - Iteration 1.	[MsgId: MMSG-10545]
Action.c(273): web_reg_save_param_json started  	[MsgId: MMSG-26355]
Action.c(273): Registering web_reg_save_param_json was successful  	[MsgId: MMSG-26390]
Action.c(280): web_url("test_2") started  	[MsgId: MMSG-26355]
Action.c(280): Downloading resource "https://dev-boomq.pflb.ru/static/media/message.09d91ef8f7769e72000af31b00da82e2.svg" (specified by argument number 10)  	[MsgId: MMSG-26577]
Action.c(280): Downloading resource "https://dev-boomq.pflb.ru/static/media/load.287cb7234e668cd66173833db04886bf.svg" (specified by argument number 13)  	[MsgId: MMSG-26577]
Action.c(280): Downloading resource "https://dev-boomq.pflb.ru/static/media/time.0a39ea6cf097a189ea08f0e8e59fe026.svg" (specified by argument number 16)  	[MsgId: MMSG-26577]
Action.c(280): Continuing after Error -26612: HTTP Status-Code=500 (Internal Server Error) for "https://dev-boomq.pflb.ru/test-srv/test?sort=createDate,desc&page=0&size=7"  	[MsgId: MERR-26612]
Action.c(280): Continuing after Error -35060: No matches were found for the specified query: "$.content[0].testProjectId"  	[MsgId: MERR-35060]
Action.c(280): Continuing after Error -35060: No matches were found for the specified query: "$.content[0].id"  	[MsgId: MERR-35060]
End auto log messages stack.	[MsgId: MMSG-10544]


Start auto log messages stack - Iteration 1.	[MsgId: MMSG-10545]
Action.c(97): web_submit_data("login") was successful, 4045 body bytes, 2224 header bytes  	[MsgId: MMSG-26386]
Action.c(113): web_remove_auto_header("Origin") started  	[MsgId: MMSG-26355]
Action.c(113): Previous automatically added web header for "Origin" removed  	[MsgId: MMSG-26587]
Action.c(113): web_remove/revert_auto_header("Origin") was successful  	[MsgId: MMSG-26392]
Action.c(119): web_url("config.json") started  	[MsgId: MMSG-26355]
Action.c(119): web_url("config.json") was successful, 285 body bytes, 281 header bytes  	[MsgId: MMSG-26386]
Action.c(129): web_url("modelSchema") started  	[MsgId: MMSG-26355]
Action.c(129): Continuing after Error -27721: Step download timeout (120 seconds) has expired when downloading resource "https://dev-boomq.pflb.ru/project-srv/modelSchema"  	[MsgId: MERR-27721]
End auto log messages stack.	[MsgId: MMSG-10544]


Start auto log messages stack - Iteration 6.	[MsgId: MMSG-10545]
Action.c(97): web_submit_data("login") was successful, 4045 body bytes, 2224 header bytes  	[MsgId: MMSG-26386]
Action.c(113): web_remove_auto_header("Origin") started  	[MsgId: MMSG-26355]
Action.c(113): Previous automatically added web header for "Origin" removed  	[MsgId: MMSG-26587]
Action.c(113): web_remove/revert_auto_header("Origin") was successful  	[MsgId: MMSG-26392]
Action.c(119): web_url("config.json") started  	[MsgId: MMSG-26355]
Action.c(119): web_url("config.json") was successful, 285 body bytes, 281 header bytes  	[MsgId: MMSG-26386]
Action.c(129): web_url("modelSchema") started  	[MsgId: MMSG-26355]
Action.c(129): Continuing after Error -27721: Step download timeout (120 seconds) has expired when downloading resource "https://dev-boomq.pflb.ru/project-srv/modelSchema"  	[MsgId: MERR-27721]
End auto log messages stack.	[MsgId: MMSG-10544]


